#
# There is insufficient memory for the Java Runtime Environment to continue.
# Native memory allocation (malloc) failed to allocate 1152336 bytes for Chunk::new
# Possible reasons:
#   The system is out of physical RAM or swap space
#   In 32 bit mode, the process size limit was hit
# Possible solutions:
#   Reduce memory load on the system
#   Increase physical memory or swap space
#   Check if swap backing store is full
#   Use 64 bit Java on a 64 bit OS
#   Decrease Java heap size (-Xmx/-Xms)
#   Decrease number of Java threads
#   Decrease Java thread stack sizes (-Xss)
#   Set larger code cache with -XX:ReservedCodeCacheSize=
# This output file may be truncated or incomplete.
#
#  Out of Memory Error (allocation.cpp:390), pid=764, tid=0x00000000000013e0
#
# JRE version: OpenJDK Runtime Environment (8.0_152-b02) (build 1.8.0_152-release-1024-b02)
# Java VM: OpenJDK 64-Bit Server VM (25.152-b02 mixed mode windows-amd64 compressed oops)
# Failed to write core dump. Minidumps are not enabled by default on client versions of Windows
#

---------------  T H R E A D  ---------------

Current thread (0x0000000018807000):  JavaThread "C2 CompilerThread0" daemon [_thread_in_native, id=5088, stack(0x0000000019e50000,0x0000000019f50000)]

Stack: [0x0000000019e50000,0x0000000019f50000]
[error occurred during error reporting (printing stack bounds), id 0xc0000005]

Native frames: (J=compiled Java code, j=interpreted, Vv=VM code, C=native code)


Current CompileTask:
C2: 343794 13417       4       com.sun.beans.TypeResolver::resolve (37 bytes)


---------------  P R O C E S S  ---------------

Java Threads: ( => current thread )
  0x000000001dbfb000 JavaThread "Cache worker for Artifact transforms cache (C:\Users\Kent\.gradle\caches\transforms-1)" [_thread_blocked, id=8364, stack(0x000000002fbc0000,0x000000002fcc0000)]
  0x000000001dbfa000 JavaThread "Cache worker for file hash cache (C:\Users\Kent\AndroidStudioProjects\HyperDeals\.gradle\4.4\fileHashes)" [_thread_blocked, id=1360, stack(0x000000002fac0000,0x000000002fbc0000)]
  0x000000001dbf9800 JavaThread "Stdin handler" [_thread_blocked, id=8940, stack(0x000000002f9c0000,0x000000002fac0000)]
  0x000000001dbf8800 JavaThread "Asynchronous log dispatcher for DefaultDaemonConnection: socket connection from /127.0.0.1:52870 to /127.0.0.1:52913" [_thread_blocked, id=6416, stack(0x000000002f8c0000,0x000000002f9c0000)]
  0x000000001dbf7000 JavaThread "Daemon worker Thread 2" [_thread_in_native, id=6092, stack(0x000000002f7c0000,0x000000002f8c0000)]
  0x000000001dbf6000 JavaThread "Cancel handler" [_thread_blocked, id=168, stack(0x000000002f6c0000,0x000000002f7c0000)]
  0x000000001dbf8000 JavaThread "Handler for socket connection from /127.0.0.1:52870 to /127.0.0.1:52913" [_thread_in_native, id=5768, stack(0x000000002f5c0000,0x000000002f6c0000)]
  0x000000001dbf5800 JavaThread "Daemon Thread 2" [_thread_blocked, id=4608, stack(0x000000002f4c0000,0x000000002f5c0000)]
  0x0000000021457000 JavaThread "Memory manager" [_thread_blocked, id=8360, stack(0x0000000022e60000,0x0000000022f60000)]
  0x000000001ba01000 JavaThread "File lock request listener" [_thread_in_native, id=1420, stack(0x000000001d2a0000,0x000000001d3a0000)]
  0x000000001ba07000 JavaThread "Cache worker for file hash cache (C:\Users\Kent\.gradle\caches\4.4\fileHashes)" [_thread_blocked, id=2440, stack(0x000000001d1a0000,0x000000001d2a0000)]
  0x000000001b7e0800 JavaThread "Daemon periodic checks" [_thread_blocked, id=4324, stack(0x000000001c6a0000,0x000000001c7a0000)]
  0x000000001b783000 JavaThread "Incoming local TCP Connector on port 52870" [_thread_in_native, id=7560, stack(0x000000001c460000,0x000000001c560000)]
  0x000000001a178800 JavaThread "Service Thread" daemon [_thread_blocked, id=3096, stack(0x000000001a550000,0x000000001a650000)]
  0x000000001881a800 JavaThread "C1 CompilerThread2" daemon [_thread_in_vm, id=8868, stack(0x000000001a050000,0x000000001a150000)]
  0x000000001880c000 JavaThread "C2 CompilerThread1" daemon [_thread_in_native, id=8568, stack(0x0000000019f50000,0x000000001a050000)]
=>0x0000000018807000 JavaThread "C2 CompilerThread0" daemon [_thread_in_native, id=5088, stack(0x0000000019e50000,0x0000000019f50000)]
  0x0000000018814800 JavaThread "Attach Listener" daemon [_thread_blocked, id=8880, stack(0x0000000019d50000,0x0000000019e50000)]
  0x0000000018813000 JavaThread "Signal Dispatcher" daemon [_thread_blocked, id=3404, stack(0x0000000019c50000,0x0000000019d50000)]
  0x00000000187f8800 JavaThread "Finalizer" daemon [_thread_blocked, id=2356, stack(0x0000000019a60000,0x0000000019b60000)]
  0x00000000187d7000 JavaThread "Reference Handler" daemon [_thread_blocked, id=8172, stack(0x0000000019960000,0x0000000019a60000)]
  0x0000000004da2800 JavaThread "main" [_thread_blocked, id=3148, stack(0x0000000004c50000,0x0000000004d50000)]

Other Threads:
  0x00000000187d4000 VMThread [stack: 0x0000000019860000,0x0000000019960000] [id=5800]
  0x000000001886c000 WatcherThread [stack: 0x000000001a650000,0x000000001a750000] [id=4328]

VM state:not at safepoint (normal execution)

VM Mutex/Monitor currently owned by a thread:  ([mutex/lock_event])
[0x0000000004d9bd20] CodeCache_lock - owner thread: 0x000000001881a800
[0x0000000004da0150] Compile_lock - owner thread: 0x000000001881a800
[0x0000000004da15d0] MethodCompileQueue_lock - owner thread: 0x0000000000000000

Heap:
 PSYoungGen      total 443904K, used 384861K [0x00000000e0000000, 0x00000000fc380000, 0x0000000100000000)
  eden space 425472K, 89% used [0x00000000e0000000,0x00000000f754e1b0,0x00000000f9f80000)
  from space 18432K, 14% used [0x00000000f9f80000,0x00000000fa209448,0x00000000fb180000)
  to   space 12800K, 0% used [0x00000000fb700000,0x00000000fb700000,0x00000000fc380000)
 ParOldGen       total 83456K, used 67058K [0x00000000a0000000, 0x00000000a5180000, 0x00000000e0000000)
  object space 83456K, 80% used [0x00000000a0000000,0x00000000a417c920,0x00000000a5180000)
 Metaspace       used 75574K, capacity 78978K, committed 79232K, reserved 1118208K
  class space    used 10047K, capacity 10771K, committed 10880K, reserved 1048576K

Card table byte_map: [0x0000000014260000,0x0000000014570000] byte_map_base: 0x0000000013d60000

Marking Bits: (ParMarkBitMap*) 0x0000000062bb4970
 Begin Bits: [0x0000000014b70000, 0x0000000016370000)
 End Bits:   [0x0000000016370000, 0x0000000017b70000)

Polling page: 0x0000000003030000

CodeCache: size=245760Kb used=35194Kb max_used=35632Kb free=210565Kb
 bounds [0x0000000004ea0000, 0x00000000071d0000, 0x0000000013ea0000]
 total_blobs=11936 nmethods=11125 adapters=723
 compilation: enabled

Compilation events (10 events):
Event: 343.330 Thread 0x000000001881a800 13457       1       org.gradle.cache.internal.DefaultFileLockManager::access$200 (5 bytes)
Event: 343.330 Thread 0x000000001881a800 nmethod 13457 0x00000000057f7510 code [0x00000000057f7660, 0x00000000057f7750]
Event: 343.335 Thread 0x000000001881a800 13458       3       org.gradle.api.internal.artifacts.ivyservice.modulecache.DefaultModuleMetaDataCache$1::create (5 bytes)
Event: 343.335 Thread 0x000000001881a800 nmethod 13458 0x00000000057f7110 code [0x00000000057f7280, 0x00000000057f7428]
Event: 343.378 Thread 0x000000001881a800 13459       3       org.gradle.api.internal.artifacts.ivyservice.modulecache.DefaultModuleMetaDataCache$RevisionKeySerializer::write (10 bytes)
Event: 343.379 Thread 0x000000001881a800 nmethod 13459 0x0000000005eb7350 code [0x0000000005eb74e0, 0x0000000005eb7918]
Event: 343.379 Thread 0x000000001881a800 13460       3       org.gradle.api.internal.artifacts.ivyservice.modulecache.DefaultModuleMetaDataCache$RevisionKeySerializer::write (23 bytes)
Event: 343.379 Thread 0x000000001881a800 nmethod 13460 0x0000000006157110 code [0x00000000061572a0, 0x0000000006157598]
Event: 343.379 Thread 0x000000001881a800 13461       3       org.gradle.api.internal.artifacts.ivyservice.modulecache.ModuleMetadataCacheEntrySerializer::read (6 bytes)
Event: 343.379 Thread 0x000000001881a800 nmethod 13461 0x000000000659a490 code [0x000000000659a600, 0x000000000659a7a8]

GC Heap History (10 events):
Event: 53.873 GC heap before
{Heap before GC invocations=26 (full 3):
 PSYoungGen      total 312832K, used 297104K [0x00000000e0000000, 0x00000000f4600000, 0x0000000100000000)
  eden space 294912K, 100% used [0x00000000e0000000,0x00000000f2000000,0x00000000f2000000)
  from space 17920K, 12% used [0x00000000f3480000,0x00000000f36a4020,0x00000000f4600000)
  to   space 19456K, 0% used [0x00000000f2000000,0x00000000f2000000,0x00000000f3300000)
 ParOldGen       total 83456K, used 63158K [0x00000000a0000000, 0x00000000a5180000, 0x00000000e0000000)
  object space 83456K, 75% used [0x00000000a0000000,0x00000000a3dad8c8,0x00000000a5180000)
 Metaspace       used 68851K, capacity 71394K, committed 71552K, reserved 1112064K
  class space    used 9232K, capacity 9760K, committed 9856K, reserved 1048576K
Event: 53.915 GC heap after
Heap after GC invocations=26 (full 3):
 PSYoungGen      total 314368K, used 4714K [0x00000000e0000000, 0x00000000f8d80000, 0x0000000100000000)
  eden space 294912K, 0% used [0x00000000e0000000,0x00000000e0000000,0x00000000f2000000)
  from space 19456K, 24% used [0x00000000f2000000,0x00000000f249ab78,0x00000000f3300000)
  to   space 18944K, 0% used [0x00000000f7b00000,0x00000000f7b00000,0x00000000f8d80000)
 ParOldGen       total 83456K, used 64958K [0x00000000a0000000, 0x00000000a5180000, 0x00000000e0000000)
  object space 83456K, 77% used [0x00000000a0000000,0x00000000a3f6f908,0x00000000a5180000)
 Metaspace       used 68851K, capacity 71394K, committed 71552K, reserved 1112064K
  class space    used 9232K, capacity 9760K, committed 9856K, reserved 1048576K
}
Event: 55.605 GC heap before
{Heap before GC invocations=27 (full 3):
 PSYoungGen      total 314368K, used 299626K [0x00000000e0000000, 0x00000000f8d80000, 0x0000000100000000)
  eden space 294912K, 100% used [0x00000000e0000000,0x00000000f2000000,0x00000000f2000000)
  from space 19456K, 24% used [0x00000000f2000000,0x00000000f249ab78,0x00000000f3300000)
  to   space 18944K, 0% used [0x00000000f7b00000,0x00000000f7b00000,0x00000000f8d80000)
 ParOldGen       total 83456K, used 64958K [0x00000000a0000000, 0x00000000a5180000, 0x00000000e0000000)
  object space 83456K, 77% used [0x00000000a0000000,0x00000000a3f6f908,0x00000000a5180000)
 Metaspace       used 68868K, capacity 71458K, committed 71808K, reserved 1112064K
  class space    used 9232K, capacity 9760K, committed 9856K, reserved 1048576K
Event: 55.629 GC heap after
Heap after GC invocations=27 (full 3):
 PSYoungGen      total 381952K, used 3486K [0x00000000e0000000, 0x00000000f8a00000, 0x0000000100000000)
  eden space 366592K, 0% used [0x00000000e0000000,0x00000000e0000000,0x00000000f6600000)
  from space 15360K, 22% used [0x00000000f7b00000,0x00000000f7e678c0,0x00000000f8a00000)
  to   space 18432K, 0% used [0x00000000f6600000,0x00000000f6600000,0x00000000f7800000)
 ParOldGen       total 83456K, used 66798K [0x00000000a0000000, 0x00000000a5180000, 0x00000000e0000000)
  object space 83456K, 80% used [0x00000000a0000000,0x00000000a413b908,0x00000000a5180000)
 Metaspace       used 68868K, capacity 71458K, committed 71808K, reserved 1112064K
  class space    used 9232K, capacity 9760K, committed 9856K, reserved 1048576K
}
Event: 57.788 GC heap before
{Heap before GC invocations=28 (full 3):
 PSYoungGen      total 381952K, used 370078K [0x00000000e0000000, 0x00000000f8a00000, 0x0000000100000000)
  eden space 366592K, 100% used [0x00000000e0000000,0x00000000f6600000,0x00000000f6600000)
  from space 15360K, 22% used [0x00000000f7b00000,0x00000000f7e678c0,0x00000000f8a00000)
  to   space 18432K, 0% used [0x00000000f6600000,0x00000000f6600000,0x00000000f7800000)
 ParOldGen       total 83456K, used 66798K [0x00000000a0000000, 0x00000000a5180000, 0x00000000e0000000)
  object space 83456K, 80% used [0x00000000a0000000,0x00000000a413b908,0x00000000a5180000)
 Metaspace       used 68900K, capacity 71530K, committed 71808K, reserved 1112064K
  class space    used 9232K, capacity 9760K, committed 9856K, reserved 1048576K
Event: 57.822 GC heap after
Heap after GC invocations=28 (full 3):
 PSYoungGen      total 385024K, used 8577K [0x00000000e0000000, 0x00000000fc880000, 0x0000000100000000)
  eden space 366592K, 0% used [0x00000000e0000000,0x00000000e0000000,0x00000000f6600000)
  from space 18432K, 46% used [0x00000000f6600000,0x00000000f6e60570,0x00000000f7800000)
  to   space 17920K, 0% used [0x00000000fb700000,0x00000000fb700000,0x00000000fc880000)
 ParOldGen       total 83456K, used 66898K [0x00000000a0000000, 0x00000000a5180000, 0x00000000e0000000)
  object space 83456K, 80% used [0x00000000a0000000,0x00000000a4154920,0x00000000a5180000)
 Metaspace       used 68900K, capacity 71530K, committed 71808K, reserved 1112064K
  class space    used 9232K, capacity 9760K, committed 9856K, reserved 1048576K
}
Event: 61.054 GC heap before
{Heap before GC invocations=29 (full 3):
 PSYoungGen      total 385024K, used 375169K [0x00000000e0000000, 0x00000000fc880000, 0x0000000100000000)
  eden space 366592K, 100% used [0x00000000e0000000,0x00000000f6600000,0x00000000f6600000)
  from space 18432K, 46% used [0x00000000f6600000,0x00000000f6e60570,0x00000000f7800000)
  to   space 17920K, 0% used [0x00000000fb700000,0x00000000fb700000,0x00000000fc880000)
 ParOldGen       total 83456K, used 66898K [0x00000000a0000000, 0x00000000a5180000, 0x00000000e0000000)
  object space 83456K, 80% used [0x00000000a0000000,0x00000000a4154920,0x00000000a5180000)
 Metaspace       used 68961K, capacity 71530K, committed 71808K, reserved 1112064K
  class space    used 9232K, capacity 9760K, committed 9856K, reserved 1048576K
Event: 61.064 GC heap after
Heap after GC invocations=29 (full 3):
 PSYoungGen      total 438272K, used 480K [0x00000000e0000000, 0x00000000fc380000, 0x0000000100000000)
  eden space 425472K, 0% used [0x00000000e0000000,0x00000000e0000000,0x00000000f9f80000)
  from space 12800K, 3% used [0x00000000fb700000,0x00000000fb778000,0x00000000fc380000)
  to   space 18432K, 0% used [0x00000000f9f80000,0x00000000f9f80000,0x00000000fb180000)
 ParOldGen       total 83456K, used 67034K [0x00000000a0000000, 0x00000000a5180000, 0x00000000e0000000)
  object space 83456K, 80% used [0x00000000a0000000,0x00000000a4176920,0x00000000a5180000)
 Metaspace       used 68961K, capacity 71530K, committed 71808K, reserved 1112064K
  class space    used 9232K, capacity 9760K, committed 9856K, reserved 1048576K
}
Event: 73.866 GC heap before
{Heap before GC invocations=30 (full 3):
 PSYoungGen      total 438272K, used 425952K [0x00000000e0000000, 0x00000000fc380000, 0x0000000100000000)
  eden space 425472K, 100% used [0x00000000e0000000,0x00000000f9f80000,0x00000000f9f80000)
  from space 12800K, 3% used [0x00000000fb700000,0x00000000fb778000,0x00000000fc380000)
  to   space 18432K, 0% used [0x00000000f9f80000,0x00000000f9f80000,0x00000000fb180000)
 ParOldGen       total 83456K, used 67034K [0x00000000a0000000, 0x00000000a5180000, 0x00000000e0000000)
  object space 83456K, 80% used [0x00000000a0000000,0x00000000a4176920,0x00000000a5180000)
 Metaspace       used 70570K, capacity 73460K, committed 73600K, reserved 1112064K
  class space    used 9425K, capacity 9993K, committed 10112K, reserved 1048576K
Event: 73.881 GC heap after
Heap after GC invocations=30 (full 3):
 PSYoungGen      total 443904K, used 2597K [0x00000000e0000000, 0x00000000fc380000, 0x0000000100000000)
  eden space 425472K, 0% used [0x00000000e0000000,0x00000000e0000000,0x00000000f9f80000)
  from space 18432K, 14% used [0x00000000f9f80000,0x00000000fa209448,0x00000000fb180000)
  to   space 12800K, 0% used [0x00000000fb700000,0x00000000fb700000,0x00000000fc380000)
 ParOldGen       total 83456K, used 67058K [0x00000000a0000000, 0x00000000a5180000, 0x00000000e0000000)
  object space 83456K, 80% used [0x00000000a0000000,0x00000000a417c920,0x00000000a5180000)
 Metaspace       used 70570K, capacity 73460K, committed 73600K, reserved 1112064K
  class space    used 9425K, capacity 9993K, committed 10112K, reserved 1048576K
}

Deoptimization events (10 events):
Event: 341.497 Thread 0x000000001dbf7000 Uncommon trap: reason=class_check action=maybe_recompile pc=0x0000000005057e60 method=java.lang.String.equals(Ljava/lang/Object;)Z @ 8
Event: 341.497 Thread 0x000000001dbf7000 Uncommon trap: reason=class_check action=maybe_recompile pc=0x0000000005057e60 method=java.lang.String.equals(Ljava/lang/Object;)Z @ 8
Event: 341.497 Thread 0x000000001dbf7000 Uncommon trap: reason=class_check action=maybe_recompile pc=0x0000000005057e60 method=java.lang.String.equals(Ljava/lang/Object;)Z @ 8
Event: 342.725 Thread 0x000000001dbf7000 Uncommon trap: reason=bimorphic action=maybe_recompile pc=0x00000000053fa880 method=java.util.Arrays.binarySearch0([Ljava/lang/Object;IILjava/lang/Object;Ljava/util/Comparator;)I @ 48
Event: 342.725 Thread 0x000000001dbf7000 Uncommon trap: reason=bimorphic action=maybe_recompile pc=0x00000000053fa880 method=java.util.Arrays.binarySearch0([Ljava/lang/Object;IILjava/lang/Object;Ljava/util/Comparator;)I @ 48
Event: 342.725 Thread 0x000000001dbf7000 Uncommon trap: reason=bimorphic action=maybe_recompile pc=0x00000000053fa880 method=java.util.Arrays.binarySearch0([Ljava/lang/Object;IILjava/lang/Object;Ljava/util/Comparator;)I @ 48
Event: 342.726 Thread 0x000000001dbf7000 Uncommon trap: reason=bimorphic action=maybe_recompile pc=0x00000000053fa880 method=java.util.Arrays.binarySearch0([Ljava/lang/Object;IILjava/lang/Object;Ljava/util/Comparator;)I @ 48
Event: 342.726 Thread 0x000000001dbf7000 Uncommon trap: reason=bimorphic action=maybe_recompile pc=0x00000000054963e4 method=java.util.Arrays.binarySearch0([Ljava/lang/Object;IILjava/lang/Object;Ljava/util/Comparator;)I @ 48
Event: 342.994 Thread 0x000000001dbf7000 Uncommon trap: reason=class_check action=maybe_recompile pc=0x0000000005f730f0 method=org.gradle.model.internal.type.ModelType.wrap(Ljava/lang/reflect/Type;)Lorg/gradle/model/internal/type/TypeWrapper; @ 33
Event: 343.004 Thread 0x000000001dbf7000 Uncommon trap: reason=bimorphic action=maybe_recompile pc=0x0000000005fccdf8 method=org.codehaus.groovy.runtime.metaclass.MetaMethodIndex.addMethodToList(Ljava/lang/Object;Lgroovy/lang/MetaMethod;)Ljava/lang/Object; @ 96

Classes redefined (0 events):
No events

Internal exceptions (10 events):
Event: 343.159 Thread 0x000000001dbf7000 Exception <a 'java/lang/ClassNotFoundException': org/codehaus/groovy/reflection/CachedFieldBeanInfo> (0x00000000f7318330) thrown at [D:\src\AOSP-openjdk-cygwin\jdk8u\hotspot\src\share\vm\classfile\systemDictionary.cpp, line 210]
Event: 343.159 Thread 0x000000001dbf7000 Exception <a 'java/lang/ClassNotFoundException': groovy/lang/MetaPropertyBeanInfo> (0x00000000f7327da8) thrown at [D:\src\AOSP-openjdk-cygwin\jdk8u\hotspot\src\share\vm\classfile\systemDictionary.cpp, line 210]
Event: 343.160 Thread 0x000000001dbf7000 Exception <a 'java/lang/ClassNotFoundException': groovy/lang/MetaPropertyCustomizer> (0x00000000f7337880) thrown at [D:\src\AOSP-openjdk-cygwin\jdk8u\hotspot\src\share\vm\classfile\systemDictionary.cpp, line 210]
Event: 343.162 Thread 0x000000001dbf7000 Exception <a 'java/lang/ClassNotFoundException': org/codehaus/groovy/reflection/CachedFieldCustomizer> (0x00000000f7350a90) thrown at [D:\src\AOSP-openjdk-cygwin\jdk8u\hotspot\src\share\vm\classfile\systemDictionary.cpp, line 210]
Event: 343.193 Thread 0x000000001dbf7000 Exception <a 'java/lang/ClassNotFoundException': java/util/ArrayListBeanInfo> (0x00000000f73a2328) thrown at [D:\src\AOSP-openjdk-cygwin\jdk8u\hotspot\src\share\vm\classfile\systemDictionary.cpp, line 210]
Event: 343.193 Thread 0x000000001dbf7000 Exception <a 'java/lang/ClassNotFoundException': java/util/AbstractListBeanInfo> (0x00000000f73aa330) thrown at [D:\src\AOSP-openjdk-cygwin\jdk8u\hotspot\src\share\vm\classfile\systemDictionary.cpp, line 210]
Event: 343.194 Thread 0x000000001dbf7000 Exception <a 'java/lang/ClassNotFoundException': java/util/AbstractListCustomizer> (0x00000000f73b2770) thrown at [D:\src\AOSP-openjdk-cygwin\jdk8u\hotspot\src\share\vm\classfile\systemDictionary.cpp, line 210]
Event: 343.195 Thread 0x000000001dbf7000 Exception <a 'java/lang/ClassNotFoundException': java/util/ArrayListCustomizer> (0x00000000f73c7618) thrown at [D:\src\AOSP-openjdk-cygwin\jdk8u\hotspot\src\share\vm\classfile\systemDictionary.cpp, line 210]
Event: 343.216 Thread 0x000000001dbf7000 Exception <a 'java/lang/ClassNotFoundException': java/util/CollectionBeanInfo> (0x00000000f7406fd0) thrown at [D:\src\AOSP-openjdk-cygwin\jdk8u\hotspot\src\share\vm\classfile\systemDictionary.cpp, line 210]
Event: 343.217 Thread 0x000000001dbf7000 Exception <a 'java/lang/ClassNotFoundException': java/util/CollectionCustomizer> (0x00000000f740ef68) thrown at [D:\src\AOSP-openjdk-cygwin\jdk8u\hotspot\src\share\vm\classfile\systemDictionary.cpp, line 210]

Events (10 events):
Event: 343.218 loading class JetGradlePlugin$_apply_closure3$_closure6$_closure7
Event: 343.218 loading class JetGradlePlugin$_apply_closure3$_closure6$_closure7 done
Event: 343.220 loading class groovy/runtime/metaclass/JetGradlePlugin$_apply_closure3$_closure6$_closure7MetaClass
Event: 343.220 loading class groovy/runtime/metaclass/JetGradlePlugin$_apply_closure3$_closure6$_closure7MetaClass done
Event: 343.221 loading class org/codehaus/groovy/runtime/dgm$191
Event: 343.221 loading class org/codehaus/groovy/runtime/dgm$191 done
Event: 343.290 loading class org/codehaus/groovy/runtime/dgm$194
Event: 343.290 loading class org/codehaus/groovy/runtime/dgm$194 done
Event: 343.291 loading class org/codehaus/groovy/runtime/callsite/BooleanReturningMethodInvoker
Event: 343.291 loading class org/codehaus/groovy/runtime/callsite/BooleanReturningMethodInvoker done


Dynamic libraries:
0x00007ff7a3240000 - 0x00007ff7a3271000 	C:\Program Files\Android\Android Studio\jre\bin\java.exe
0x00007ff9ca250000 - 0x00007ff9ca430000 	C:\WINDOWS\SYSTEM32\ntdll.dll
0x00007ff9c8d30000 - 0x00007ff9c8dde000 	C:\WINDOWS\System32\KERNEL32.DLL
0x00007ff9c66a0000 - 0x00007ff9c6906000 	C:\WINDOWS\System32\KERNELBASE.dll
0x00007ff9c8e10000 - 0x00007ff9c8eb1000 	C:\WINDOWS\System32\ADVAPI32.dll
0x00007ff9c9b20000 - 0x00007ff9c9bbd000 	C:\WINDOWS\System32\msvcrt.dll
0x00007ff9ca070000 - 0x00007ff9ca0cb000 	C:\WINDOWS\System32\sechost.dll
0x00007ff9ca0d0000 - 0x00007ff9ca1ef000 	C:\WINDOWS\System32\RPCRT4.dll
0x00007ff9c8f20000 - 0x00007ff9c90af000 	C:\WINDOWS\System32\USER32.dll
0x00007ff9c6cb0000 - 0x00007ff9c6cd0000 	C:\WINDOWS\System32\win32u.dll
0x00007ff9ca1f0000 - 0x00007ff9ca218000 	C:\WINDOWS\System32\GDI32.dll
0x00007ff9c69b0000 - 0x00007ff9c6b43000 	C:\WINDOWS\System32\gdi32full.dll
0x00007ff9c6910000 - 0x00007ff9c69ab000 	C:\WINDOWS\System32\msvcp_win.dll
0x00007ff9c6b50000 - 0x00007ff9c6c46000 	C:\WINDOWS\System32\ucrtbase.dll
0x00007ff9b6d30000 - 0x00007ff9b6f99000 	C:\WINDOWS\WinSxS\amd64_microsoft.windows.common-controls_6595b64144ccf1df_6.0.16299.371_none_15c7d1789365a290\COMCTL32.dll
0x00007ff9c9d60000 - 0x00007ff9ca068000 	C:\WINDOWS\System32\combase.dll
0x00007ff9c6f50000 - 0x00007ff9c6fc2000 	C:\WINDOWS\System32\bcryptPrimitives.dll
0x00007ff9c8de0000 - 0x00007ff9c8e0d000 	C:\WINDOWS\System32\IMM32.DLL
0x0000000062310000 - 0x00000000623e2000 	C:\Program Files\Android\Android Studio\jre\jre\bin\msvcr100.dll
0x00000000623f0000 - 0x0000000062c2f000 	C:\Program Files\Android\Android Studio\jre\jre\bin\server\jvm.dll
0x00007ff9c8d20000 - 0x00007ff9c8d28000 	C:\WINDOWS\System32\PSAPI.DLL
0x00007ff9c5270000 - 0x00007ff9c527a000 	C:\WINDOWS\SYSTEM32\VERSION.dll
0x00007ff9c4680000 - 0x00007ff9c46a3000 	C:\WINDOWS\SYSTEM32\WINMM.dll
0x00007ff9bf6c0000 - 0x00007ff9bf6c9000 	C:\WINDOWS\SYSTEM32\WSOCK32.dll
0x00007ff9c90d0000 - 0x00007ff9c913c000 	C:\WINDOWS\System32\WS2_32.dll
0x00007ff9c4650000 - 0x00007ff9c467a000 	C:\WINDOWS\SYSTEM32\WINMMBASE.dll
0x00007ff9c6650000 - 0x00007ff9c669a000 	C:\WINDOWS\System32\cfgmgr32.dll
0x00007ff9bf6b0000 - 0x00007ff9bf6bf000 	C:\Program Files\Android\Android Studio\jre\jre\bin\verify.dll
0x00007ff9ac790000 - 0x00007ff9ac7b9000 	C:\Program Files\Android\Android Studio\jre\jre\bin\java.dll
0x00007ff9ac770000 - 0x00007ff9ac786000 	C:\Program Files\Android\Android Studio\jre\jre\bin\zip.dll
0x00007ff9c77d0000 - 0x00007ff9c8c06000 	C:\WINDOWS\System32\SHELL32.dll
0x00007ff9c7720000 - 0x00007ff9c77c6000 	C:\WINDOWS\System32\shcore.dll
0x00007ff9c6fd0000 - 0x00007ff9c7717000 	C:\WINDOWS\System32\windows.storage.dll
0x00007ff9c9940000 - 0x00007ff9c9991000 	C:\WINDOWS\System32\shlwapi.dll
0x00007ff9c65a0000 - 0x00007ff9c65b1000 	C:\WINDOWS\System32\kernel.appcore.dll
0x00007ff9c6600000 - 0x00007ff9c664c000 	C:\WINDOWS\System32\powrprof.dll
0x00007ff9c65c0000 - 0x00007ff9c65db000 	C:\WINDOWS\System32\profapi.dll
0x00007ff9a8ea0000 - 0x00007ff9a8eba000 	C:\Program Files\Android\Android Studio\jre\jre\bin\net.dll
0x00007ff9c5dd0000 - 0x00007ff9c5e36000 	C:\WINDOWS\system32\mswsock.dll
0x00007ff9a7f20000 - 0x00007ff9a7f31000 	C:\Program Files\Android\Android Studio\jre\jre\bin\nio.dll
0x00007ff9ba0d0000 - 0x00007ff9ba0ee000 	C:\Users\Kent\.gradle\native\25\windows-amd64\native-platform.dll
0x00007ff9b2520000 - 0x00007ff9b252d000 	C:\Program Files\Android\Android Studio\jre\jre\bin\management.dll
0x00007ff9c5fa0000 - 0x00007ff9c5fb7000 	C:\WINDOWS\SYSTEM32\CRYPTSP.dll
0x00007ff9c59d0000 - 0x00007ff9c5a03000 	C:\WINDOWS\system32\rsaenh.dll
0x00007ff9c60a0000 - 0x00007ff9c60c5000 	C:\WINDOWS\SYSTEM32\bcrypt.dll
0x00007ff9c64d0000 - 0x00007ff9c64f9000 	C:\WINDOWS\SYSTEM32\USERENV.dll
0x00007ff9c5f90000 - 0x00007ff9c5f9b000 	C:\WINDOWS\SYSTEM32\CRYPTBASE.dll
0x00007ff9c5b60000 - 0x00007ff9c5b99000 	C:\WINDOWS\SYSTEM32\IPHLPAPI.DLL
0x00007ff9c9b10000 - 0x00007ff9c9b18000 	C:\WINDOWS\System32\NSI.dll
0x00007ff9c11d0000 - 0x00007ff9c11e6000 	C:\WINDOWS\SYSTEM32\dhcpcsvc6.DLL
0x00007ff9c1280000 - 0x00007ff9c129a000 	C:\WINDOWS\SYSTEM32\dhcpcsvc.DLL

VM Arguments:
jvm_args: -Xmx1536m -Dfile.encoding=windows-1252 -Duser.country=US -Duser.language=en -Duser.variant 
java_command: org.gradle.launcher.daemon.bootstrap.GradleDaemon 4.4
java_class_path (initial): C:\Users\Kent\.gradle\wrapper\dists\gradle-4.4-all\9br9xq1tocpiv8o6njlyu5op1\gradle-4.4\lib\gradle-launcher-4.4.jar
Launcher Type: SUN_STANDARD

Environment Variables:
PATH=C:\WINDOWS\system32;C:\WINDOWS;C:\WINDOWS\System32\Wbem;C:\WINDOWS\System32\WindowsPowerShell\v1.0\;C:\Program Files\Git\cmd;C:\Users\Kent\AppData\Local\Microsoft\WindowsApps;
USERNAME=Kent
OS=Windows_NT
PROCESSOR_IDENTIFIER=Intel64 Family 6 Model 37 Stepping 5, GenuineIntel



---------------  S Y S T E M  ---------------

OS: Windows 10.0 , 64 bit Build 16299 (10.0.16299.15)

CPU:total 4 (initial active 4) (2 cores per cpu, 2 threads per core) family 6 model 37 stepping 5, cmov, cx8, fxsr, mmx, sse, sse2, sse3, ssse3, sse4.1, sse4.2, popcnt, ht, tsc, tscinvbit

Memory: 4k page, physical 3848288k(330224k free), swap 5246048k(4176k free)

vm_info: OpenJDK 64-Bit Server VM (25.152-b02) for windows-amd64 JRE (1.8.0_152-release-1024-b02), built by "builder" with MS VC++ 10.0 (VS2010)

time: Thu May 03 16:22:27 2018
elapsed time: 343 seconds (0d 0h 5m 43s)

