#
# There is insufficient memory for the Java Runtime Environment to continue.
# Native memory allocation (malloc) failed to allocate 1264656 bytes for Chunk::new
# Possible reasons:
#   The system is out of physical RAM or swap space
#   In 32 bit mode, the process size limit was hit
# Possible solutions:
#   Reduce memory load on the system
#   Increase physical memory or swap space
#   Check if swap backing store is full
#   Use 64 bit Java on a 64 bit OS
#   Decrease Java heap size (-Xmx/-Xms)
#   Decrease number of Java threads
#   Decrease Java thread stack sizes (-Xss)
#   Set larger code cache with -XX:ReservedCodeCacheSize=
# This output file may be truncated or incomplete.
#
#  Out of Memory Error (allocation.cpp:390), pid=5196, tid=0x0000000000000f2c
#
# JRE version: OpenJDK Runtime Environment (8.0_152-b02) (build 1.8.0_152-release-1024-b02)
# Java VM: OpenJDK 64-Bit Server VM (25.152-b02 mixed mode windows-amd64 compressed oops)
# Failed to write core dump. Minidumps are not enabled by default on client versions of Windows
#

---------------  T H R E A D  ---------------

Current thread (0x00000000168e0800):  JavaThread "C2 CompilerThread0" daemon [_thread_in_native, id=3884, stack(0x0000000017f10000,0x0000000018010000)]

Stack: [0x0000000017f10000,0x0000000018010000]
[error occurred during error reporting (printing stack bounds), id 0xc0000005]

Native frames: (J=compiled Java code, j=interpreted, Vv=VM code, C=native code)


Current CompileTask:
C2:   3011 1396   !   4       java.net.URLClassLoader$1::run (63 bytes)


---------------  P R O C E S S  ---------------

Java Threads: ( => current thread )
  0x0000000018240800 JavaThread "Service Thread" daemon [_thread_blocked, id=7852, stack(0x0000000018610000,0x0000000018710000)]
  0x00000000168d7000 JavaThread "C1 CompilerThread2" daemon [_thread_blocked, id=1776, stack(0x0000000018110000,0x0000000018210000)]
  0x00000000168d2000 JavaThread "C2 CompilerThread1" daemon [_thread_in_native, id=7712, stack(0x0000000018010000,0x0000000018110000)]
=>0x00000000168e0800 JavaThread "C2 CompilerThread0" daemon [_thread_in_native, id=3884, stack(0x0000000017f10000,0x0000000018010000)]
  0x00000000168df800 JavaThread "Attach Listener" daemon [_thread_blocked, id=348, stack(0x0000000017e10000,0x0000000017f10000)]
  0x00000000168de800 JavaThread "Signal Dispatcher" daemon [_thread_blocked, id=7464, stack(0x0000000017d10000,0x0000000017e10000)]
  0x00000000168c0000 JavaThread "Finalizer" daemon [_thread_blocked, id=1652, stack(0x0000000017b20000,0x0000000017c20000)]
  0x000000000450b800 JavaThread "Reference Handler" daemon [_thread_blocked, id=704, stack(0x0000000017a20000,0x0000000017b20000)]
  0x000000000441a000 JavaThread "main" [_thread_in_native, id=2904, stack(0x0000000004310000,0x0000000004410000)]

Other Threads:
  0x0000000016893800 VMThread [stack: 0x0000000017920000,0x0000000017a20000] [id=4632]
  0x000000001692d000 WatcherThread [stack: 0x0000000018710000,0x0000000018810000] [id=6124]

VM state:not at safepoint (normal execution)

VM Mutex/Monitor currently owned by a thread: None

Heap:
 PSYoungGen      total 33280K, used 9652K [0x00000000ec700000, 0x00000000f1200000, 0x0000000100000000)
  eden space 30720K, 31% used [0x00000000ec700000,0x00000000ed06d248,0x00000000ee500000)
  from space 2560K, 0% used [0x00000000ee500000,0x00000000ee500000,0x00000000ee780000)
  to   space 7680K, 0% used [0x00000000f0a80000,0x00000000f0a80000,0x00000000f1200000)
 ParOldGen       total 36864K, used 7855K [0x00000000c5400000, 0x00000000c7800000, 0x00000000ec700000)
  object space 36864K, 21% used [0x00000000c5400000,0x00000000c5babe48,0x00000000c7800000)
 Metaspace       used 20780K, capacity 21162K, committed 21248K, reserved 1067008K
  class space    used 2649K, capacity 2801K, committed 2816K, reserved 1048576K

Card table byte_map: [0x00000000138d0000,0x0000000013ab0000] byte_map_base: 0x00000000132a6000

Marking Bits: (ParMarkBitMap*) 0x00000000632f4970
 Begin Bits: [0x0000000013ff0000, 0x0000000014ea0000)
 End Bits:   [0x0000000014ea0000, 0x0000000015d50000)

Polling page: 0x0000000002ac0000

CodeCache: size=245760Kb used=4648Kb max_used=4648Kb free=241111Kb
 bounds [0x0000000004510000, 0x00000000049a0000, 0x0000000013510000]
 total_blobs=1953 nmethods=1574 adapters=293
 compilation: enabled

Compilation events (10 events):
Event: 2.989 Thread 0x00000000168d7000 nmethod 1570 0x000000000498c410 code [0x000000000498c560, 0x000000000498c670]
Event: 2.989 Thread 0x00000000168d7000 1571       1       sun.nio.fs.WindowsPathParser$Result::path (5 bytes)
Event: 2.989 Thread 0x00000000168d7000 nmethod 1571 0x000000000498c150 code [0x000000000498c2a0, 0x000000000498c3b0]
Event: 2.992 Thread 0x00000000168d7000 1573       1       sun.nio.fs.WindowsPath::getFileSystem (5 bytes)
Event: 2.992 Thread 0x00000000168d7000 nmethod 1573 0x000000000498be90 code [0x000000000498bfe0, 0x000000000498c0f0]
Event: 2.992 Thread 0x00000000168d7000 1574       1       sun.nio.fs.WindowsFileSystem::provider (5 bytes)
Event: 2.992 Thread 0x00000000168d7000 nmethod 1574 0x000000000498bbd0 code [0x000000000498bd20, 0x000000000498be30]
Event: 2.992 Thread 0x00000000168d7000 1575       3       sun.nio.fs.NativeBuffers::getNativeBufferFromCache (51 bytes)
Event: 2.993 Thread 0x00000000168d7000 nmethod 1575 0x0000000004996e90 code [0x0000000004997040, 0x0000000004997648]
Event: 2.993 Thread 0x00000000168d7000 1577       3       sun.nio.fs.NativeBuffers::releaseNativeBuffer (103 bytes)

GC Heap History (10 events):
Event: 1.163 GC heap before
{Heap before GC invocations=2 (full 0):
 PSYoungGen      total 17920K, used 17917K [0x00000000ec700000, 0x00000000edb00000, 0x0000000100000000)
  eden space 15360K, 100% used [0x00000000ec700000,0x00000000ed600000,0x00000000ed600000)
  from space 2560K, 99% used [0x00000000ed600000,0x00000000ed87f608,0x00000000ed880000)
  to   space 2560K, 0% used [0x00000000ed880000,0x00000000ed880000,0x00000000edb00000)
 ParOldGen       total 40960K, used 1243K [0x00000000c5400000, 0x00000000c7c00000, 0x00000000ec700000)
  object space 40960K, 3% used [0x00000000c5400000,0x00000000c5536f98,0x00000000c7c00000)
 Metaspace       used 8900K, capacity 9652K, committed 9728K, reserved 1058816K
  class space    used 1001K, capacity 1008K, committed 1024K, reserved 1048576K
Event: 1.171 GC heap after
Heap after GC invocations=2 (full 0):
 PSYoungGen      total 17920K, used 2553K [0x00000000ec700000, 0x00000000eea00000, 0x0000000100000000)
  eden space 15360K, 0% used [0x00000000ec700000,0x00000000ec700000,0x00000000ed600000)
  from space 2560K, 99% used [0x00000000ed880000,0x00000000edafe558,0x00000000edb00000)
  to   space 2560K, 0% used [0x00000000ed600000,0x00000000ed600000,0x00000000ed880000)
 ParOldGen       total 40960K, used 3384K [0x00000000c5400000, 0x00000000c7c00000, 0x00000000ec700000)
  object space 40960K, 8% used [0x00000000c5400000,0x00000000c574e330,0x00000000c7c00000)
 Metaspace       used 8900K, capacity 9652K, committed 9728K, reserved 1058816K
  class space    used 1001K, capacity 1008K, committed 1024K, reserved 1048576K
}
Event: 1.727 GC heap before
{Heap before GC invocations=3 (full 0):
 PSYoungGen      total 17920K, used 17913K [0x00000000ec700000, 0x00000000eea00000, 0x0000000100000000)
  eden space 15360K, 100% used [0x00000000ec700000,0x00000000ed600000,0x00000000ed600000)
  from space 2560K, 99% used [0x00000000ed880000,0x00000000edafe558,0x00000000edb00000)
  to   space 2560K, 0% used [0x00000000ed600000,0x00000000ed600000,0x00000000ed880000)
 ParOldGen       total 40960K, used 3384K [0x00000000c5400000, 0x00000000c7c00000, 0x00000000ec700000)
  object space 40960K, 8% used [0x00000000c5400000,0x00000000c574e330,0x00000000c7c00000)
 Metaspace       used 13620K, capacity 13882K, committed 13952K, reserved 1060864K
  class space    used 1564K, capacity 1643K, committed 1664K, reserved 1048576K
Event: 1.735 GC heap after
Heap after GC invocations=3 (full 0):
 PSYoungGen      total 17920K, used 2551K [0x00000000ec700000, 0x00000000eea00000, 0x0000000100000000)
  eden space 15360K, 0% used [0x00000000ec700000,0x00000000ec700000,0x00000000ed600000)
  from space 2560K, 99% used [0x00000000ed600000,0x00000000ed87df10,0x00000000ed880000)
  to   space 2560K, 0% used [0x00000000ee780000,0x00000000ee780000,0x00000000eea00000)
 ParOldGen       total 40960K, used 6620K [0x00000000c5400000, 0x00000000c7c00000, 0x00000000ec700000)
  object space 40960K, 16% used [0x00000000c5400000,0x00000000c5a77000,0x00000000c7c00000)
 Metaspace       used 13620K, capacity 13882K, committed 13952K, reserved 1060864K
  class space    used 1564K, capacity 1643K, committed 1664K, reserved 1048576K
}
Event: 2.124 GC heap before
{Heap before GC invocations=4 (full 0):
 PSYoungGen      total 17920K, used 17911K [0x00000000ec700000, 0x00000000eea00000, 0x0000000100000000)
  eden space 15360K, 100% used [0x00000000ec700000,0x00000000ed600000,0x00000000ed600000)
  from space 2560K, 99% used [0x00000000ed600000,0x00000000ed87df10,0x00000000ed880000)
  to   space 2560K, 0% used [0x00000000ee780000,0x00000000ee780000,0x00000000eea00000)
 ParOldGen       total 40960K, used 6620K [0x00000000c5400000, 0x00000000c7c00000, 0x00000000ec700000)
  object space 40960K, 16% used [0x00000000c5400000,0x00000000c5a77000,0x00000000c7c00000)
 Metaspace       used 16938K, capacity 17204K, committed 17536K, reserved 1064960K
  class space    used 2028K, capacity 2112K, committed 2176K, reserved 1048576K
Event: 2.133 GC heap after
Heap after GC invocations=4 (full 0):
 PSYoungGen      total 33280K, used 2551K [0x00000000ec700000, 0x00000000eea00000, 0x0000000100000000)
  eden space 30720K, 0% used [0x00000000ec700000,0x00000000ec700000,0x00000000ee500000)
  from space 2560K, 99% used [0x00000000ee780000,0x00000000ee9fdf30,0x00000000eea00000)
  to   space 2560K, 0% used [0x00000000ee500000,0x00000000ee500000,0x00000000ee780000)
 ParOldGen       total 40960K, used 9900K [0x00000000c5400000, 0x00000000c7c00000, 0x00000000ec700000)
  object space 40960K, 24% used [0x00000000c5400000,0x00000000c5dab308,0x00000000c7c00000)
 Metaspace       used 16938K, capacity 17204K, committed 17536K, reserved 1064960K
  class space    used 2028K, capacity 2112K, committed 2176K, reserved 1048576K
}
Event: 2.631 GC heap before
{Heap before GC invocations=5 (full 0):
 PSYoungGen      total 33280K, used 19055K [0x00000000ec700000, 0x00000000eea00000, 0x0000000100000000)
  eden space 30720K, 53% used [0x00000000ec700000,0x00000000ed71dee8,0x00000000ee500000)
  from space 2560K, 99% used [0x00000000ee780000,0x00000000ee9fdf30,0x00000000eea00000)
  to   space 2560K, 0% used [0x00000000ee500000,0x00000000ee500000,0x00000000ee780000)
 ParOldGen       total 40960K, used 9900K [0x00000000c5400000, 0x00000000c7c00000, 0x00000000ec700000)
  object space 40960K, 24% used [0x00000000c5400000,0x00000000c5dab308,0x00000000c7c00000)
 Metaspace       used 20721K, capacity 21104K, committed 21248K, reserved 1067008K
  class space    used 2644K, capacity 2792K, committed 2816K, reserved 1048576K
Event: 2.642 GC heap after
Heap after GC invocations=5 (full 0):
 PSYoungGen      total 33280K, used 2548K [0x00000000ec700000, 0x00000000f1200000, 0x0000000100000000)
  eden space 30720K, 0% used [0x00000000ec700000,0x00000000ec700000,0x00000000ee500000)
  from space 2560K, 99% used [0x00000000ee500000,0x00000000ee77d2b0,0x00000000ee780000)
  to   space 7680K, 0% used [0x00000000f0a80000,0x00000000f0a80000,0x00000000f1200000)
 ParOldGen       total 40960K, used 13761K [0x00000000c5400000, 0x00000000c7c00000, 0x00000000ec700000)
  object space 40960K, 33% used [0x00000000c5400000,0x00000000c6170748,0x00000000c7c00000)
 Metaspace       used 20721K, capacity 21104K, committed 21248K, reserved 1067008K
  class space    used 2644K, capacity 2792K, committed 2816K, reserved 1048576K
}
Event: 2.642 GC heap before
{Heap before GC invocations=6 (full 1):
 PSYoungGen      total 33280K, used 2548K [0x00000000ec700000, 0x00000000f1200000, 0x0000000100000000)
  eden space 30720K, 0% used [0x00000000ec700000,0x00000000ec700000,0x00000000ee500000)
  from space 2560K, 99% used [0x00000000ee500000,0x00000000ee77d2b0,0x00000000ee780000)
  to   space 7680K, 0% used [0x00000000f0a80000,0x00000000f0a80000,0x00000000f1200000)
 ParOldGen       total 40960K, used 13761K [0x00000000c5400000, 0x00000000c7c00000, 0x00000000ec700000)
  object space 40960K, 33% used [0x00000000c5400000,0x00000000c6170748,0x00000000c7c00000)
 Metaspace       used 20721K, capacity 21104K, committed 21248K, reserved 1067008K
  class space    used 2644K, capacity 2792K, committed 2816K, reserved 1048576K
Event: 2.697 GC heap after
Heap after GC invocations=6 (full 1):
 PSYoungGen      total 33280K, used 0K [0x00000000ec700000, 0x00000000f1200000, 0x0000000100000000)
  eden space 30720K, 0% used [0x00000000ec700000,0x00000000ec700000,0x00000000ee500000)
  from space 2560K, 0% used [0x00000000ee500000,0x00000000ee500000,0x00000000ee780000)
  to   space 7680K, 0% used [0x00000000f0a80000,0x00000000f0a80000,0x00000000f1200000)
 ParOldGen       total 36864K, used 7855K [0x00000000c5400000, 0x00000000c7800000, 0x00000000ec700000)
  object space 36864K, 21% used [0x00000000c5400000,0x00000000c5babe48,0x00000000c7800000)
 Metaspace       used 20721K, capacity 21104K, committed 21248K, reserved 1067008K
  class space    used 2644K, capacity 2792K, committed 2816K, reserved 1048576K
}

Deoptimization events (10 events):
Event: 1.412 Thread 0x000000000441a000 Uncommon trap: reason=unstable_if action=reinterpret pc=0x000000000478aebc method=java.lang.String.<init>([CII)V @ 18
Event: 1.445 Thread 0x000000000441a000 Uncommon trap: reason=unstable_if action=reinterpret pc=0x000000000469387c method=java.lang.String.replace(CC)Ljava/lang/String; @ 2
Event: 1.808 Thread 0x000000000441a000 Uncommon trap: reason=unstable_if action=reinterpret pc=0x00000000047a2fa8 method=java.util.HashMap.hash(Ljava/lang/Object;)I @ 1
Event: 2.000 Thread 0x000000000441a000 Uncommon trap: reason=unstable_if action=reinterpret pc=0x00000000046da0bc method=sun.misc.MetaIndex.mayContain(Ljava/lang/String;)Z @ 38
Event: 2.003 Thread 0x000000000441a000 Uncommon trap: reason=unstable_if action=reinterpret pc=0x00000000046c7ca8 method=sun.misc.MetaIndex.mayContain(Ljava/lang/String;)Z @ 38
Event: 2.059 Thread 0x000000000441a000 Uncommon trap: reason=range_check action=make_not_entrant pc=0x00000000047f6e20 method=sun.reflect.generics.parser.SignatureParser.current()C @ 34
Event: 2.549 Thread 0x000000000441a000 Uncommon trap: reason=unstable_if action=reinterpret pc=0x00000000046c9e6c method=java.lang.String.<init>([CII)V @ 18
Event: 2.592 Thread 0x000000000441a000 Uncommon trap: reason=unstable_if action=reinterpret pc=0x00000000048206d8 method=java.lang.String.<init>([CII)V @ 18
Event: 2.849 Thread 0x000000000441a000 Uncommon trap: reason=unstable_if action=reinterpret pc=0x00000000049807f0 method=org.jetbrains.kotlin.com.intellij.openapi.vfs.impl.ZipEntryMap.isTheOne(Lorg/jetbrains/kotlin/com/intellij/openapi/vfs/impl/ArchiveHandler$EntryInfo;Ljava/lang/CharSequence;
Event: 2.849 Thread 0x000000000441a000 Uncommon trap: reason=unstable_if action=reinterpret pc=0x0000000004977e04 method=org.jetbrains.kotlin.com.intellij.openapi.vfs.impl.ZipEntryMap.isTheOne(Lorg/jetbrains/kotlin/com/intellij/openapi/vfs/impl/ArchiveHandler$EntryInfo;Ljava/lang/CharSequence;

Classes redefined (0 events):
No events

Internal exceptions (10 events):
Event: 0.542 Thread 0x000000000441a000 Exception <a 'java/security/PrivilegedActionException'> (0x00000000ed0b19f8) thrown at [D:\src\AOSP-openjdk-cygwin\jdk8u\hotspot\src\share\vm\prims\jvm.cpp, line 1390]
Event: 0.542 Thread 0x000000000441a000 Exception <a 'java/security/PrivilegedActionException'> (0x00000000ed0b1df0) thrown at [D:\src\AOSP-openjdk-cygwin\jdk8u\hotspot\src\share\vm\prims\jvm.cpp, line 1390]
Event: 1.043 Thread 0x000000000441a000 Exception <a 'java/lang/ArrayIndexOutOfBoundsException'> (0x00000000ed1ea438) thrown at [D:\src\AOSP-openjdk-cygwin\jdk8u\hotspot\src\share\vm\runtime\sharedRuntime.cpp, line 605]
Event: 1.502 Thread 0x000000000441a000 Exception <a 'java/lang/NoSuchFieldError': method resolution failed> (0x00000000ed164c58) thrown at [D:\src\AOSP-openjdk-cygwin\jdk8u\hotspot\src\share\vm\prims\methodHandles.cpp, line 1167]
Event: 1.505 Thread 0x000000000441a000 Exception <a 'java/lang/NoSuchFieldError': method resolution failed> (0x00000000ed172160) thrown at [D:\src\AOSP-openjdk-cygwin\jdk8u\hotspot\src\share\vm\prims\methodHandles.cpp, line 1167]
Event: 1.807 Thread 0x000000000441a000 Implicit null exception at 0x00000000047a2f2f to 0x00000000047a2f99
Event: 1.899 Thread 0x000000000441a000 Exception <a 'java/lang/NoSuchMethodError': java.lang.Object.lambda$comparing$77a9974f$1(Ljava/util/function/Function;Ljava/lang/Object;Ljava/lang/Object;)I> (0x00000000ece7b828) thrown at [D:\src\AOSP-openjdk-cygwin\jdk8u\hotspot\src\share\vm\interpreter
Event: 2.059 Thread 0x000000000441a000 Exception <a 'java/lang/ArrayIndexOutOfBoundsException': 60> (0x00000000ed463268) thrown at [D:\src\AOSP-openjdk-cygwin\jdk8u\hotspot\src\share\vm\interpreter\interpreterRuntime.cpp, line 366]
Event: 2.312 Thread 0x000000000441a000 Exception <a 'java/lang/NoSuchMethodError': java.lang.Object.lambda$static$0(I)[Lorg/jetbrains/kotlin/com/intellij/openapi/editor/event/DocumentListener;> (0x00000000ecd08f98) thrown at [D:\src\AOSP-openjdk-cygwin\jdk8u\hotspot\src\share\vm\interpreter\li
Event: 2.352 Thread 0x000000000441a000 Exception <a 'java/lang/NoSuchMethodError': java.lang.Object.lambda$static$0(I)[Lorg/jetbrains/kotlin/com/intellij/psi/PsiAnnotation;> (0x00000000ecee8630) thrown at [D:\src\AOSP-openjdk-cygwin\jdk8u\hotspot\src\share\vm\interpreter\linkResolver.cpp, line

Events (10 events):
Event: 2.599 loading class java/util/AbstractMap$SimpleEntry
Event: 2.599 loading class java/util/AbstractMap$SimpleEntry done
Event: 2.631 Executing VM operation: CollectForMetadataAllocation
Event: 2.697 Executing VM operation: CollectForMetadataAllocation done
Event: 2.849 Thread 0x000000000441a000 Uncommon trap: trap_request=0xffffff65 fr.pc=0x00000000049807f0
Event: 2.849 Thread 0x000000000441a000 DEOPT PACKING pc=0x00000000049807f0 sp=0x000000000440e010
Event: 2.849 Thread 0x000000000441a000 DEOPT UNPACKING pc=0x000000000455557b sp=0x000000000440df68 mode 2
Event: 2.849 Thread 0x000000000441a000 Uncommon trap: trap_request=0xffffff65 fr.pc=0x0000000004977e04
Event: 2.849 Thread 0x000000000441a000 DEOPT PACKING pc=0x0000000004977e04 sp=0x000000000440dec0
Event: 2.849 Thread 0x000000000441a000 DEOPT UNPACKING pc=0x000000000455557b sp=0x000000000440de78 mode 2


Dynamic libraries:
0x00007ff78b3c0000 - 0x00007ff78b3f1000 	C:\Program Files\Android\Android Studio\jre\jre\bin\java.exe
0x00007fff33470000 - 0x00007fff33650000 	C:\WINDOWS\SYSTEM32\ntdll.dll
0x00007fff30b30000 - 0x00007fff30bde000 	C:\WINDOWS\System32\KERNEL32.DLL
0x00007fff305a0000 - 0x00007fff30806000 	C:\WINDOWS\System32\KERNELBASE.dll
0x00007fff30940000 - 0x00007fff309e1000 	C:\WINDOWS\System32\ADVAPI32.dll
0x00007fff314c0000 - 0x00007fff3155d000 	C:\WINDOWS\System32\msvcrt.dll
0x00007fff31040000 - 0x00007fff3109b000 	C:\WINDOWS\System32\sechost.dll
0x00007fff33200000 - 0x00007fff3331f000 	C:\WINDOWS\System32\RPCRT4.dll
0x00007fff31290000 - 0x00007fff3141f000 	C:\WINDOWS\System32\USER32.dll
0x00007fff30580000 - 0x00007fff305a0000 	C:\WINDOWS\System32\win32u.dll
0x00007fff30a50000 - 0x00007fff30a78000 	C:\WINDOWS\System32\GDI32.dll
0x00007fff2f870000 - 0x00007fff2fa03000 	C:\WINDOWS\System32\gdi32full.dll
0x00007fff304e0000 - 0x00007fff3057b000 	C:\WINDOWS\System32\msvcp_win.dll
0x00007fff2fa10000 - 0x00007fff2fb06000 	C:\WINDOWS\System32\ucrtbase.dll
0x00007fff20100000 - 0x00007fff20369000 	C:\WINDOWS\WinSxS\amd64_microsoft.windows.common-controls_6595b64144ccf1df_6.0.16299.371_none_15c7d1789365a290\COMCTL32.dll
0x00007fff31560000 - 0x00007fff31868000 	C:\WINDOWS\System32\combase.dll
0x00007fff308c0000 - 0x00007fff30932000 	C:\WINDOWS\System32\bcryptPrimitives.dll
0x00007fff33400000 - 0x00007fff3342d000 	C:\WINDOWS\System32\IMM32.DLL
0x0000000062a50000 - 0x0000000062b22000 	C:\Program Files\Android\Android Studio\jre\jre\bin\msvcr100.dll
0x0000000062b30000 - 0x000000006336f000 	C:\Program Files\Android\Android Studio\jre\jre\bin\server\jvm.dll
0x00007fff311b0000 - 0x00007fff311b8000 	C:\WINDOWS\System32\PSAPI.DLL
0x00007fff2d320000 - 0x00007fff2d343000 	C:\WINDOWS\SYSTEM32\WINMM.dll
0x00007fff2e460000 - 0x00007fff2e469000 	C:\WINDOWS\SYSTEM32\WSOCK32.dll
0x00007fff2e370000 - 0x00007fff2e37a000 	C:\WINDOWS\SYSTEM32\VERSION.dll
0x00007fff31cf0000 - 0x00007fff31d5c000 	C:\WINDOWS\System32\WS2_32.dll
0x00007fff2d2f0000 - 0x00007fff2d31a000 	C:\WINDOWS\SYSTEM32\winmmbase.dll
0x00007fff30870000 - 0x00007fff308ba000 	C:\WINDOWS\System32\cfgmgr32.dll
0x00007fff2e450000 - 0x00007fff2e45f000 	C:\Program Files\Android\Android Studio\jre\jre\bin\verify.dll
0x00007fff2e420000 - 0x00007fff2e449000 	C:\Program Files\Android\Android Studio\jre\jre\bin\java.dll
0x00007fff2d3e0000 - 0x00007fff2d3f6000 	C:\Program Files\Android\Android Studio\jre\jre\bin\zip.dll
0x00007fff31dc0000 - 0x00007fff331f6000 	C:\WINDOWS\System32\SHELL32.dll
0x00007fff30a80000 - 0x00007fff30b26000 	C:\WINDOWS\System32\shcore.dll
0x00007fff2fb10000 - 0x00007fff30257000 	C:\WINDOWS\System32\windows.storage.dll
0x00007fff31d60000 - 0x00007fff31db1000 	C:\WINDOWS\System32\shlwapi.dll
0x00007fff2f7c0000 - 0x00007fff2f7d1000 	C:\WINDOWS\System32\kernel.appcore.dll
0x00007fff2f820000 - 0x00007fff2f86c000 	C:\WINDOWS\System32\powrprof.dll
0x00007fff2f800000 - 0x00007fff2f81b000 	C:\WINDOWS\System32\profapi.dll
0x00007fff2c380000 - 0x00007fff2c39a000 	C:\Program Files\Android\Android Studio\jre\jre\bin\net.dll
0x00007fff2eff0000 - 0x00007fff2f056000 	C:\WINDOWS\system32\mswsock.dll
0x00007fff2c330000 - 0x00007fff2c341000 	C:\Program Files\Android\Android Studio\jre\jre\bin\nio.dll

VM Arguments:
java_command: org.jetbrains.kotlin.cli.jvm.K2JVMCompiler -Xadd-compiler-builtins -Xbuild-file=C:\Users\Kent\AppData\Local\Temp\kjps2845836964701034331app_debug.script.xml -classpath C:\Users\Kent\.gradle\caches\transforms-1\files-1.1\multidex-1.0.2.aar\8fde2b77733897071e124a246e5472b8\jars\classes.jar;C:\Users\Kent\.gradle\caches\transforms-1\files-1.1\play-services-11.8.0.aar\0e49f7fd6d7dbe64406fce61f9f5aff0\jars\classes.jar;C:\Users\Kent\.gradle\caches\transforms-1\files-1.1\firebase-auth-11.8.0.aar\dc39227edd80bd6c798a92df78c6a4b9\jars\classes.jar;C:\Users\Kent\.gradle\caches\transforms-1\files-1.1\firebase-database-11.8.0.aar\2d60681e1a8e0a1fdced6a630c62ce26\jars\classes.jar;C:\Users\Kent\.gradle\caches\modules-2\files-2.1\org.jetbrains.kotlin\kotlin-stdlib-jre7\1.2.30\b38fc19e670ebef931fef3ccdcb94eac2b65bb7d\kotlin-stdlib-jre7-1.2.30.jar;C:\Users\Kent\.gradle\caches\transforms-1\files-1.1\design-27.1.1.aar\9d9ab11777a070fbb9d052fca1bc359c\jars\classes.jar;C:\Users\Kent\.gradle\caches\transforms-1\files-1.1\play-services-cast-framework-11.8.0.aar\6d611c158828919ce9eaa4eb24065508\jars\classes.jar;C:\Users\Kent\.gradle\caches\transforms-1\files-1.1\play-services-cast-11.8.0.aar\f75c9ab7bdd0cfe66c401cfbd7f14dce\jars\classes.jar;C:\Users\Kent\.gradle\caches\transforms-1\files-1.1\mediarouter-v7-25.2.0.aar\efb258e65b4fbc074c669ea104f85d13\jars\classes.jar;C:\Users\Kent\.gradle\caches\transforms-1\files-1.1\appcompat-v7-27.1.1.aar\c1b30c7a41eb3bd2ad8b752d0309c90a\jars\classes.jar;C:\Users\Kent\.gradle\caches\transforms-1\files-1.1\constraint-layout-1.1.0.aar\82d632c38c624b3ec4b9d885e3a607e0\jars\classes.jar;C:\Users\Kent\.gradle\caches\transforms-1\files-1.1\firebase-core-11.8.0.aar\588d04b1a06b221d7f6d9db0479c0689\jars\classes.jar;C:\Users\Kent\.gradle\caches\transforms-1\files-1.1\play-services-analytics-11.8.0.aar\cc116881a78c639e917c551b6045692d\jars\classes.jar;C:\Users\Kent\.gradle\caches\transforms-1\files-1.1\play-services-tagmanager-11.8.0.aar\abca21a01bcdc
java_class_path (initial): C:\Users\Kent\.gradle\caches\modules-2\files-2.1\org.jetbrains.kotlin\kotlin-compiler-embeddable\1.2.30\9b3f10d4717b9ac238b287e9b6eb2b4eadd8e870\kotlin-compiler-embeddable-1.2.30.jar;C:\Users\Kent\.gradle\caches\modules-2\files-2.1\org.jetbrains.kotlin\kotlin-stdlib\1.2.30\2dfac33f8b4e92c9dd1422cd286834701a6f6d6\kotlin-stdlib-1.2.30.jar;C:\Users\Kent\.gradle\caches\modules-2\files-2.1\org.jetbrains.kotlin\kotlin-script-runtime\1.2.30\37ee7531a636e99b639f8b1544cdda27d0ee30b0\kotlin-script-runtime-1.2.30.jar;C:\Users\Kent\.gradle\caches\modules-2\files-2.1\org.jetbrains.kotlin\kotlin-reflect\1.2.30\9758025a415ee400e1f90ff222bcfec247779133\kotlin-reflect-1.2.30.jar;C:\Program Files\Android\Android Studio\jre\lib\tools.jar
Launcher Type: SUN_STANDARD

Environment Variables:
PATH=C:\WINDOWS\system32;C:\WINDOWS;C:\WINDOWS\System32\Wbem;C:\WINDOWS\System32\WindowsPowerShell\v1.0\;C:\Program Files\Git\cmd;C:\Users\Kent\AppData\Local\Microsoft\WindowsApps;
USERNAME=Kent
OS=Windows_NT
PROCESSOR_IDENTIFIER=Intel64 Family 6 Model 37 Stepping 5, GenuineIntel



---------------  S Y S T E M  ---------------

OS: Windows 10.0 , 64 bit Build 16299 (10.0.16299.15)

CPU:total 4 (initial active 4) (2 cores per cpu, 2 threads per core) family 6 model 37 stepping 5, cmov, cx8, fxsr, mmx, sse, sse2, sse3, ssse3, sse4.1, sse4.2, popcnt, ht, tsc, tscinvbit

Memory: 4k page, physical 3848288k(403956k free), swap 5246048k(4540k free)

vm_info: OpenJDK 64-Bit Server VM (25.152-b02) for windows-amd64 JRE (1.8.0_152-release-1024-b02), built by "builder" with MS VC++ 10.0 (VS2010)

time: Fri May 04 22:43:58 2018
elapsed time: 3 seconds (0d 0h 0m 3s)

