#
# There is insufficient memory for the Java Runtime Environment to continue.
# Native memory allocation (malloc) failed to allocate 954368 bytes for Chunk::new
# Possible reasons:
#   The system is out of physical RAM or swap space
#   In 32 bit mode, the process size limit was hit
# Possible solutions:
#   Reduce memory load on the system
#   Increase physical memory or swap space
#   Check if swap backing store is full
#   Use 64 bit Java on a 64 bit OS
#   Decrease Java heap size (-Xmx/-Xms)
#   Decrease number of Java threads
#   Decrease Java thread stack sizes (-Xss)
#   Set larger code cache with -XX:ReservedCodeCacheSize=
# This output file may be truncated or incomplete.
#
#  Out of Memory Error (allocation.cpp:390), pid=4776, tid=0x00000000000015f4
#
# JRE version: OpenJDK Runtime Environment (8.0_152-b02) (build 1.8.0_152-release-1024-b02)
# Java VM: OpenJDK 64-Bit Server VM (25.152-b02 mixed mode windows-amd64 compressed oops)
# Failed to write core dump. Minidumps are not enabled by default on client versions of Windows
#

---------------  T H R E A D  ---------------

Current thread (0x0000000016ae2800):  JavaThread "C2 CompilerThread1" daemon [_thread_in_native, id=5620, stack(0x0000000018220000,0x0000000018320000)]

Stack: [0x0000000018220000,0x0000000018320000]
[error occurred during error reporting (printing stack bounds), id 0xc0000005]

Native frames: (J=compiled Java code, j=interpreted, Vv=VM code, C=native code)


Current CompileTask:
C2:   9049 4646       4       org.jetbrains.kotlin.com.intellij.lang.impl.PsiBuilderImpl::insertLeaves (88 bytes)


---------------  P R O C E S S  ---------------

Java Threads: ( => current thread )
  0x0000000016b3d000 JavaThread "Service Thread" daemon [_thread_blocked, id=5844, stack(0x0000000018820000,0x0000000018920000)]
  0x0000000016aea800 JavaThread "C1 CompilerThread2" daemon [_thread_in_native, id=4800, stack(0x0000000018320000,0x0000000018420000)]
=>0x0000000016ae2800 JavaThread "C2 CompilerThread1" daemon [_thread_in_native, id=5620, stack(0x0000000018220000,0x0000000018320000)]
  0x0000000016af1000 JavaThread "C2 CompilerThread0" daemon [_thread_in_native, id=4004, stack(0x0000000018120000,0x0000000018220000)]
  0x0000000016aef800 JavaThread "Attach Listener" daemon [_thread_blocked, id=3764, stack(0x0000000018020000,0x0000000018120000)]
  0x0000000016aee800 JavaThread "Signal Dispatcher" daemon [_thread_blocked, id=4716, stack(0x0000000017f20000,0x0000000018020000)]
  0x0000000016ad0000 JavaThread "Finalizer" daemon [_thread_blocked, id=1544, stack(0x0000000017d30000,0x0000000017e30000)]
  0x0000000016aa7000 JavaThread "Reference Handler" daemon [_thread_blocked, id=5776, stack(0x0000000017c30000,0x0000000017d30000)]
  0x000000000462a000 JavaThread "main" [_thread_in_vm, id=5240, stack(0x0000000004520000,0x0000000004620000)]

Other Threads:
  0x0000000016aa4800 VMThread [stack: 0x0000000017b30000,0x0000000017c30000] [id=7052]
  0x0000000016b3e000 WatcherThread [stack: 0x0000000018920000,0x0000000018a20000] [id=7740]

VM state:not at safepoint (normal execution)

VM Mutex/Monitor currently owned by a thread: None

Heap:
 PSYoungGen      total 71680K, used 10501K [0x00000000ec700000, 0x00000000f4800000, 0x0000000100000000)
  eden space 57856K, 18% used [0x00000000ec700000,0x00000000ed141528,0x00000000eff80000)
  from space 13824K, 0% used [0x00000000f1380000,0x00000000f1380000,0x00000000f2100000)
  to   space 20480K, 0% used [0x00000000eff80000,0x00000000eff80000,0x00000000f1380000)
 ParOldGen       total 36352K, used 36105K [0x00000000c5400000, 0x00000000c7780000, 0x00000000ec700000)
  object space 36352K, 99% used [0x00000000c5400000,0x00000000c77425a8,0x00000000c7780000)
 Metaspace       used 39719K, capacity 40333K, committed 40664K, reserved 1085440K
  class space    used 4943K, capacity 5104K, committed 5120K, reserved 1048576K

Card table byte_map: [0x0000000013ae0000,0x0000000013cc0000] byte_map_base: 0x00000000134b6000

Marking Bits: (ParMarkBitMap*) 0x00000000632f4970
 Begin Bits: [0x0000000014200000, 0x00000000150b0000)
 End Bits:   [0x00000000150b0000, 0x0000000015f60000)

Polling page: 0x00000000003e0000

CodeCache: size=245760Kb used=14933Kb max_used=14933Kb free=230826Kb
 bounds [0x0000000004720000, 0x00000000055c0000, 0x0000000013720000]
 total_blobs=5089 nmethods=4652 adapters=348
 compilation: enabled

Compilation events (10 events):
Event: 8.957 Thread 0x0000000016aea800 nmethod 4705 0x00000000055b43d0 code [0x00000000055b4560, 0x00000000055b47f8]
Event: 8.957 Thread 0x0000000016aea800 4707       2       org.jetbrains.kotlin.cli.jvm.compiler.KotlinCliJavaFileManagerImpl$knownClassNamesInPackage$1::invoke (89 bytes)
Event: 8.959 Thread 0x0000000016aea800 nmethod 4707 0x00000000055b4950 code [0x00000000055b4bc0, 0x00000000055b51d8]
Event: 8.959 Thread 0x0000000016aea800 4708       2       org.jetbrains.kotlin.cli.jvm.compiler.KotlinCliJavaFileManagerImpl$knownClassNamesInPackage$1::invoke (16 bytes)
Event: 8.959 Thread 0x0000000016aea800 nmethod 4708 0x00000000055b5810 code [0x00000000055b5980, 0x00000000055b5b68]
Event: 8.959 Thread 0x0000000016aea800 4706       2       org.jetbrains.kotlin.cli.jvm.compiler.CliVirtualFileFinder$findBinaryClass$1::invoke (13 bytes)
Event: 8.959 Thread 0x0000000016aea800 nmethod 4706 0x00000000055b5c50 code [0x00000000055b5dc0, 0x00000000055b5f88]
Event: 9.005 Thread 0x0000000016aea800 4709       2       org.jetbrains.kotlin.com.intellij.util.containers.ConcurrentIntObjectHashMap$Node::<init> (26 bytes)
Event: 9.006 Thread 0x0000000016aea800 nmethod 4709 0x00000000055b6050 code [0x00000000055b61a0, 0x00000000055b6330]
Event: 9.041 Thread 0x0000000016aea800 4710       2       org.jetbrains.org.objectweb.asm.ClassReader::accept (1257 bytes)

GC Heap History (10 events):
Event: 3.369 GC heap before
{Heap before GC invocations=7 (full 1):
 PSYoungGen      total 33280K, used 30720K [0x00000000ec700000, 0x00000000f1200000, 0x0000000100000000)
  eden space 30720K, 100% used [0x00000000ec700000,0x00000000ee500000,0x00000000ee500000)
  from space 2560K, 0% used [0x00000000ee500000,0x00000000ee500000,0x00000000ee780000)
  to   space 7680K, 0% used [0x00000000f0a80000,0x00000000f0a80000,0x00000000f1200000)
 ParOldGen       total 36352K, used 7799K [0x00000000c5400000, 0x00000000c7780000, 0x00000000ec700000)
  object space 36352K, 21% used [0x00000000c5400000,0x00000000c5b9dde0,0x00000000c7780000)
 Metaspace       used 22269K, capacity 22689K, committed 23040K, reserved 1069056K
  class space    used 2830K, capacity 2962K, committed 3072K, reserved 1048576K
Event: 3.381 GC heap after
Heap after GC invocations=7 (full 1):
 PSYoungGen      total 51200K, used 6510K [0x00000000ec700000, 0x00000000f1100000, 0x0000000100000000)
  eden space 44544K, 0% used [0x00000000ec700000,0x00000000ec700000,0x00000000ef280000)
  from space 6656K, 97% used [0x00000000f0a80000,0x00000000f10dbad8,0x00000000f1100000)
  to   space 7680K, 0% used [0x00000000f0200000,0x00000000f0200000,0x00000000f0980000)
 ParOldGen       total 36352K, used 7807K [0x00000000c5400000, 0x00000000c7780000, 0x00000000ec700000)
  object space 36352K, 21% used [0x00000000c5400000,0x00000000c5b9fde0,0x00000000c7780000)
 Metaspace       used 22269K, capacity 22689K, committed 23040K, reserved 1069056K
  class space    used 2830K, capacity 2962K, committed 3072K, reserved 1048576K
}
Event: 4.925 GC heap before
{Heap before GC invocations=8 (full 1):
 PSYoungGen      total 51200K, used 51054K [0x00000000ec700000, 0x00000000f1100000, 0x0000000100000000)
  eden space 44544K, 100% used [0x00000000ec700000,0x00000000ef280000,0x00000000ef280000)
  from space 6656K, 97% used [0x00000000f0a80000,0x00000000f10dbad8,0x00000000f1100000)
  to   space 7680K, 0% used [0x00000000f0200000,0x00000000f0200000,0x00000000f0980000)
 ParOldGen       total 36352K, used 7807K [0x00000000c5400000, 0x00000000c7780000, 0x00000000ec700000)
  object space 36352K, 21% used [0x00000000c5400000,0x00000000c5b9fde0,0x00000000c7780000)
 Metaspace       used 30334K, capacity 30827K, committed 31104K, reserved 1077248K
  class space    used 3804K, capacity 3949K, committed 3968K, reserved 1048576K
Event: 4.960 GC heap after
Heap after GC invocations=8 (full 1):
 PSYoungGen      total 68096K, used 7653K [0x00000000ec700000, 0x00000000f2100000, 0x0000000100000000)
  eden space 60416K, 0% used [0x00000000ec700000,0x00000000ec700000,0x00000000f0200000)
  from space 7680K, 99% used [0x00000000f0200000,0x00000000f0979650,0x00000000f0980000)
  to   space 13824K, 0% used [0x00000000f1380000,0x00000000f1380000,0x00000000f2100000)
 ParOldGen       total 36352K, used 17946K [0x00000000c5400000, 0x00000000c7780000, 0x00000000ec700000)
  object space 36352K, 49% used [0x00000000c5400000,0x00000000c6586b60,0x00000000c7780000)
 Metaspace       used 30334K, capacity 30827K, committed 31104K, reserved 1077248K
  class space    used 3804K, capacity 3949K, committed 3968K, reserved 1048576K
}
Event: 6.368 GC heap before
{Heap before GC invocations=9 (full 1):
 PSYoungGen      total 68096K, used 67770K [0x00000000ec700000, 0x00000000f2100000, 0x0000000100000000)
  eden space 60416K, 99% used [0x00000000ec700000,0x00000000f01b5470,0x00000000f0200000)
  from space 7680K, 99% used [0x00000000f0200000,0x00000000f0979650,0x00000000f0980000)
  to   space 13824K, 0% used [0x00000000f1380000,0x00000000f1380000,0x00000000f2100000)
 ParOldGen       total 36352K, used 17946K [0x00000000c5400000, 0x00000000c7780000, 0x00000000ec700000)
  object space 36352K, 49% used [0x00000000c5400000,0x00000000c6586b60,0x00000000c7780000)
 Metaspace       used 34657K, capacity 35161K, committed 35416K, reserved 1081344K
  class space    used 4304K, capacity 4448K, committed 4480K, reserved 1048576K
Event: 6.430 GC heap after
Heap after GC invocations=9 (full 1):
 PSYoungGen      total 71680K, used 13798K [0x00000000ec700000, 0x00000000f4800000, 0x0000000100000000)
  eden space 57856K, 0% used [0x00000000ec700000,0x00000000ec700000,0x00000000eff80000)
  from space 13824K, 99% used [0x00000000f1380000,0x00000000f20f9aa8,0x00000000f2100000)
  to   space 20480K, 0% used [0x00000000eff80000,0x00000000eff80000,0x00000000f1380000)
 ParOldGen       total 36352K, used 28591K [0x00000000c5400000, 0x00000000c7780000, 0x00000000ec700000)
  object space 36352K, 78% used [0x00000000c5400000,0x00000000c6febdc8,0x00000000c7780000)
 Metaspace       used 34657K, capacity 35161K, committed 35416K, reserved 1081344K
  class space    used 4304K, capacity 4448K, committed 4480K, reserved 1048576K
}
Event: 6.430 GC heap before
{Heap before GC invocations=10 (full 2):
 PSYoungGen      total 71680K, used 13798K [0x00000000ec700000, 0x00000000f4800000, 0x0000000100000000)
  eden space 57856K, 0% used [0x00000000ec700000,0x00000000ec700000,0x00000000eff80000)
  from space 13824K, 99% used [0x00000000f1380000,0x00000000f20f9aa8,0x00000000f2100000)
  to   space 20480K, 0% used [0x00000000eff80000,0x00000000eff80000,0x00000000f1380000)
 ParOldGen       total 36352K, used 28591K [0x00000000c5400000, 0x00000000c7780000, 0x00000000ec700000)
  object space 36352K, 78% used [0x00000000c5400000,0x00000000c6febdc8,0x00000000c7780000)
 Metaspace       used 34657K, capacity 35161K, committed 35416K, reserved 1081344K
  class space    used 4304K, capacity 4448K, committed 4480K, reserved 1048576K
Event: 6.641 GC heap after
Heap after GC invocations=10 (full 2):
 PSYoungGen      total 71680K, used 0K [0x00000000ec700000, 0x00000000f4800000, 0x0000000100000000)
  eden space 57856K, 0% used [0x00000000ec700000,0x00000000ec700000,0x00000000eff80000)
  from space 13824K, 0% used [0x00000000f1380000,0x00000000f1380000,0x00000000f2100000)
  to   space 20480K, 0% used [0x00000000eff80000,0x00000000eff80000,0x00000000f1380000)
 ParOldGen       total 36352K, used 29198K [0x00000000c5400000, 0x00000000c7780000, 0x00000000ec700000)
  object space 36352K, 80% used [0x00000000c5400000,0x00000000c7083880,0x00000000c7780000)
 Metaspace       used 34657K, capacity 35161K, committed 35416K, reserved 1081344K
  class space    used 4304K, capacity 4448K, committed 4480K, reserved 1048576K
}
Event: 8.386 GC heap before
{Heap before GC invocations=11 (full 3):
 PSYoungGen      total 71680K, used 57856K [0x00000000ec700000, 0x00000000f4800000, 0x0000000100000000)
  eden space 57856K, 100% used [0x00000000ec700000,0x00000000eff80000,0x00000000eff80000)
  from space 13824K, 0% used [0x00000000f1380000,0x00000000f1380000,0x00000000f2100000)
  to   space 20480K, 0% used [0x00000000eff80000,0x00000000eff80000,0x00000000f1380000)
 ParOldGen       total 36352K, used 29198K [0x00000000c5400000, 0x00000000c7780000, 0x00000000ec700000)
  object space 36352K, 80% used [0x00000000c5400000,0x00000000c7083880,0x00000000c7780000)
 Metaspace       used 38553K, capacity 39143K, committed 39512K, reserved 1083392K
  class space    used 4795K, capacity 4927K, committed 4992K, reserved 1048576K
Event: 8.674 GC heap after
Heap after GC invocations=11 (full 3):
 PSYoungGen      total 71680K, used 914K [0x00000000ec700000, 0x00000000f4800000, 0x0000000100000000)
  eden space 57856K, 1% used [0x00000000ec700000,0x00000000ec7e4a18,0x00000000eff80000)
  from space 13824K, 0% used [0x00000000f1380000,0x00000000f1380000,0x00000000f2100000)
  to   space 20480K, 0% used [0x00000000eff80000,0x00000000eff80000,0x00000000f1380000)
 ParOldGen       total 36352K, used 36105K [0x00000000c5400000, 0x00000000c7780000, 0x00000000ec700000)
  object space 36352K, 99% used [0x00000000c5400000,0x00000000c77425a8,0x00000000c7780000)
 Metaspace       used 38553K, capacity 39143K, committed 39512K, reserved 1083392K
  class space    used 4795K, capacity 4927K, committed 4992K, reserved 1048576K
}

Deoptimization events (10 events):
Event: 7.779 Thread 0x000000000462a000 Uncommon trap: reason=unstable_if action=reinterpret pc=0x0000000004c4e000 method=org.jetbrains.kotlin.protobuf.CodedInputStream.readRawVarint32()I @ 69
Event: 7.779 Thread 0x000000000462a000 Uncommon trap: reason=unstable_if action=reinterpret pc=0x0000000004ef3f08 method=org.jetbrains.kotlin.protobuf.CodedOutputStream.computeRawVarint32Size(I)I @ 14
Event: 8.793 Thread 0x000000000462a000 Uncommon trap: reason=class_check action=maybe_recompile pc=0x00000000055a60d0 method=org.jetbrains.kotlin.com.intellij.psi.impl.source.tree.TreeElement.rawRemoveUpToWithoutNotifications(Lorg/jetbrains/kotlin/com/intellij/psi/impl/source/tree/TreeElement;
Event: 8.793 Thread 0x000000000462a000 Uncommon trap: reason=bimorphic action=maybe_recompile pc=0x0000000005578a7c method=org.jetbrains.kotlin.com.intellij.psi.impl.source.tree.SharedImplUtil.findFileElement(Lorg/jetbrains/kotlin/com/intellij/lang/ASTNode;)Lorg/jetbrains/kotlin/com/intellij/l
Event: 8.793 Thread 0x000000000462a000 Uncommon trap: reason=bimorphic action=maybe_recompile pc=0x0000000005578a7c method=org.jetbrains.kotlin.com.intellij.psi.impl.source.tree.SharedImplUtil.findFileElement(Lorg/jetbrains/kotlin/com/intellij/lang/ASTNode;)Lorg/jetbrains/kotlin/com/intellij/l
Event: 8.793 Thread 0x000000000462a000 Uncommon trap: reason=bimorphic action=maybe_recompile pc=0x0000000005578a7c method=org.jetbrains.kotlin.com.intellij.psi.impl.source.tree.SharedImplUtil.findFileElement(Lorg/jetbrains/kotlin/com/intellij/lang/ASTNode;)Lorg/jetbrains/kotlin/com/intellij/l
Event: 8.793 Thread 0x000000000462a000 Uncommon trap: reason=bimorphic action=maybe_recompile pc=0x0000000005578a7c method=org.jetbrains.kotlin.com.intellij.psi.impl.source.tree.SharedImplUtil.findFileElement(Lorg/jetbrains/kotlin/com/intellij/lang/ASTNode;)Lorg/jetbrains/kotlin/com/intellij/l
Event: 8.845 Thread 0x000000000462a000 Uncommon trap: reason=class_check action=maybe_recompile pc=0x0000000004ed8250 method=java.util.AbstractList.hashCode()I @ 36
Event: 8.845 Thread 0x000000000462a000 Uncommon trap: reason=class_check action=maybe_recompile pc=0x0000000004ed8250 method=java.util.AbstractList.hashCode()I @ 36
Event: 9.025 Thread 0x000000000462a000 Uncommon trap: reason=unstable_if action=reinterpret pc=0x00000000054caa94 method=org.jetbrains.org.objectweb.asm.ClassReader.readMethod(Lorg/jetbrains/org/objectweb/asm/ClassVisitor;Lorg/jetbrains/org/objectweb/asm/Context;I)I @ 126

Classes redefined (0 events):
No events

Internal exceptions (10 events):
Event: 4.582 Thread 0x000000000462a000 Exception <a 'java/lang/NoSuchMethodError': java.lang.Object.lambda$static$0(I)[Lorg/jetbrains/kotlin/psi/KtExpression;> (0x00000000eeb87f90) thrown at [D:\src\AOSP-openjdk-cygwin\jdk8u\hotspot\src\share\vm\interpreter\linkResolver.cpp, line 584]
Event: 4.767 Thread 0x000000000462a000 Exception <a 'java/lang/NoSuchMethodError': java.lang.Object.lambda$static$0(I)[Lorg/jetbrains/kotlin/psi/KtDeclaration;> (0x00000000eee81898) thrown at [D:\src\AOSP-openjdk-cygwin\jdk8u\hotspot\src\share\vm\interpreter\linkResolver.cpp, line 584]
Event: 4.805 Thread 0x000000000462a000 Exception <a 'java/lang/NoSuchMethodError': java.lang.Object.lambda$static$0(I)[Lorg/jetbrains/kotlin/com/intellij/psi/PsiElement;> (0x00000000eef13760) thrown at [D:\src\AOSP-openjdk-cygwin\jdk8u\hotspot\src\share\vm\interpreter\linkResolver.cpp, line 58
Event: 4.842 Thread 0x000000000462a000 Exception <a 'java/lang/NoSuchMethodError': java.lang.Object.lambda$static$0(I)[Lorg/jetbrains/kotlin/psi/KtTypeElement;> (0x00000000eefce388) thrown at [D:\src\AOSP-openjdk-cygwin\jdk8u\hotspot\src\share\vm\interpreter\linkResolver.cpp, line 584]
Event: 5.349 Thread 0x000000000462a000 Exception <a 'java/lang/NoSuchMethodError': java.lang.Object.lambda$static$0(I)[Lorg/jetbrains/kotlin/com/intellij/psi/PsiClass;> (0x00000000ed3549f8) thrown at [D:\src\AOSP-openjdk-cygwin\jdk8u\hotspot\src\share\vm\interpreter\linkResolver.cpp, line 584]
Event: 8.348 Thread 0x000000000462a000 Exception <a 'java/lang/NoSuchMethodError': java.lang.Object.lambda$static$0(I)[Lorg/jetbrains/kotlin/com/intellij/psi/PsiTypeElement;> (0x00000000efef18a8) thrown at [D:\src\AOSP-openjdk-cygwin\jdk8u\hotspot\src\share\vm\interpreter\linkResolver.cpp, lin
Event: 8.838 Thread 0x000000000462a000 Exception <a 'java/lang/NoSuchMethodError': java.lang.Object.lambda$static$0(I)[Lorg/jetbrains/kotlin/com/intellij/psi/PsiTypeParameter;> (0x00000000ecd3fb90) thrown at [D:\src\AOSP-openjdk-cygwin\jdk8u\hotspot\src\share\vm\interpreter\linkResolver.cpp, l
Event: 8.886 Thread 0x000000000462a000 Exception <a 'java/lang/NoSuchMethodError': java.lang.Object.lambda$static$0(I)[Lorg/jetbrains/kotlin/com/intellij/psi/PsiMethod;> (0x00000000ece1bfb0) thrown at [D:\src\AOSP-openjdk-cygwin\jdk8u\hotspot\src\share\vm\interpreter\linkResolver.cpp, line 584
Event: 8.889 Thread 0x000000000462a000 Exception <a 'java/lang/NoSuchMethodError': java.lang.Object.lambda$static$0(I)[Lorg/jetbrains/kotlin/com/intellij/psi/PsiField;> (0x00000000ece26950) thrown at [D:\src\AOSP-openjdk-cygwin\jdk8u\hotspot\src\share\vm\interpreter\linkResolver.cpp, line 584]
Event: 8.951 Thread 0x000000000462a000 Exception <a 'java/lang/NoSuchMethodError': java.lang.Object.lambda$static$0(I)[Lorg/jetbrains/kotlin/com/intellij/psi/PsiJavaCodeReferenceElement;> (0x00000000ecf0e3d0) thrown at [D:\src\AOSP-openjdk-cygwin\jdk8u\hotspot\src\share\vm\interpreter\linkReso

Events (10 events):
Event: 9.036 loading class org/jetbrains/org/objectweb/asm/FieldWriter
Event: 9.036 loading class org/jetbrains/org/objectweb/asm/FieldWriter done
Event: 9.037 Executing VM operation: Deoptimize
Event: 9.038 Executing VM operation: Deoptimize done
Event: 9.039 loading class org/jetbrains/kotlin/com/intellij/psi/impl/compiled/SignatureParsing
Event: 9.039 loading class org/jetbrains/kotlin/com/intellij/psi/impl/compiled/SignatureParsing done
Event: 9.041 loading class org/jetbrains/kotlin/com/intellij/psi/stubs/IndexSink
Event: 9.041 loading class org/jetbrains/kotlin/com/intellij/psi/stubs/IndexSink done
Event: 9.042 loading class org/jetbrains/kotlin/com/intellij/psi/stubs/StubSpine
Event: 9.042 loading class org/jetbrains/kotlin/com/intellij/psi/stubs/StubSpine done


Dynamic libraries:
0x00007ff616780000 - 0x00007ff6167b1000 	C:\Program Files\Android\Android Studio\jre\jre\bin\java.exe
0x00007fff33470000 - 0x00007fff33650000 	C:\WINDOWS\SYSTEM32\ntdll.dll
0x00007fff30b30000 - 0x00007fff30bde000 	C:\WINDOWS\System32\KERNEL32.DLL
0x00007fff305a0000 - 0x00007fff30806000 	C:\WINDOWS\System32\KERNELBASE.dll
0x00007fff30940000 - 0x00007fff309e1000 	C:\WINDOWS\System32\ADVAPI32.dll
0x00007fff314c0000 - 0x00007fff3155d000 	C:\WINDOWS\System32\msvcrt.dll
0x00007fff31040000 - 0x00007fff3109b000 	C:\WINDOWS\System32\sechost.dll
0x00007fff33200000 - 0x00007fff3331f000 	C:\WINDOWS\System32\RPCRT4.dll
0x00007fff31290000 - 0x00007fff3141f000 	C:\WINDOWS\System32\USER32.dll
0x00007fff30580000 - 0x00007fff305a0000 	C:\WINDOWS\System32\win32u.dll
0x00007fff30a50000 - 0x00007fff30a78000 	C:\WINDOWS\System32\GDI32.dll
0x00007fff2f870000 - 0x00007fff2fa03000 	C:\WINDOWS\System32\gdi32full.dll
0x00007fff304e0000 - 0x00007fff3057b000 	C:\WINDOWS\System32\msvcp_win.dll
0x00007fff2fa10000 - 0x00007fff2fb06000 	C:\WINDOWS\System32\ucrtbase.dll
0x00007fff20100000 - 0x00007fff20369000 	C:\WINDOWS\WinSxS\amd64_microsoft.windows.common-controls_6595b64144ccf1df_6.0.16299.371_none_15c7d1789365a290\COMCTL32.dll
0x00007fff31560000 - 0x00007fff31868000 	C:\WINDOWS\System32\combase.dll
0x00007fff308c0000 - 0x00007fff30932000 	C:\WINDOWS\System32\bcryptPrimitives.dll
0x00007fff33400000 - 0x00007fff3342d000 	C:\WINDOWS\System32\IMM32.DLL
0x0000000062a50000 - 0x0000000062b22000 	C:\Program Files\Android\Android Studio\jre\jre\bin\msvcr100.dll
0x0000000062b30000 - 0x000000006336f000 	C:\Program Files\Android\Android Studio\jre\jre\bin\server\jvm.dll
0x00007fff311b0000 - 0x00007fff311b8000 	C:\WINDOWS\System32\PSAPI.DLL
0x00007fff2d320000 - 0x00007fff2d343000 	C:\WINDOWS\SYSTEM32\WINMM.dll
0x00007fff2e370000 - 0x00007fff2e37a000 	C:\WINDOWS\SYSTEM32\VERSION.dll
0x00007fff2e460000 - 0x00007fff2e469000 	C:\WINDOWS\SYSTEM32\WSOCK32.dll
0x00007fff31cf0000 - 0x00007fff31d5c000 	C:\WINDOWS\System32\WS2_32.dll
0x00007fff2d2f0000 - 0x00007fff2d31a000 	C:\WINDOWS\SYSTEM32\winmmbase.dll
0x00007fff30870000 - 0x00007fff308ba000 	C:\WINDOWS\System32\cfgmgr32.dll
0x00007fff2e450000 - 0x00007fff2e45f000 	C:\Program Files\Android\Android Studio\jre\jre\bin\verify.dll
0x00007fff2e420000 - 0x00007fff2e449000 	C:\Program Files\Android\Android Studio\jre\jre\bin\java.dll
0x00007fff2d3e0000 - 0x00007fff2d3f6000 	C:\Program Files\Android\Android Studio\jre\jre\bin\zip.dll
0x00007fff31dc0000 - 0x00007fff331f6000 	C:\WINDOWS\System32\SHELL32.dll
0x00007fff30a80000 - 0x00007fff30b26000 	C:\WINDOWS\System32\shcore.dll
0x00007fff2fb10000 - 0x00007fff30257000 	C:\WINDOWS\System32\windows.storage.dll
0x00007fff31d60000 - 0x00007fff31db1000 	C:\WINDOWS\System32\shlwapi.dll
0x00007fff2f7c0000 - 0x00007fff2f7d1000 	C:\WINDOWS\System32\kernel.appcore.dll
0x00007fff2f820000 - 0x00007fff2f86c000 	C:\WINDOWS\System32\powrprof.dll
0x00007fff2f800000 - 0x00007fff2f81b000 	C:\WINDOWS\System32\profapi.dll
0x00007fff2c380000 - 0x00007fff2c39a000 	C:\Program Files\Android\Android Studio\jre\jre\bin\net.dll
0x00007fff2eff0000 - 0x00007fff2f056000 	C:\WINDOWS\system32\mswsock.dll
0x00007fff2c330000 - 0x00007fff2c341000 	C:\Program Files\Android\Android Studio\jre\jre\bin\nio.dll

VM Arguments:
java_command: org.jetbrains.kotlin.cli.jvm.K2JVMCompiler -Xadd-compiler-builtins -Xbuild-file=C:\Users\Kent\AppData\Local\Temp\kjps3440734483055544835app_debug.script.xml -classpath C:\Users\Kent\.gradle\caches\transforms-1\files-1.1\multidex-1.0.2.aar\8fde2b77733897071e124a246e5472b8\jars\classes.jar;C:\Users\Kent\.gradle\caches\transforms-1\files-1.1\play-services-11.8.0.aar\0e49f7fd6d7dbe64406fce61f9f5aff0\jars\classes.jar;C:\Users\Kent\.gradle\caches\transforms-1\files-1.1\firebase-auth-11.8.0.aar\dc39227edd80bd6c798a92df78c6a4b9\jars\classes.jar;C:\Users\Kent\.gradle\caches\transforms-1\files-1.1\firebase-database-11.8.0.aar\2d60681e1a8e0a1fdced6a630c62ce26\jars\classes.jar;C:\Users\Kent\.gradle\caches\modules-2\files-2.1\org.jetbrains.kotlin\kotlin-stdlib-jre7\1.2.30\b38fc19e670ebef931fef3ccdcb94eac2b65bb7d\kotlin-stdlib-jre7-1.2.30.jar;C:\Users\Kent\.gradle\caches\transforms-1\files-1.1\design-27.1.1.aar\9d9ab11777a070fbb9d052fca1bc359c\jars\classes.jar;C:\Users\Kent\.gradle\caches\transforms-1\files-1.1\play-services-cast-framework-11.8.0.aar\6d611c158828919ce9eaa4eb24065508\jars\classes.jar;C:\Users\Kent\.gradle\caches\transforms-1\files-1.1\play-services-cast-11.8.0.aar\f75c9ab7bdd0cfe66c401cfbd7f14dce\jars\classes.jar;C:\Users\Kent\.gradle\caches\transforms-1\files-1.1\mediarouter-v7-25.2.0.aar\efb258e65b4fbc074c669ea104f85d13\jars\classes.jar;C:\Users\Kent\.gradle\caches\transforms-1\files-1.1\appcompat-v7-27.1.1.aar\c1b30c7a41eb3bd2ad8b752d0309c90a\jars\classes.jar;C:\Users\Kent\.gradle\caches\transforms-1\files-1.1\constraint-layout-1.1.0.aar\82d632c38c624b3ec4b9d885e3a607e0\jars\classes.jar;C:\Users\Kent\.gradle\caches\transforms-1\files-1.1\firebase-core-11.8.0.aar\588d04b1a06b221d7f6d9db0479c0689\jars\classes.jar;C:\Users\Kent\.gradle\caches\transforms-1\files-1.1\play-services-analytics-11.8.0.aar\cc116881a78c639e917c551b6045692d\jars\classes.jar;C:\Users\Kent\.gradle\caches\transforms-1\files-1.1\play-services-tagmanager-11.8.0.aar\abca21a01bcdc
java_class_path (initial): C:\Users\Kent\.gradle\caches\modules-2\files-2.1\org.jetbrains.kotlin\kotlin-compiler-embeddable\1.2.30\9b3f10d4717b9ac238b287e9b6eb2b4eadd8e870\kotlin-compiler-embeddable-1.2.30.jar;C:\Users\Kent\.gradle\caches\modules-2\files-2.1\org.jetbrains.kotlin\kotlin-stdlib\1.2.30\2dfac33f8b4e92c9dd1422cd286834701a6f6d6\kotlin-stdlib-1.2.30.jar;C:\Users\Kent\.gradle\caches\modules-2\files-2.1\org.jetbrains.kotlin\kotlin-script-runtime\1.2.30\37ee7531a636e99b639f8b1544cdda27d0ee30b0\kotlin-script-runtime-1.2.30.jar;C:\Users\Kent\.gradle\caches\modules-2\files-2.1\org.jetbrains.kotlin\kotlin-reflect\1.2.30\9758025a415ee400e1f90ff222bcfec247779133\kotlin-reflect-1.2.30.jar;C:\Program Files\Android\Android Studio\jre\lib\tools.jar
Launcher Type: SUN_STANDARD

Environment Variables:
PATH=C:\WINDOWS\system32;C:\WINDOWS;C:\WINDOWS\System32\Wbem;C:\WINDOWS\System32\WindowsPowerShell\v1.0\;C:\Program Files\Git\cmd;C:\Users\Kent\AppData\Local\Microsoft\WindowsApps;
USERNAME=Kent
OS=Windows_NT
PROCESSOR_IDENTIFIER=Intel64 Family 6 Model 37 Stepping 5, GenuineIntel



---------------  S Y S T E M  ---------------

OS: Windows 10.0 , 64 bit Build 16299 (10.0.16299.15)

CPU:total 4 (initial active 4) (2 cores per cpu, 2 threads per core) family 6 model 37 stepping 5, cmov, cx8, fxsr, mmx, sse, sse2, sse3, ssse3, sse4.1, sse4.2, popcnt, ht, tsc, tscinvbit

Memory: 4k page, physical 3848288k(473016k free), swap 5246048k(5452k free)

vm_info: OpenJDK 64-Bit Server VM (25.152-b02) for windows-amd64 JRE (1.8.0_152-release-1024-b02), built by "builder" with MS VC++ 10.0 (VS2010)

time: Fri May 04 22:40:40 2018
elapsed time: 9 seconds (0d 0h 0m 9s)

