#
# There is insufficient memory for the Java Runtime Environment to continue.
# Native memory allocation (malloc) failed to allocate 1033136 bytes for Chunk::new
# Possible reasons:
#   The system is out of physical RAM or swap space
#   In 32 bit mode, the process size limit was hit
# Possible solutions:
#   Reduce memory load on the system
#   Increase physical memory or swap space
#   Check if swap backing store is full
#   Use 64 bit Java on a 64 bit OS
#   Decrease Java heap size (-Xmx/-Xms)
#   Decrease number of Java threads
#   Decrease Java thread stack sizes (-Xss)
#   Set larger code cache with -XX:ReservedCodeCacheSize=
# This output file may be truncated or incomplete.
#
#  Out of Memory Error (allocation.cpp:390), pid=8960, tid=0x0000000000000a0c
#
# JRE version: OpenJDK Runtime Environment (8.0_152-b02) (build 1.8.0_152-release-1024-b02)
# Java VM: OpenJDK 64-Bit Server VM (25.152-b02 mixed mode windows-amd64 compressed oops)
# Failed to write core dump. Minidumps are not enabled by default on client versions of Windows
#

---------------  T H R E A D  ---------------

Current thread (0x000000001820f000):  JavaThread "C2 CompilerThread1" daemon [_thread_in_native, id=2572, stack(0x0000000019960000,0x0000000019a60000)]

Stack: [0x0000000019960000,0x0000000019a60000]
[error occurred during error reporting (printing stack bounds), id 0xc0000005]

Native frames: (J=compiled Java code, j=interpreted, Vv=VM code, C=native code)


Current CompileTask:
C2: 899358 16910       4       com.android.tools.r8.ir.conversion.JarSourceCode::updateState (278 bytes)


---------------  P R O C E S S  ---------------

Java Threads: ( => current thread )
  0x00000000211e3800 JavaThread "pool-17-thread-2" [_thread_in_Java, id=228, stack(0x000000002de80000,0x000000002df80000)]
  0x000000001e309000 JavaThread "pool-17-thread-1" [_thread_blocked, id=8652, stack(0x000000002dd80000,0x000000002de80000)]
  0x000000001e30c000 JavaThread "ForkJoinPool.commonPool-worker-0" daemon [_thread_in_native, id=5380, stack(0x000000002c680000,0x000000002c780000)]
  0x000000001e30e800 JavaThread "ForkJoinPool.commonPool-worker-3" daemon [_thread_blocked, id=6056, stack(0x000000002c580000,0x000000002c680000)]
  0x000000001e301000 JavaThread "ForkJoinPool.commonPool-worker-2" daemon [_thread_in_native, id=7636, stack(0x000000002c480000,0x000000002c580000)]
  0x000000001e301800 JavaThread "Cache worker for Java compile cache (C:\Users\Kent\AndroidStudioProjects\HyperDeals\.gradle\4.4\javaCompile)" [_thread_blocked, id=4664, stack(0x000000002c380000,0x000000002c480000)]
  0x000000001e300000 JavaThread "RMI TCP Connection(idle)" daemon [_thread_blocked, id=2744, stack(0x000000002c280000,0x000000002c380000)]
  0x000000001e307000 JavaThread "RMI Reaper" [_thread_blocked, id=8304, stack(0x000000002c180000,0x000000002c280000)]
  0x000000001e305800 JavaThread "RMI TCP Accept-0" daemon [_thread_in_native, id=7524, stack(0x000000002c080000,0x000000002c180000)]
  0x000000001e302800 JavaThread "GC Daemon" daemon [_thread_blocked, id=7300, stack(0x000000002bf80000,0x000000002c080000)]
  0x000000001e2ff800 JavaThread "RMI Scheduler(0)" daemon [_thread_blocked, id=7156, stack(0x000000002bd80000,0x000000002be80000)]
  0x000000001e303000 JavaThread "Task worker for ':' Thread 3" [_thread_blocked, id=6440, stack(0x000000002a280000,0x000000002a380000)]
  0x0000000020e02800 JavaThread "Task worker for ':' Thread 2" [_thread_blocked, id=2520, stack(0x000000002a180000,0x000000002a280000)]
  0x0000000020e01800 JavaThread "Task worker for ':'" [_thread_blocked, id=8820, stack(0x000000002a080000,0x000000002a180000)]
  0x0000000020e01000 JavaThread "Cache worker for Build Output Cleanup Cache (C:\Users\Kent\AndroidStudioProjects\HyperDeals\.gradle\buildOutputCleanup)" [_thread_blocked, id=3648, stack(0x0000000029f80000,0x000000002a080000)]
  0x0000000020e00000 JavaThread "Cache worker for task history cache (C:\Users\Kent\AndroidStudioProjects\HyperDeals\.gradle\4.4\taskHistory)" [_thread_blocked, id=5708, stack(0x0000000029e80000,0x0000000029f80000)]
  0x0000000020df8800 JavaThread "Cache worker for file content cache (C:\Users\Kent\AndroidStudioProjects\HyperDeals\.gradle\4.4\fileContent)" [_thread_blocked, id=2464, stack(0x0000000029d80000,0x0000000029e80000)]
  0x0000000020dfe800 JavaThread "build operations Thread 4" [_thread_blocked, id=6164, stack(0x0000000029c80000,0x0000000029d80000)]
  0x0000000020dfe000 JavaThread "build operations Thread 3" [_thread_blocked, id=7500, stack(0x0000000029b80000,0x0000000029c80000)]
  0x0000000020dfd000 JavaThread "build operations Thread 2" [_thread_blocked, id=4336, stack(0x0000000029a80000,0x0000000029b80000)]
  0x0000000020df6800 JavaThread "build operations" [_thread_blocked, id=7740, stack(0x0000000029980000,0x0000000029a80000)]
  0x0000000020df7000 JavaThread "Cache worker for Artifact transforms cache (C:\Users\Kent\.gradle\caches\transforms-1)" [_thread_blocked, id=4888, stack(0x0000000029880000,0x0000000029980000)]
  0x0000000020df5000 JavaThread "Cache worker for file hash cache (C:\Users\Kent\AndroidStudioProjects\HyperDeals\.gradle\4.4\fileHashes)" [_thread_blocked, id=5632, stack(0x0000000029780000,0x0000000029880000)]
  0x0000000020dfb000 JavaThread "Asynchronous log dispatcher for DefaultDaemonConnection: socket connection from /127.0.0.1:52919 to /127.0.0.1:53182" [_thread_blocked, id=1828, stack(0x0000000029580000,0x0000000029680000)]
  0x0000000020dfa000 JavaThread "Daemon worker Thread 2" [_thread_blocked, id=960, stack(0x0000000029480000,0x0000000029580000)]
  0x0000000020df8000 JavaThread "Cancel handler" [_thread_blocked, id=4252, stack(0x0000000029380000,0x0000000029480000)]
  0x0000000020df3800 JavaThread "Handler for socket connection from /127.0.0.1:52919 to /127.0.0.1:53182" [_thread_in_native, id=2236, stack(0x0000000029280000,0x0000000029380000)]
  0x0000000020df9800 JavaThread "Daemon Thread 2" [_thread_blocked, id=5676, stack(0x0000000029180000,0x0000000029280000)]
  0x0000000020dfb800 JavaThread "Java2D Disposer" daemon [_thread_blocked, id=8640, stack(0x0000000027680000,0x0000000027780000)]
  0x00000000211e5000 JavaThread "Memory manager" [_thread_blocked, id=5280, stack(0x0000000023a40000,0x0000000023b40000)]
  0x000000001aa76000 JavaThread "File lock request listener" [_thread_in_native, id=6276, stack(0x000000001ccb0000,0x000000001cdb0000)]
  0x000000001a3a8000 JavaThread "Cache worker for file hash cache (C:\Users\Kent\.gradle\caches\4.4\fileHashes)" [_thread_blocked, id=7236, stack(0x000000001cbb0000,0x000000001ccb0000)]
  0x000000001a51b800 JavaThread "Daemon periodic checks" [_thread_blocked, id=9148, stack(0x000000001c0b0000,0x000000001c1b0000)]
  0x000000001ae9f800 JavaThread "Incoming local TCP Connector on port 52919" [_thread_in_native, id=5512, stack(0x000000001be70000,0x000000001bf70000)]
  0x0000000019b80800 JavaThread "Service Thread" daemon [_thread_blocked, id=5068, stack(0x0000000019f60000,0x000000001a060000)]
  0x0000000018216000 JavaThread "C1 CompilerThread2" daemon [_thread_blocked, id=7952, stack(0x0000000019a60000,0x0000000019b60000)]
=>0x000000001820f000 JavaThread "C2 CompilerThread1" daemon [_thread_in_native, id=2572, stack(0x0000000019960000,0x0000000019a60000)]
  0x000000001820c000 JavaThread "C2 CompilerThread0" daemon [_thread_in_native, id=7116, stack(0x0000000019860000,0x0000000019960000)]
  0x000000001820a800 JavaThread "Attach Listener" daemon [_thread_blocked, id=1416, stack(0x0000000019760000,0x0000000019860000)]
  0x0000000018209000 JavaThread "Signal Dispatcher" daemon [_thread_blocked, id=1188, stack(0x0000000019660000,0x0000000019760000)]
  0x00000000181f8800 JavaThread "Finalizer" daemon [_thread_blocked, id=8008, stack(0x0000000019470000,0x0000000019570000)]
  0x00000000181d7000 JavaThread "Reference Handler" daemon [_thread_blocked, id=4256, stack(0x0000000019370000,0x0000000019470000)]
  0x00000000047a2800 JavaThread "main" [_thread_blocked, id=2828, stack(0x00000000046a0000,0x00000000047a0000)]

Other Threads:
  0x00000000181d4000 VMThread [stack: 0x0000000019270000,0x0000000019370000] [id=5288]
  0x0000000019b81000 WatcherThread [stack: 0x000000001a060000,0x000000001a160000] [id=8400]

VM state:not at safepoint (normal execution)

VM Mutex/Monitor currently owned by a thread: None

Heap:
 PSYoungGen      total 175616K, used 81588K [0x00000000e0000000, 0x00000000ed980000, 0x0000000100000000)
  eden space 149504K, 52% used [0x00000000e0000000,0x00000000e4cbd2e8,0x00000000e9200000)
  from space 26112K, 11% used [0x00000000eab00000,0x00000000eadf0110,0x00000000ec480000)
  to   space 25600K, 0% used [0x00000000e9200000,0x00000000e9200000,0x00000000eab00000)
 ParOldGen       total 88064K, used 74248K [0x00000000a0000000, 0x00000000a5600000, 0x00000000e0000000)
  object space 88064K, 84% used [0x00000000a0000000,0x00000000a48822d8,0x00000000a5600000)
 Metaspace       used 95088K, capacity 98784K, committed 99160K, reserved 1134592K
  class space    used 12156K, capacity 12980K, committed 13184K, reserved 1048576K

Card table byte_map: [0x0000000013c60000,0x0000000013f70000] byte_map_base: 0x0000000013760000

Marking Bits: (ParMarkBitMap*) 0x0000000062bb4970
 Begin Bits: [0x0000000014570000, 0x0000000015d70000)
 End Bits:   [0x0000000015d70000, 0x0000000017570000)

Polling page: 0x0000000002cc0000

CodeCache: size=245760Kb used=46777Kb max_used=46967Kb free=198982Kb
 bounds [0x00000000048a0000, 0x00000000076c0000, 0x00000000138a0000]
 total_blobs=15558 nmethods=14546 adapters=924
 compilation: enabled

Compilation events (10 events):
Event: 898.899 Thread 0x0000000018216000 17752       2       com.android.tools.r8.code.MoveException::write (7 bytes)
Event: 898.900 Thread 0x0000000018216000 nmethod 17752 0x0000000005d55d50 code [0x0000000005d55ec0, 0x0000000005d56068]
Event: 898.902 Thread 0x0000000018216000 17753       1       com.android.tools.r8.code.AputObject::getOpcode (3 bytes)
Event: 898.902 Thread 0x0000000018216000 nmethod 17753 0x0000000005d55a90 code [0x0000000005d55be0, 0x0000000005d55cf0]
Event: 898.916 Thread 0x0000000018216000 17754       1       com.android.tools.r8.ir.code.ArithmeticBinop::asArithmeticBinop (2 bytes)
Event: 898.916 Thread 0x0000000018216000 nmethod 17754 0x000000000738fc10 code [0x000000000738fd60, 0x000000000738fe70]
Event: 898.920 Thread 0x0000000018216000 17756       2       com.android.tools.r8.ir.regalloc.LinearScanRegisterAllocator::valuesContain (65 bytes)
Event: 898.921 Thread 0x0000000018216000 nmethod 17756 0x000000000738f450 code [0x000000000738f600, 0x000000000738fa08]
Event: 898.937 Thread 0x0000000018216000 17757       1       com.android.tools.r8.ir.code.InstanceOf::isInstanceOf (2 bytes)
Event: 898.937 Thread 0x0000000018216000 nmethod 17757 0x000000000738f190 code [0x000000000738f2e0, 0x000000000738f3f0]

GC Heap History (10 events):
Event: 890.161 GC heap before
{Heap before GC invocations=26 (full 4):
 PSYoungGen      total 173056K, used 14655K [0x00000000e0000000, 0x00000000ec480000, 0x0000000100000000)
  eden space 146944K, 0% used [0x00000000e0000000,0x00000000e0000000,0x00000000e8f80000)
  from space 26112K, 56% used [0x00000000eab00000,0x00000000eb94fdf0,0x00000000ec480000)
  to   space 22528K, 0% used [0x00000000e9500000,0x00000000e9500000,0x00000000eab00000)
 ParOldGen       total 88064K, used 75893K [0x00000000a0000000, 0x00000000a5600000, 0x00000000e0000000)
  object space 88064K, 86% used [0x00000000a0000000,0x00000000a4a1d4b8,0x00000000a5600000)
 Metaspace       used 94455K, capacity 98230K, committed 98264K, reserved 1134592K
  class space    used 12166K, capacity 13029K, committed 13056K, reserved 1048576K
Event: 893.192 GC heap after
Heap after GC invocations=26 (full 4):
 PSYoungGen      total 173056K, used 0K [0x00000000e0000000, 0x00000000ec480000, 0x0000000100000000)
  eden space 146944K, 0% used [0x00000000e0000000,0x00000000e0000000,0x00000000e8f80000)
  from space 26112K, 0% used [0x00000000eab00000,0x00000000eab00000,0x00000000ec480000)
  to   space 22528K, 0% used [0x00000000e9500000,0x00000000e9500000,0x00000000eab00000)
 ParOldGen       total 88064K, used 69103K [0x00000000a0000000, 0x00000000a5600000, 0x00000000e0000000)
  object space 88064K, 78% used [0x00000000a0000000,0x00000000a437bf40,0x00000000a5600000)
 Metaspace       used 94155K, capacity 97538K, committed 98264K, reserved 1134592K
  class space    used 12057K, capacity 12841K, committed 13056K, reserved 1048576K
}
Event: 895.262 GC heap before
{Heap before GC invocations=27 (full 4):
 PSYoungGen      total 173056K, used 146944K [0x00000000e0000000, 0x00000000ec480000, 0x0000000100000000)
  eden space 146944K, 100% used [0x00000000e0000000,0x00000000e8f80000,0x00000000e8f80000)
  from space 26112K, 0% used [0x00000000eab00000,0x00000000eab00000,0x00000000ec480000)
  to   space 22528K, 0% used [0x00000000e9500000,0x00000000e9500000,0x00000000eab00000)
 ParOldGen       total 88064K, used 69103K [0x00000000a0000000, 0x00000000a5600000, 0x00000000e0000000)
  object space 88064K, 78% used [0x00000000a0000000,0x00000000a437bf40,0x00000000a5600000)
 Metaspace       used 94788K, capacity 98500K, committed 98904K, reserved 1134592K
  class space    used 12143K, capacity 12944K, committed 13184K, reserved 1048576K
Event: 895.289 GC heap after
Heap after GC invocations=27 (full 4):
 PSYoungGen      total 169472K, used 5601K [0x00000000e0000000, 0x00000000ec480000, 0x0000000100000000)
  eden space 146944K, 0% used [0x00000000e0000000,0x00000000e0000000,0x00000000e8f80000)
  from space 22528K, 24% used [0x00000000e9500000,0x00000000e9a78490,0x00000000eab00000)
  to   space 26112K, 0% used [0x00000000eab00000,0x00000000eab00000,0x00000000ec480000)
 ParOldGen       total 88064K, used 69111K [0x00000000a0000000, 0x00000000a5600000, 0x00000000e0000000)
  object space 88064K, 78% used [0x00000000a0000000,0x00000000a437df40,0x00000000a5600000)
 Metaspace       used 94788K, capacity 98500K, committed 98904K, reserved 1134592K
  class space    used 12143K, capacity 12944K, committed 13184K, reserved 1048576K
}
Event: 896.437 GC heap before
{Heap before GC invocations=28 (full 4):
 PSYoungGen      total 169472K, used 152545K [0x00000000e0000000, 0x00000000ec480000, 0x0000000100000000)
  eden space 146944K, 100% used [0x00000000e0000000,0x00000000e8f80000,0x00000000e8f80000)
  from space 22528K, 24% used [0x00000000e9500000,0x00000000e9a78490,0x00000000eab00000)
  to   space 26112K, 0% used [0x00000000eab00000,0x00000000eab00000,0x00000000ec480000)
 ParOldGen       total 88064K, used 69111K [0x00000000a0000000, 0x00000000a5600000, 0x00000000e0000000)
  object space 88064K, 78% used [0x00000000a0000000,0x00000000a437df40,0x00000000a5600000)
 Metaspace       used 94942K, capacity 98684K, committed 99160K, reserved 1134592K
  class space    used 12151K, capacity 12976K, committed 13184K, reserved 1048576K
Event: 896.455 GC heap after
Heap after GC invocations=28 (full 4):
 PSYoungGen      total 173056K, used 5034K [0x00000000e0000000, 0x00000000ec480000, 0x0000000100000000)
  eden space 146944K, 0% used [0x00000000e0000000,0x00000000e0000000,0x00000000e8f80000)
  from space 26112K, 19% used [0x00000000eab00000,0x00000000eafea8e8,0x00000000ec480000)
  to   space 22528K, 0% used [0x00000000e9500000,0x00000000e9500000,0x00000000eab00000)
 ParOldGen       total 88064K, used 69608K [0x00000000a0000000, 0x00000000a5600000, 0x00000000e0000000)
  object space 88064K, 79% used [0x00000000a0000000,0x00000000a43fa1c8,0x00000000a5600000)
 Metaspace       used 94942K, capacity 98684K, committed 99160K, reserved 1134592K
  class space    used 12151K, capacity 12976K, committed 13184K, reserved 1048576K
}
Event: 897.475 GC heap before
{Heap before GC invocations=29 (full 4):
 PSYoungGen      total 173056K, used 151978K [0x00000000e0000000, 0x00000000ec480000, 0x0000000100000000)
  eden space 146944K, 100% used [0x00000000e0000000,0x00000000e8f80000,0x00000000e8f80000)
  from space 26112K, 19% used [0x00000000eab00000,0x00000000eafea8e8,0x00000000ec480000)
  to   space 22528K, 0% used [0x00000000e9500000,0x00000000e9500000,0x00000000eab00000)
 ParOldGen       total 88064K, used 69608K [0x00000000a0000000, 0x00000000a5600000, 0x00000000e0000000)
  object space 88064K, 79% used [0x00000000a0000000,0x00000000a43fa1c8,0x00000000a5600000)
 Metaspace       used 94974K, capacity 98684K, committed 99160K, reserved 1134592K
  class space    used 12151K, capacity 12976K, committed 13184K, reserved 1048576K
Event: 897.498 GC heap after
Heap after GC invocations=29 (full 4):
 PSYoungGen      total 169472K, used 3104K [0x00000000e0000000, 0x00000000ec480000, 0x0000000100000000)
  eden space 146944K, 0% used [0x00000000e0000000,0x00000000e0000000,0x00000000e8f80000)
  from space 22528K, 13% used [0x00000000e9500000,0x00000000e9808000,0x00000000eab00000)
  to   space 26112K, 0% used [0x00000000eab00000,0x00000000eab00000,0x00000000ec480000)
 ParOldGen       total 88064K, used 72360K [0x00000000a0000000, 0x00000000a5600000, 0x00000000e0000000)
  object space 88064K, 82% used [0x00000000a0000000,0x00000000a46aa2a8,0x00000000a5600000)
 Metaspace       used 94974K, capacity 98684K, committed 99160K, reserved 1134592K
  class space    used 12151K, capacity 12976K, committed 13184K, reserved 1048576K
}
Event: 898.508 GC heap before
{Heap before GC invocations=30 (full 4):
 PSYoungGen      total 169472K, used 150048K [0x00000000e0000000, 0x00000000ec480000, 0x0000000100000000)
  eden space 146944K, 100% used [0x00000000e0000000,0x00000000e8f80000,0x00000000e8f80000)
  from space 22528K, 13% used [0x00000000e9500000,0x00000000e9808000,0x00000000eab00000)
  to   space 26112K, 0% used [0x00000000eab00000,0x00000000eab00000,0x00000000ec480000)
 ParOldGen       total 88064K, used 72360K [0x00000000a0000000, 0x00000000a5600000, 0x00000000e0000000)
  object space 88064K, 82% used [0x00000000a0000000,0x00000000a46aa2a8,0x00000000a5600000)
 Metaspace       used 95033K, capacity 98760K, committed 99160K, reserved 1134592K
  class space    used 12152K, capacity 12976K, committed 13184K, reserved 1048576K
Event: 898.523 GC heap after
Heap after GC invocations=30 (full 4):
 PSYoungGen      total 175616K, used 3008K [0x00000000e0000000, 0x00000000ed980000, 0x0000000100000000)
  eden space 149504K, 0% used [0x00000000e0000000,0x00000000e0000000,0x00000000e9200000)
  from space 26112K, 11% used [0x00000000eab00000,0x00000000eadf0110,0x00000000ec480000)
  to   space 25600K, 0% used [0x00000000e9200000,0x00000000e9200000,0x00000000eab00000)
 ParOldGen       total 88064K, used 74248K [0x00000000a0000000, 0x00000000a5600000, 0x00000000e0000000)
  object space 88064K, 84% used [0x00000000a0000000,0x00000000a48822d8,0x00000000a5600000)
 Metaspace       used 95033K, capacity 98760K, committed 99160K, reserved 1134592K
  class space    used 12152K, capacity 12976K, committed 13184K, reserved 1048576K
}

Deoptimization events (10 events):
Event: 896.411 Thread 0x000000001e30a000 Uncommon trap: reason=unstable_if action=reinterpret pc=0x000000000710c278 method=com.android.tools.r8.ir.conversion.JarSourceCode.traceInstruction(ILcom/android/tools/r8/ir/conversion/IRBuilder;)I @ 233
Event: 896.848 Thread 0x000000001e30d800 Uncommon trap: reason=unstable_if action=reinterpret pc=0x00000000070ff348 method=com.android.tools.r8.ir.conversion.JarState.mergeLocals([Lcom/android/tools/r8/ir/conversion/JarState$Local;[Lcom/android/tools/r8/ir/conversion/JarState$Local;)[Lcom/androi
Event: 897.451 Thread 0x000000001e30a000 Uncommon trap: reason=class_check action=maybe_recompile pc=0x0000000007601d68 method=com.android.tools.r8.ir.conversion.IRBuilder.addInstruction(Lcom/android/tools/r8/ir/code/Instruction;Lcom/android/tools/r8/ir/code/Position;)V @ 210
Event: 897.453 Thread 0x000000001e30a000 Uncommon trap: reason=class_check action=maybe_recompile pc=0x0000000007601d68 method=com.android.tools.r8.ir.conversion.IRBuilder.addInstruction(Lcom/android/tools/r8/ir/code/Instruction;Lcom/android/tools/r8/ir/code/Position;)V @ 210
Event: 897.453 Thread 0x000000001e30a000 Uncommon trap: reason=class_check action=maybe_recompile pc=0x0000000007601d68 method=com.android.tools.r8.ir.conversion.IRBuilder.addInstruction(Lcom/android/tools/r8/ir/code/Instruction;Lcom/android/tools/r8/ir/code/Position;)V @ 210
Event: 897.453 Thread 0x000000001e30a000 Uncommon trap: reason=class_check action=maybe_recompile pc=0x0000000007601d68 method=com.android.tools.r8.ir.conversion.IRBuilder.addInstruction(Lcom/android/tools/r8/ir/code/Instruction;Lcom/android/tools/r8/ir/code/Position;)V @ 210
Event: 897.559 Thread 0x000000001e30d800 Uncommon trap: reason=unstable_if action=reinterpret pc=0x0000000006e2ae3c method=com.android.tools.r8.ir.regalloc.LiveIntervals.getSplitCovering(I)Lcom/android/tools/r8/ir/regalloc/LiveIntervals; @ 90
Event: 897.643 Thread 0x000000001e30a800 Uncommon trap: reason=unstable_if action=reinterpret pc=0x000000000742d86c method=com.android.tools.r8.ir.conversion.JarSourceCode.getDebugPositionAtOffset(I)Lcom/android/tools/r8/ir/code/Position; @ 3
Event: 897.835 Thread 0x0000000020df4000 Uncommon trap: reason=unstable_if action=reinterpret pc=0x000000000746367c method=com.android.tools.r8.ir.conversion.JarState$Slot.isCategory1(Lcom/android/tools/r8/org/objectweb/asm/Type;)Z @ 11
Event: 897.838 Thread 0x0000000020df4000 Uncommon trap: reason=unstable_if action=reinterpret pc=0x000000000738b014 method=com.android.tools.r8.ir.code.ValueType.isWide()Z @ 11

Classes redefined (0 events):
No events

Internal exceptions (10 events):
Event: 882.596 Thread 0x000000001e303000 Exception <a 'sun/nio/fs/WindowsException'> (0x00000000e9532160) thrown at [D:\src\AOSP-openjdk-cygwin\jdk8u\hotspot\src\share\vm\prims\jni.cpp, line 709]
Event: 882.596 Thread 0x000000001e303000 Exception <a 'sun/nio/fs/WindowsException'> (0x00000000e95336b0) thrown at [D:\src\AOSP-openjdk-cygwin\jdk8u\hotspot\src\share\vm\prims\jni.cpp, line 709]
Event: 882.625 Thread 0x000000001e303000 Exception <a 'sun/nio/fs/WindowsException'> (0x00000000e958ff00) thrown at [D:\src\AOSP-openjdk-cygwin\jdk8u\hotspot\src\share\vm\prims\jni.cpp, line 709]
Event: 882.625 Thread 0x000000001e303000 Exception <a 'sun/nio/fs/WindowsException'> (0x00000000e9590a40) thrown at [D:\src\AOSP-openjdk-cygwin\jdk8u\hotspot\src\share\vm\prims\jni.cpp, line 709]
Event: 882.626 Thread 0x000000001e303000 Exception <a 'sun/nio/fs/WindowsException'> (0x00000000e9591f90) thrown at [D:\src\AOSP-openjdk-cygwin\jdk8u\hotspot\src\share\vm\prims\jni.cpp, line 709]
Event: 882.640 Thread 0x000000001e301000 Exception <a 'java/lang/NoSuchMethodError': java.lang.Object.lambda$and$0(Ljava/util/function/Predicate;Ljava/lang/Object;)Z> (0x00000000e949f920) thrown at [D:\src\AOSP-openjdk-cygwin\jdk8u\hotspot\src\share\vm\interpreter\linkResolver.cpp, line 584]
Event: 882.640 Thread 0x000000001e30e800 Exception <a 'java/lang/NoSuchMethodError': java.lang.Object.lambda$and$0(Ljava/util/function/Predicate;Ljava/lang/Object;)Z> (0x00000000e95bf2b0) thrown at [D:\src\AOSP-openjdk-cygwin\jdk8u\hotspot\src\share\vm\interpreter\linkResolver.cpp, line 584]
Event: 882.641 Thread 0x000000001e30c000 Exception <a 'java/lang/NoSuchMethodError': java.lang.Object.lambda$and$0(Ljava/util/function/Predicate;Ljava/lang/Object;)Z> (0x00000000e93cb998) thrown at [D:\src\AOSP-openjdk-cygwin\jdk8u\hotspot\src\share\vm\interpreter\linkResolver.cpp, line 584]
Event: 883.043 Thread 0x000000001e301000 Exception <a 'java/lang/NoSuchMethodError': java.lang.Object.lambda$static$0(Ljava/lang/String;)Z> (0x00000000e00546c0) thrown at [D:\src\AOSP-openjdk-cygwin\jdk8u\hotspot\src\share\vm\interpreter\linkResolver.cpp, line 584]
Event: 896.848 Thread 0x000000001e30d800 Implicit null exception at 0x00000000070fd60e to 0x00000000070ff309

Events (10 events):
Event: 898.850 Executing VM operation: RevokeBias done
Event: 898.895 Thread 0x0000000018216000 flushing nmethod 0x00000000058a5590
Event: 898.899 Thread 0x0000000018216000 flushing nmethod 0x0000000005d55c10
Event: 898.910 Executing VM operation: RevokeBias
Event: 898.912 Executing VM operation: RevokeBias done
Event: 898.934 Executing VM operation: RevokeBias
Event: 898.935 Executing VM operation: RevokeBias done
Event: 898.935 Executing VM operation: RevokeBias
Event: 898.935 Executing VM operation: RevokeBias done
Event: 898.939 Thread 0x0000000018216000 flushing nmethod 0x0000000006bcb7d0


Dynamic libraries:
0x00007ff7a3240000 - 0x00007ff7a3271000 	C:\Program Files\Android\Android Studio\jre\bin\java.exe
0x00007ff9ca250000 - 0x00007ff9ca430000 	C:\WINDOWS\SYSTEM32\ntdll.dll
0x00007ff9c8d30000 - 0x00007ff9c8dde000 	C:\WINDOWS\System32\KERNEL32.DLL
0x00007ff9c66a0000 - 0x00007ff9c6906000 	C:\WINDOWS\System32\KERNELBASE.dll
0x00007ff9c8e10000 - 0x00007ff9c8eb1000 	C:\WINDOWS\System32\ADVAPI32.dll
0x00007ff9c9b20000 - 0x00007ff9c9bbd000 	C:\WINDOWS\System32\msvcrt.dll
0x00007ff9ca070000 - 0x00007ff9ca0cb000 	C:\WINDOWS\System32\sechost.dll
0x00007ff9ca0d0000 - 0x00007ff9ca1ef000 	C:\WINDOWS\System32\RPCRT4.dll
0x00007ff9c8f20000 - 0x00007ff9c90af000 	C:\WINDOWS\System32\USER32.dll
0x00007ff9c6cb0000 - 0x00007ff9c6cd0000 	C:\WINDOWS\System32\win32u.dll
0x00007ff9ca1f0000 - 0x00007ff9ca218000 	C:\WINDOWS\System32\GDI32.dll
0x00007ff9c69b0000 - 0x00007ff9c6b43000 	C:\WINDOWS\System32\gdi32full.dll
0x00007ff9c6910000 - 0x00007ff9c69ab000 	C:\WINDOWS\System32\msvcp_win.dll
0x00007ff9c6b50000 - 0x00007ff9c6c46000 	C:\WINDOWS\System32\ucrtbase.dll
0x00007ff9b6d30000 - 0x00007ff9b6f99000 	C:\WINDOWS\WinSxS\amd64_microsoft.windows.common-controls_6595b64144ccf1df_6.0.16299.371_none_15c7d1789365a290\COMCTL32.dll
0x00007ff9c9d60000 - 0x00007ff9ca068000 	C:\WINDOWS\System32\combase.dll
0x00007ff9c6f50000 - 0x00007ff9c6fc2000 	C:\WINDOWS\System32\bcryptPrimitives.dll
0x00007ff9c8de0000 - 0x00007ff9c8e0d000 	C:\WINDOWS\System32\IMM32.DLL
0x0000000062310000 - 0x00000000623e2000 	C:\Program Files\Android\Android Studio\jre\jre\bin\msvcr100.dll
0x00000000623f0000 - 0x0000000062c2f000 	C:\Program Files\Android\Android Studio\jre\jre\bin\server\jvm.dll
0x00007ff9c8d20000 - 0x00007ff9c8d28000 	C:\WINDOWS\System32\PSAPI.DLL
0x00007ff9c4680000 - 0x00007ff9c46a3000 	C:\WINDOWS\SYSTEM32\WINMM.dll
0x00007ff9c5270000 - 0x00007ff9c527a000 	C:\WINDOWS\SYSTEM32\VERSION.dll
0x00007ff9bf6c0000 - 0x00007ff9bf6c9000 	C:\WINDOWS\SYSTEM32\WSOCK32.dll
0x00007ff9c90d0000 - 0x00007ff9c913c000 	C:\WINDOWS\System32\WS2_32.dll
0x00007ff9c4650000 - 0x00007ff9c467a000 	C:\WINDOWS\SYSTEM32\winmmbase.dll
0x00007ff9c6650000 - 0x00007ff9c669a000 	C:\WINDOWS\System32\cfgmgr32.dll
0x00007ff9bf6b0000 - 0x00007ff9bf6bf000 	C:\Program Files\Android\Android Studio\jre\jre\bin\verify.dll
0x00007ff9ac790000 - 0x00007ff9ac7b9000 	C:\Program Files\Android\Android Studio\jre\jre\bin\java.dll
0x00007ff9ac770000 - 0x00007ff9ac786000 	C:\Program Files\Android\Android Studio\jre\jre\bin\zip.dll
0x00007ff9c77d0000 - 0x00007ff9c8c06000 	C:\WINDOWS\System32\SHELL32.dll
0x00007ff9c7720000 - 0x00007ff9c77c6000 	C:\WINDOWS\System32\shcore.dll
0x00007ff9c6fd0000 - 0x00007ff9c7717000 	C:\WINDOWS\System32\windows.storage.dll
0x00007ff9c9940000 - 0x00007ff9c9991000 	C:\WINDOWS\System32\shlwapi.dll
0x00007ff9c65a0000 - 0x00007ff9c65b1000 	C:\WINDOWS\System32\kernel.appcore.dll
0x00007ff9c6600000 - 0x00007ff9c664c000 	C:\WINDOWS\System32\powrprof.dll
0x00007ff9c65c0000 - 0x00007ff9c65db000 	C:\WINDOWS\System32\profapi.dll
0x00007ff9a8ea0000 - 0x00007ff9a8eba000 	C:\Program Files\Android\Android Studio\jre\jre\bin\net.dll
0x00007ff9c5dd0000 - 0x00007ff9c5e36000 	C:\WINDOWS\system32\mswsock.dll
0x00007ff9a7f20000 - 0x00007ff9a7f31000 	C:\Program Files\Android\Android Studio\jre\jre\bin\nio.dll
0x00007ff9ba0d0000 - 0x00007ff9ba0ee000 	C:\Users\Kent\.gradle\native\25\windows-amd64\native-platform.dll
0x00007ff9b2520000 - 0x00007ff9b252d000 	C:\Program Files\Android\Android Studio\jre\jre\bin\management.dll
0x00007ff9c5fa0000 - 0x00007ff9c5fb7000 	C:\WINDOWS\SYSTEM32\CRYPTSP.dll
0x00007ff9c59d0000 - 0x00007ff9c5a03000 	C:\WINDOWS\system32\rsaenh.dll
0x00007ff9c60a0000 - 0x00007ff9c60c5000 	C:\WINDOWS\SYSTEM32\bcrypt.dll
0x00007ff9c64d0000 - 0x00007ff9c64f9000 	C:\WINDOWS\SYSTEM32\USERENV.dll
0x00007ff9c5f90000 - 0x00007ff9c5f9b000 	C:\WINDOWS\SYSTEM32\CRYPTBASE.dll
0x00007ff9c5b60000 - 0x00007ff9c5b99000 	C:\WINDOWS\SYSTEM32\IPHLPAPI.DLL
0x00007ff9c9b10000 - 0x00007ff9c9b18000 	C:\WINDOWS\System32\NSI.dll
0x00007ff9c11d0000 - 0x00007ff9c11e6000 	C:\WINDOWS\SYSTEM32\dhcpcsvc6.DLL
0x00007ff9c1280000 - 0x00007ff9c129a000 	C:\WINDOWS\SYSTEM32\dhcpcsvc.DLL
0x00007ff9a4da0000 - 0x00007ff9a4dc4000 	C:\Program Files\Android\Android Studio\jre\jre\bin\sunec.dll
0x00007ff9c5ba0000 - 0x00007ff9c5c56000 	C:\WINDOWS\SYSTEM32\DNSAPI.dll
0x00007ff9c0530000 - 0x00007ff9c053a000 	C:\Windows\System32\rasadhlp.dll
0x00007ff9c0a60000 - 0x00007ff9c0ad0000 	C:\WINDOWS\System32\fwpuclnt.dll
0x00007ff9b4640000 - 0x00007ff9b464b000 	C:\Program Files\Android\Android Studio\jre\jre\bin\sunmscapi.dll
0x00007ff9c6cd0000 - 0x00007ff9c6e9e000 	C:\WINDOWS\System32\CRYPT32.dll
0x00007ff9c65e0000 - 0x00007ff9c65f2000 	C:\WINDOWS\System32\MSASN1.dll
0x00007ff98cc50000 - 0x00007ff98cde6000 	C:\Program Files\Android\Android Studio\jre\jre\bin\awt.dll
0x00007ff9c91c0000 - 0x00007ff9c9285000 	C:\WINDOWS\System32\OLEAUT32.dll
0x00007ff9c3b60000 - 0x00007ff9c4118000 	C:\WINDOWS\SYSTEM32\d2d1.dll
0x00007ff9c48b0000 - 0x00007ff9c4938000 	C:\WINDOWS\SYSTEM32\apphelp.dll
0x00007ff9c4ca0000 - 0x00007ff9c4cca000 	C:\WINDOWS\system32\DWMAPI.DLL
0x00007ff9c4a30000 - 0x00007ff9c4ac5000 	C:\WINDOWS\system32\uxtheme.dll

VM Arguments:
jvm_args: -Xmx1536m -Dfile.encoding=windows-1252 -Duser.country=US -Duser.language=en -Duser.variant 
java_command: org.gradle.launcher.daemon.bootstrap.GradleDaemon 4.4
java_class_path (initial): C:\Users\Kent\.gradle\wrapper\dists\gradle-4.4-all\9br9xq1tocpiv8o6njlyu5op1\gradle-4.4\lib\gradle-launcher-4.4.jar
Launcher Type: SUN_STANDARD

Environment Variables:
PATH=C:\WINDOWS\system32;C:\WINDOWS;C:\WINDOWS\System32\Wbem;C:\WINDOWS\System32\WindowsPowerShell\v1.0\;C:\Program Files\Git\cmd;C:\Users\Kent\AppData\Local\Microsoft\WindowsApps;
USERNAME=Kent
OS=Windows_NT
PROCESSOR_IDENTIFIER=Intel64 Family 6 Model 37 Stepping 5, GenuineIntel



---------------  S Y S T E M  ---------------

OS: Windows 10.0 , 64 bit Build 16299 (10.0.16299.15)

CPU:total 4 (initial active 4) (2 cores per cpu, 2 threads per core) family 6 model 37 stepping 5, cmov, cx8, fxsr, mmx, sse, sse2, sse3, ssse3, sse4.1, sse4.2, popcnt, ht, tsc, tscinvbit

Memory: 4k page, physical 3848288k(336332k free), swap 5246048k(7952k free)

vm_info: OpenJDK 64-Bit Server VM (25.152-b02) for windows-amd64 JRE (1.8.0_152-release-1024-b02), built by "builder" with MS VC++ 10.0 (VS2010)

time: Thu May 03 16:37:49 2018
elapsed time: 899 seconds (0d 0h 14m 59s)

