#
# There is insufficient memory for the Java Runtime Environment to continue.
# Native memory allocation (malloc) failed to allocate 1020016 bytes for Chunk::new
# Possible reasons:
#   The system is out of physical RAM or swap space
#   In 32 bit mode, the process size limit was hit
# Possible solutions:
#   Reduce memory load on the system
#   Increase physical memory or swap space
#   Check if swap backing store is full
#   Use 64 bit Java on a 64 bit OS
#   Decrease Java heap size (-Xmx/-Xms)
#   Decrease number of Java threads
#   Decrease Java thread stack sizes (-Xss)
#   Set larger code cache with -XX:ReservedCodeCacheSize=
# This output file may be truncated or incomplete.
#
#  Out of Memory Error (allocation.cpp:390), pid=5704, tid=0x0000000000001e98
#
# JRE version: OpenJDK Runtime Environment (8.0_152-b02) (build 1.8.0_152-release-1024-b02)
# Java VM: OpenJDK 64-Bit Server VM (25.152-b02 mixed mode windows-amd64 compressed oops)
# Failed to write core dump. Minidumps are not enabled by default on client versions of Windows
#

---------------  T H R E A D  ---------------

Current thread (0x0000000017f4c800):  JavaThread "C2 CompilerThread0" daemon [_thread_in_native, id=7832, stack(0x00000000195b0000,0x00000000196b0000)]

Stack: [0x00000000195b0000,0x00000000196b0000]
[error occurred during error reporting (printing stack bounds), id 0xc0000005]

Native frames: (J=compiled Java code, j=interpreted, Vv=VM code, C=native code)


Current CompileTask:
C2:2246548 18246       4       org.gradle.api.internal.artifacts.ivyservice.resolveengine.artifact.DefaultArtifactSet::singleVariant (48 bytes)


---------------  P R O C E S S  ---------------

Java Threads: ( => current thread )
  0x0000000024067000 JavaThread "build operations Thread 4" [_thread_in_native, id=8420, stack(0x00000000372d0000,0x00000000373d0000)]
  0x000000002405f800 JavaThread "build operations Thread 3" [_thread_blocked, id=1404, stack(0x00000000371d0000,0x00000000372d0000)]
  0x0000000024066800 JavaThread "build operations Thread 2" [_thread_in_native, id=4372, stack(0x00000000370d0000,0x00000000371d0000)]
  0x0000000024065800 JavaThread "build operations" [_thread_in_native, id=5460, stack(0x0000000036fd0000,0x00000000370d0000)]
  0x0000000024065000 JavaThread "Cache worker for Artifact transforms cache (C:\Users\Kent\.gradle\caches\transforms-1)" [_thread_blocked, id=6280, stack(0x0000000036ed0000,0x0000000036fd0000)]
  0x0000000024064000 JavaThread "Cache worker for file hash cache (C:\Users\Kent\AndroidStudioProjects\HyperDeals\.gradle\4.4\fileHashes)" [_thread_blocked, id=5828, stack(0x0000000036dd0000,0x0000000036ed0000)]
  0x0000000024062000 JavaThread "Stdin handler" [_thread_blocked, id=6624, stack(0x0000000036cd0000,0x0000000036dd0000)]
  0x0000000024061000 JavaThread "Asynchronous log dispatcher for DefaultDaemonConnection: socket connection from /127.0.0.1:50424 to /127.0.0.1:50679" [_thread_blocked, id=8212, stack(0x0000000036bd0000,0x0000000036cd0000)]
  0x0000000024063800 JavaThread "Daemon worker Thread 8" [_thread_blocked, id=1160, stack(0x0000000036ad0000,0x0000000036bd0000)]
  0x0000000024060800 JavaThread "Cancel handler" [_thread_blocked, id=6536, stack(0x00000000369d0000,0x0000000036ad0000)]
  0x000000002405d800 JavaThread "Handler for socket connection from /127.0.0.1:50424 to /127.0.0.1:50679" [_thread_in_native, id=8288, stack(0x00000000368d0000,0x00000000369d0000)]
  0x000000002405e000 JavaThread "Daemon Thread 8" [_thread_blocked, id=8396, stack(0x00000000367d0000,0x00000000368d0000)]
  0x000000001d9d9800 JavaThread "RMI Reaper" [_thread_blocked, id=8620, stack(0x00000000281d0000,0x00000000282d0000)]
  0x000000001d9d8000 JavaThread "RMI TCP Accept-0" daemon [_thread_in_native, id=7940, stack(0x00000000280d0000,0x00000000281d0000)]
  0x000000001d9d9000 JavaThread "GC Daemon" daemon [_thread_blocked, id=4956, stack(0x0000000027fd0000,0x00000000280d0000)]
  0x000000001d9d1800 JavaThread "RMI Scheduler(0)" daemon [_thread_blocked, id=8964, stack(0x0000000027dd0000,0x0000000027ed0000)]
  0x000000001dfa9000 JavaThread "Memory manager" [_thread_blocked, id=1892, stack(0x00000000220c0000,0x00000000221c0000)]
  0x000000001b190000 JavaThread "File lock request listener" [_thread_in_native, id=9152, stack(0x000000001ca00000,0x000000001cb00000)]
  0x000000001b1b1000 JavaThread "Cache worker for file hash cache (C:\Users\Kent\.gradle\caches\4.4\fileHashes)" [_thread_blocked, id=4356, stack(0x000000001c900000,0x000000001ca00000)]
  0x000000001adcd800 JavaThread "Daemon periodic checks" [_thread_blocked, id=7656, stack(0x000000001be00000,0x000000001bf00000)]
  0x000000001adc8000 JavaThread "Incoming local TCP Connector on port 50424" [_thread_in_native, id=3068, stack(0x000000001bbc0000,0x000000001bcc0000)]
  0x00000000198da800 JavaThread "Service Thread" daemon [_thread_blocked, id=8812, stack(0x0000000019cb0000,0x0000000019db0000)]
  0x0000000017f56000 JavaThread "C1 CompilerThread2" daemon [_thread_blocked, id=1984, stack(0x00000000197b0000,0x00000000198b0000)]
  0x0000000017f4f800 JavaThread "C2 CompilerThread1" daemon [_thread_in_native, id=1684, stack(0x00000000196b0000,0x00000000197b0000)]
=>0x0000000017f4c800 JavaThread "C2 CompilerThread0" daemon [_thread_in_native, id=7832, stack(0x00000000195b0000,0x00000000196b0000)]
  0x0000000017f4b800 JavaThread "Attach Listener" daemon [_thread_blocked, id=7828, stack(0x00000000194b0000,0x00000000195b0000)]
  0x0000000017f48000 JavaThread "Signal Dispatcher" daemon [_thread_blocked, id=5080, stack(0x00000000193b0000,0x00000000194b0000)]
  0x0000000017f38800 JavaThread "Finalizer" daemon [_thread_blocked, id=7556, stack(0x00000000191c0000,0x00000000192c0000)]
  0x0000000017f17000 JavaThread "Reference Handler" daemon [_thread_blocked, id=8240, stack(0x00000000190c0000,0x00000000191c0000)]
  0x00000000044e2800 JavaThread "main" [_thread_blocked, id=4444, stack(0x00000000043c0000,0x00000000044c0000)]

Other Threads:
  0x0000000017f14000 VMThread [stack: 0x0000000018fc0000,0x00000000190c0000] [id=8876]
  0x00000000198dc000 WatcherThread [stack: 0x0000000019db0000,0x0000000019eb0000] [id=4288]

VM state:not at safepoint (normal execution)

VM Mutex/Monitor currently owned by a thread: None

Heap:
 PSYoungGen      total 285184K, used 45399K [0x00000000e0000000, 0x00000000f4800000, 0x0000000100000000)
  eden space 242688K, 9% used [0x00000000e0000000,0x00000000e17a1f50,0x00000000eed00000)
  from space 42496K, 49% used [0x00000000eed00000,0x00000000f01b3da8,0x00000000f1680000)
  to   space 41472K, 0% used [0x00000000f1f80000,0x00000000f1f80000,0x00000000f4800000)
 ParOldGen       total 147968K, used 67461K [0x00000000a0000000, 0x00000000a9080000, 0x00000000e0000000)
  object space 147968K, 45% used [0x00000000a0000000,0x00000000a41e1710,0x00000000a9080000)
 Metaspace       used 89214K, capacity 93766K, committed 94168K, reserved 1130496K
  class space    used 11701K, capacity 12706K, committed 12800K, reserved 1048576K

Card table byte_map: [0x00000000139a0000,0x0000000013cb0000] byte_map_base: 0x00000000134a0000

Marking Bits: (ParMarkBitMap*) 0x0000000073984970
 Begin Bits: [0x00000000142b0000, 0x0000000015ab0000)
 End Bits:   [0x0000000015ab0000, 0x00000000172b0000)

Polling page: 0x0000000002750000

CodeCache: size=245760Kb used=48431Kb max_used=48437Kb free=197328Kb
 bounds [0x00000000045e0000, 0x0000000007580000, 0x00000000135e0000]
 total_blobs=15341 nmethods=14463 adapters=790
 compilation: enabled

Compilation events (10 events):
Event: 2245.262 Thread 0x0000000017f4c800 18244       4       org.gradle.api.internal.artifacts.ivyservice.resolveengine.result.DependencyResultSerializer::write (76 bytes)
Event: 2245.270 Thread 0x0000000017f4c800 nmethod 18244 0x0000000007576a90 code [0x0000000007576c20, 0x0000000007576f68]
Event: 2245.275 Thread 0x0000000017f4f800 18245       4       org.gradle.api.internal.artifacts.ivyservice.resolveengine.graph.CompositeDependencyGraphVisitor::visitEdges (40 bytes)
Event: 2245.285 Thread 0x0000000017f4f800 nmethod 18245 0x0000000007577550 code [0x00000000075776e0, 0x0000000007577ac8]
Event: 2245.290 Thread 0x0000000017f4c800 18246       4       org.gradle.api.internal.artifacts.ivyservice.resolveengine.artifact.DefaultArtifactSet::singleVariant (48 bytes)
Event: 2245.290 Thread 0x0000000017f4f800 18247       4       org.gradle.api.internal.artifacts.ivyservice.resolveengine.artifact.DefaultArtifactSet::toResolvedVariant (205 bytes)
Event: 2245.307 Thread 0x0000000017f56000 18249       3       org.gradle.api.internal.artifacts.ivyservice.resolveengine.result.StreamingResolutionResultBuilder$4::write (114 bytes)
Event: 2245.309 Thread 0x0000000017f56000 nmethod 18249 0x00000000075740d0 code [0x0000000007574320, 0x0000000007575058]
Event: 2245.394 Thread 0x0000000017f56000 18250       3       org.gradle.api.internal.file.collections.FileTreeAdapter::visit (12 bytes)
Event: 2245.395 Thread 0x0000000017f56000 nmethod 18250 0x0000000007573c50 code [0x0000000007573dc0, 0x0000000007573fe8]

GC Heap History (10 events):
Event: 894.522 GC heap before
{Heap before GC invocations=27 (full 4):
 PSYoungGen      total 238592K, used 210104K [0x00000000e0000000, 0x00000000f3100000, 0x0000000100000000)
  eden space 212992K, 98% used [0x00000000e0000000,0x00000000ecd2e088,0x00000000ed000000)
  from space 25600K, 0% used [0x00000000f1800000,0x00000000f1800000,0x00000000f3100000)
  to   space 46080K, 0% used [0x00000000ed700000,0x00000000ed700000,0x00000000f0400000)
 ParOldGen       total 147968K, used 67429K [0x00000000a0000000, 0x00000000a9080000, 0x00000000e0000000)
  object space 147968K, 45% used [0x00000000a0000000,0x00000000a41d9710,0x00000000a9080000)
 Metaspace       used 85605K, capacity 89192K, committed 90584K, reserved 1128448K
  class space    used 11142K, capacity 11894K, committed 12288K, reserved 1048576K
Event: 894.534 GC heap after
Heap after GC invocations=27 (full 4):
 PSYoungGen      total 266240K, used 8367K [0x00000000e0000000, 0x00000000f3980000, 0x0000000100000000)
  eden space 220160K, 0% used [0x00000000e0000000,0x00000000e0000000,0x00000000ed700000)
  from space 46080K, 18% used [0x00000000ed700000,0x00000000edf2bce8,0x00000000f0400000)
  to   space 45568K, 0% used [0x00000000f0d00000,0x00000000f0d00000,0x00000000f3980000)
 ParOldGen       total 147968K, used 67437K [0x00000000a0000000, 0x00000000a9080000, 0x00000000e0000000)
  object space 147968K, 45% used [0x00000000a0000000,0x00000000a41db710,0x00000000a9080000)
 Metaspace       used 85605K, capacity 89192K, committed 90584K, reserved 1128448K
  class space    used 11142K, capacity 11894K, committed 12288K, reserved 1048576K
}
Event: 1113.125 GC heap before
{Heap before GC invocations=28 (full 4):
 PSYoungGen      total 266240K, used 228527K [0x00000000e0000000, 0x00000000f3980000, 0x0000000100000000)
  eden space 220160K, 100% used [0x00000000e0000000,0x00000000ed700000,0x00000000ed700000)
  from space 46080K, 18% used [0x00000000ed700000,0x00000000edf2bce8,0x00000000f0400000)
  to   space 45568K, 0% used [0x00000000f0d00000,0x00000000f0d00000,0x00000000f3980000)
 ParOldGen       total 147968K, used 67437K [0x00000000a0000000, 0x00000000a9080000, 0x00000000e0000000)
  object space 147968K, 45% used [0x00000000a0000000,0x00000000a41db710,0x00000000a9080000)
 Metaspace       used 85991K, capacity 89938K, committed 90840K, reserved 1128448K
  class space    used 11188K, capacity 11975K, committed 12288K, reserved 1048576K
Event: 1113.545 GC heap after
Heap after GC invocations=28 (full 4):
 PSYoungGen      total 276480K, used 8121K [0x00000000e0000000, 0x00000000f3d80000, 0x0000000100000000)
  eden space 230912K, 0% used [0x00000000e0000000,0x00000000e0000000,0x00000000ee180000)
  from space 45568K, 17% used [0x00000000f0d00000,0x00000000f14ee708,0x00000000f3980000)
  to   space 44544K, 0% used [0x00000000ee180000,0x00000000ee180000,0x00000000f0d00000)
 ParOldGen       total 147968K, used 67445K [0x00000000a0000000, 0x00000000a9080000, 0x00000000e0000000)
  object space 147968K, 45% used [0x00000000a0000000,0x00000000a41dd710,0x00000000a9080000)
 Metaspace       used 85991K, capacity 89938K, committed 90840K, reserved 1128448K
  class space    used 11188K, capacity 11975K, committed 12288K, reserved 1048576K
}
Event: 1424.898 GC heap before
{Heap before GC invocations=29 (full 4):
 PSYoungGen      total 276480K, used 239033K [0x00000000e0000000, 0x00000000f3d80000, 0x0000000100000000)
  eden space 230912K, 100% used [0x00000000e0000000,0x00000000ee180000,0x00000000ee180000)
  from space 45568K, 17% used [0x00000000f0d00000,0x00000000f14ee708,0x00000000f3980000)
  to   space 44544K, 0% used [0x00000000ee180000,0x00000000ee180000,0x00000000f0d00000)
 ParOldGen       total 147968K, used 67445K [0x00000000a0000000, 0x00000000a9080000, 0x00000000e0000000)
  object space 147968K, 45% used [0x00000000a0000000,0x00000000a41dd710,0x00000000a9080000)
 Metaspace       used 86230K, capacity 90294K, committed 91096K, reserved 1128448K
  class space    used 11196K, capacity 11991K, committed 12288K, reserved 1048576K
Event: 1424.931 GC heap after
Heap after GC invocations=29 (full 4):
 PSYoungGen      total 275456K, used 6694K [0x00000000e0000000, 0x00000000f4180000, 0x0000000100000000)
  eden space 230912K, 0% used [0x00000000e0000000,0x00000000e0000000,0x00000000ee180000)
  from space 44544K, 15% used [0x00000000ee180000,0x00000000ee8098f0,0x00000000f0d00000)
  to   space 44032K, 0% used [0x00000000f1680000,0x00000000f1680000,0x00000000f4180000)
 ParOldGen       total 147968K, used 67453K [0x00000000a0000000, 0x00000000a9080000, 0x00000000e0000000)
  object space 147968K, 45% used [0x00000000a0000000,0x00000000a41df710,0x00000000a9080000)
 Metaspace       used 86230K, capacity 90294K, committed 91096K, reserved 1128448K
  class space    used 11196K, capacity 11991K, committed 12288K, reserved 1048576K
}
Event: 1434.160 GC heap before
{Heap before GC invocations=30 (full 4):
 PSYoungGen      total 275456K, used 237606K [0x00000000e0000000, 0x00000000f4180000, 0x0000000100000000)
  eden space 230912K, 100% used [0x00000000e0000000,0x00000000ee180000,0x00000000ee180000)
  from space 44544K, 15% used [0x00000000ee180000,0x00000000ee8098f0,0x00000000f0d00000)
  to   space 44032K, 0% used [0x00000000f1680000,0x00000000f1680000,0x00000000f4180000)
 ParOldGen       total 147968K, used 67453K [0x00000000a0000000, 0x00000000a9080000, 0x00000000e0000000)
  object space 147968K, 45% used [0x00000000a0000000,0x00000000a41df710,0x00000000a9080000)
 Metaspace       used 86349K, capacity 90390K, committed 91096K, reserved 1128448K
  class space    used 11198K, capacity 11995K, committed 12288K, reserved 1048576K
Event: 1434.192 GC heap after
Heap after GC invocations=30 (full 4):
 PSYoungGen      total 285184K, used 10537K [0x00000000e0000000, 0x00000000f4000000, 0x0000000100000000)
  eden space 242688K, 0% used [0x00000000e0000000,0x00000000e0000000,0x00000000eed00000)
  from space 42496K, 24% used [0x00000000f1680000,0x00000000f20ca528,0x00000000f4000000)
  to   space 42496K, 0% used [0x00000000eed00000,0x00000000eed00000,0x00000000f1680000)
 ParOldGen       total 147968K, used 67453K [0x00000000a0000000, 0x00000000a9080000, 0x00000000e0000000)
  object space 147968K, 45% used [0x00000000a0000000,0x00000000a41df710,0x00000000a9080000)
 Metaspace       used 86349K, capacity 90390K, committed 91096K, reserved 1128448K
  class space    used 11198K, capacity 11995K, committed 12288K, reserved 1048576K
}
Event: 2237.140 GC heap before
{Heap before GC invocations=31 (full 4):
 PSYoungGen      total 285184K, used 253225K [0x00000000e0000000, 0x00000000f4000000, 0x0000000100000000)
  eden space 242688K, 100% used [0x00000000e0000000,0x00000000eed00000,0x00000000eed00000)
  from space 42496K, 24% used [0x00000000f1680000,0x00000000f20ca528,0x00000000f4000000)
  to   space 42496K, 0% used [0x00000000eed00000,0x00000000eed00000,0x00000000f1680000)
 ParOldGen       total 147968K, used 67453K [0x00000000a0000000, 0x00000000a9080000, 0x00000000e0000000)
  object space 147968K, 45% used [0x00000000a0000000,0x00000000a41df710,0x00000000a9080000)
 Metaspace       used 89212K, capacity 93766K, committed 94168K, reserved 1130496K
  class space    used 11701K, capacity 12706K, committed 12800K, reserved 1048576K
Event: 2237.785 GC heap after
Heap after GC invocations=31 (full 4):
 PSYoungGen      total 285184K, used 21199K [0x00000000e0000000, 0x00000000f4800000, 0x0000000100000000)
  eden space 242688K, 0% used [0x00000000e0000000,0x00000000e0000000,0x00000000eed00000)
  from space 42496K, 49% used [0x00000000eed00000,0x00000000f01b3da8,0x00000000f1680000)
  to   space 41472K, 0% used [0x00000000f1f80000,0x00000000f1f80000,0x00000000f4800000)
 ParOldGen       total 147968K, used 67461K [0x00000000a0000000, 0x00000000a9080000, 0x00000000e0000000)
  object space 147968K, 45% used [0x00000000a0000000,0x00000000a41e1710,0x00000000a9080000)
 Metaspace       used 89212K, capacity 93766K, committed 94168K, reserved 1130496K
  class space    used 11701K, capacity 12706K, committed 12800K, reserved 1048576K
}

Deoptimization events (10 events):
Event: 2232.090 Thread 0x0000000024063800 Uncommon trap: reason=class_check action=maybe_recompile pc=0x0000000004b5cf80 method=java.lang.Throwable.<init>(Ljava/lang/String;Ljava/lang/Throwable;)V @ 24
Event: 2233.215 Thread 0x0000000024063800 Uncommon trap: reason=bimorphic action=maybe_recompile pc=0x0000000005a1a094 method=com.esotericsoftware.kryo.io.Input.fill([BII)I @ 16
Event: 2233.259 Thread 0x0000000024063800 Uncommon trap: reason=unstable_if action=reinterpret pc=0x0000000005147360 method=com.google.common.cache.LocalCache$Segment.recordWrite(Lcom/google/common/cache/LocalCache$ReferenceEntry;IJ)V @ 21
Event: 2233.603 Thread 0x0000000024063800 Uncommon trap: reason=array_check action=maybe_recompile pc=0x00000000074703ac method=java.util.ComparableTimSort.mergeLo(IIII)V @ 81
Event: 2233.671 Thread 0x0000000024063800 Uncommon trap: reason=array_check action=maybe_recompile pc=0x00000000074703ac method=java.util.ComparableTimSort.mergeLo(IIII)V @ 81
Event: 2234.127 Thread 0x0000000024063800 Uncommon trap: reason=array_check action=maybe_recompile pc=0x00000000074703ac method=java.util.ComparableTimSort.mergeLo(IIII)V @ 81
Event: 2234.129 Thread 0x0000000024063800 Uncommon trap: reason=array_check action=maybe_recompile pc=0x00000000074703ac method=java.util.ComparableTimSort.mergeLo(IIII)V @ 81
Event: 2234.497 Thread 0x0000000024063800 Uncommon trap: reason=predicate action=maybe_recompile pc=0x00000000074d29e8 method=java.util.ComparableTimSort.reverseRange([Ljava/lang/Object;II)V @ 8
Event: 2235.080 Thread 0x0000000024063800 Uncommon trap: reason=null_check action=make_not_entrant pc=0x00000000074efff8 method=java.beans.PropertyDescriptor.findPropertyType(Ljava/lang/reflect/Method;Ljava/lang/reflect/Method;)Ljava/lang/Class; @ 157
Event: 2235.896 Thread 0x0000000024063800 Uncommon trap: reason=unstable_if action=reinterpret pc=0x0000000007498a04 method=org.codehaus.groovy.reflection.CachedClass.isAssignableFrom(Ljava/lang/Class;)Z @ 1

Classes redefined (0 events):
No events

Internal exceptions (10 events):
Event: 2235.960 Thread 0x0000000024063800 Exception <a 'java/lang/ClassNotFoundException': org/jetbrains/plugins/gradle/model/DefaultExternalPluginBeanInfo> (0x00000000ee6a5128) thrown at [D:\src\AOSP-openjdk-cygwin\jdk8u\hotspot\src\share\vm\classfile\systemDictionary.cpp, line 210]
Event: 2235.962 Thread 0x0000000024063800 Exception <a 'java/lang/ClassNotFoundException': org/jetbrains/plugins/gradle/model/DefaultExternalPluginCustomizer> (0x00000000ee6b5b20) thrown at [D:\src\AOSP-openjdk-cygwin\jdk8u\hotspot\src\share\vm\classfile\systemDictionary.cpp, line 210]
Event: 2235.989 Thread 0x0000000024063800 Exception <a 'java/lang/ClassNotFoundException': org/gradle/api/internal/artifacts/DefaultPublishArtifactSetBeanInfo> (0x00000000ee712c68) thrown at [D:\src\AOSP-openjdk-cygwin\jdk8u\hotspot\src\share\vm\classfile\systemDictionary.cpp, line 210]
Event: 2235.990 Thread 0x0000000024063800 Exception <a 'java/lang/ClassNotFoundException': org/gradle/api/internal/DelegatingDomainObjectSetBeanInfo> (0x00000000ee726d98) thrown at [D:\src\AOSP-openjdk-cygwin\jdk8u\hotspot\src\share\vm\classfile\systemDictionary.cpp, line 210]
Event: 2235.992 Thread 0x0000000024063800 Exception <a 'java/lang/ClassNotFoundException': org/gradle/api/internal/DelegatingDomainObjectSetCustomizer> (0x00000000ee73bc20) thrown at [D:\src\AOSP-openjdk-cygwin\jdk8u\hotspot\src\share\vm\classfile\systemDictionary.cpp, line 210]
Event: 2235.997 Thread 0x0000000024063800 Exception <a 'java/lang/ClassNotFoundException': org/gradle/api/internal/artifacts/DefaultPublishArtifactSetCustomizer> (0x00000000ee786590) thrown at [D:\src\AOSP-openjdk-cygwin\jdk8u\hotspot\src\share\vm\classfile\systemDictionary.cpp, line 210]
Event: 2236.005 Thread 0x0000000024063800 Exception <a 'java/lang/ClassNotFoundException': org/gradle/api/internal/file/DefaultFileCollectionFactory$1BeanInfo> (0x00000000ee7c31d8) thrown at [D:\src\AOSP-openjdk-cygwin\jdk8u\hotspot\src\share\vm\classfile\systemDictionary.cpp, line 210]
Event: 2236.006 Thread 0x0000000024063800 Exception <a 'java/lang/ClassNotFoundException': org/gradle/api/internal/file/collections/FileCollectionAdapterBeanInfo> (0x00000000ee7da120) thrown at [D:\src\AOSP-openjdk-cygwin\jdk8u\hotspot\src\share\vm\classfile\systemDictionary.cpp, line 210]
Event: 2236.008 Thread 0x0000000024063800 Exception <a 'java/lang/ClassNotFoundException': org/gradle/api/internal/file/collections/FileCollectionAdapterCustomizer> (0x00000000ee7f1920) thrown at [D:\src\AOSP-openjdk-cygwin\jdk8u\hotspot\src\share\vm\classfile\systemDictionary.cpp, line 210]
Event: 2236.031 Thread 0x0000000024063800 Exception <a 'java/lang/ClassNotFoundException': org/gradle/api/internal/file/DefaultFileCollectionFactory$1Customizer> (0x00000000ee8117d8) thrown at [D:\src\AOSP-openjdk-cygwin\jdk8u\hotspot\src\share\vm\classfile\systemDictionary.cpp, line 210]

Events (10 events):
Event: 2236.149 loading class org/jetbrains/kotlin/gradle/plugin/KotlinPlatformPluginBase
Event: 2236.149 loading class org/jetbrains/kotlin/gradle/plugin/KotlinPlatformPluginBase done
Event: 2236.164 loading class org/jetbrains/kotlin/gradle/plugin/KotlinPlatformJsPlugin
Event: 2236.164 loading class org/jetbrains/kotlin/gradle/plugin/KotlinPlatformJsPlugin done
Event: 2236.181 loading class org/jetbrains/kotlin/gradle/plugin/KotlinPlatformCommonPlugin
Event: 2236.181 loading class org/jetbrains/kotlin/gradle/plugin/KotlinPlatformCommonPlugin done
Event: 2236.188 loading class com/android/build/gradle/internal/dependency/ArtifactCollectionWithExtraArtifact$TestedComponentIdentifierImpl
Event: 2236.188 loading class com/android/build/gradle/internal/dependency/ArtifactCollectionWithExtraArtifact$TestedComponentIdentifierImpl done
Event: 2237.127 Executing VM operation: ParallelGCFailedAllocation
Event: 2237.785 Executing VM operation: ParallelGCFailedAllocation done


Dynamic libraries:
0x00007ff73c430000 - 0x00007ff73c461000 	C:\Program Files\Android\Android Studio\jre\bin\java.exe
0x00007ffe27840000 - 0x00007ffe27a20000 	C:\WINDOWS\SYSTEM32\ntdll.dll
0x00007ffe25d00000 - 0x00007ffe25dae000 	C:\WINDOWS\System32\KERNEL32.DLL
0x00007ffe24aa0000 - 0x00007ffe24d06000 	C:\WINDOWS\System32\KERNELBASE.dll
0x00007ffe25db0000 - 0x00007ffe25e51000 	C:\WINDOWS\System32\ADVAPI32.dll
0x00007ffe25c60000 - 0x00007ffe25cfd000 	C:\WINDOWS\System32\msvcrt.dll
0x00007ffe26240000 - 0x00007ffe2629b000 	C:\WINDOWS\System32\sechost.dll
0x00007ffe262a0000 - 0x00007ffe263bf000 	C:\WINDOWS\System32\RPCRT4.dll
0x00007ffe25e60000 - 0x00007ffe25fef000 	C:\WINDOWS\System32\USER32.dll
0x00007ffe23f90000 - 0x00007ffe23fb0000 	C:\WINDOWS\System32\win32u.dll
0x00007ffe25400000 - 0x00007ffe25428000 	C:\WINDOWS\System32\GDI32.dll
0x00007ffe23fb0000 - 0x00007ffe24143000 	C:\WINDOWS\System32\gdi32full.dll
0x00007ffe241b0000 - 0x00007ffe2424b000 	C:\WINDOWS\System32\msvcp_win.dll
0x00007ffe249a0000 - 0x00007ffe24a96000 	C:\WINDOWS\System32\ucrtbase.dll
0x00007ffe17f50000 - 0x00007ffe181b9000 	C:\WINDOWS\WinSxS\amd64_microsoft.windows.common-controls_6595b64144ccf1df_6.0.16299.431_none_15c7d3ee93659e73\COMCTL32.dll
0x00007ffe257e0000 - 0x00007ffe25ae8000 	C:\WINDOWS\System32\combase.dll
0x00007ffe23c40000 - 0x00007ffe23cb2000 	C:\WINDOWS\System32\bcryptPrimitives.dll
0x00007ffe25430000 - 0x00007ffe2545d000 	C:\WINDOWS\System32\IMM32.DLL
0x00000000730e0000 - 0x00000000731b2000 	C:\Program Files\Android\Android Studio\jre\jre\bin\msvcr100.dll
0x00000000731c0000 - 0x00000000739ff000 	C:\Program Files\Android\Android Studio\jre\jre\bin\server\jvm.dll
0x00007ffe252a0000 - 0x00007ffe252a8000 	C:\WINDOWS\System32\PSAPI.DLL
0x00007ffe21d10000 - 0x00007ffe21d33000 	C:\WINDOWS\SYSTEM32\WINMM.dll
0x00007ffe21e30000 - 0x00007ffe21e3a000 	C:\WINDOWS\SYSTEM32\VERSION.dll
0x00007ffe21d90000 - 0x00007ffe21d99000 	C:\WINDOWS\SYSTEM32\WSOCK32.dll
0x00007ffe25530000 - 0x00007ffe2559c000 	C:\WINDOWS\System32\WS2_32.dll
0x00007ffe21a10000 - 0x00007ffe21a3a000 	C:\WINDOWS\SYSTEM32\WINMMBASE.dll
0x00007ffe23e90000 - 0x00007ffe23eda000 	C:\WINDOWS\System32\cfgmgr32.dll
0x00007ffe1f0e0000 - 0x00007ffe1f0ef000 	C:\Program Files\Android\Android Studio\jre\jre\bin\verify.dll
0x00007ffe14af0000 - 0x00007ffe14b19000 	C:\Program Files\Android\Android Studio\jre\jre\bin\java.dll
0x00007ffe14ad0000 - 0x00007ffe14ae6000 	C:\Program Files\Android\Android Studio\jre\jre\bin\zip.dll
0x00007ffe263d0000 - 0x00007ffe27808000 	C:\WINDOWS\System32\SHELL32.dll
0x00007ffe25730000 - 0x00007ffe257d6000 	C:\WINDOWS\System32\shcore.dll
0x00007ffe24250000 - 0x00007ffe24997000 	C:\WINDOWS\System32\windows.storage.dll
0x00007ffe251c0000 - 0x00007ffe25211000 	C:\WINDOWS\System32\shlwapi.dll
0x00007ffe23be0000 - 0x00007ffe23bf1000 	C:\WINDOWS\System32\kernel.appcore.dll
0x00007ffe23b90000 - 0x00007ffe23bdc000 	C:\WINDOWS\System32\powrprof.dll
0x00007ffe23c00000 - 0x00007ffe23c1b000 	C:\WINDOWS\System32\profapi.dll
0x00007ffe14ab0000 - 0x00007ffe14aca000 	C:\Program Files\Android\Android Studio\jre\jre\bin\net.dll
0x00007ffe233c0000 - 0x00007ffe23426000 	C:\WINDOWS\system32\mswsock.dll
0x00007ffe14a90000 - 0x00007ffe14aa1000 	C:\Program Files\Android\Android Studio\jre\jre\bin\nio.dll
0x00007ffe20850000 - 0x00007ffe2086e000 	C:\Users\Kent\.gradle\native\25\windows-amd64\native-platform.dll
0x00007ffe1f000000 - 0x00007ffe1f00d000 	C:\Program Files\Android\Android Studio\jre\jre\bin\management.dll
0x00007ffe23590000 - 0x00007ffe235a7000 	C:\WINDOWS\SYSTEM32\CRYPTSP.dll
0x00007ffe22fc0000 - 0x00007ffe22ff3000 	C:\WINDOWS\system32\rsaenh.dll
0x00007ffe23690000 - 0x00007ffe236b5000 	C:\WINDOWS\SYSTEM32\bcrypt.dll
0x00007ffe23ac0000 - 0x00007ffe23ae9000 	C:\WINDOWS\SYSTEM32\USERENV.dll
0x00007ffe23580000 - 0x00007ffe2358b000 	C:\WINDOWS\SYSTEM32\CRYPTBASE.dll
0x00007ffe23150000 - 0x00007ffe23189000 	C:\WINDOWS\SYSTEM32\IPHLPAPI.DLL
0x00007ffe263c0000 - 0x00007ffe263c8000 	C:\WINDOWS\System32\NSI.dll
0x00007ffe1df80000 - 0x00007ffe1df96000 	C:\WINDOWS\SYSTEM32\dhcpcsvc6.DLL
0x00007ffe1df60000 - 0x00007ffe1df7a000 	C:\WINDOWS\SYSTEM32\dhcpcsvc.DLL
0x00007ffe207f0000 - 0x00007ffe2080e000 	C:\Users\Kent\AppData\Local\Temp\native-platform7123693411142864173dir\native-platform.dll

VM Arguments:
jvm_args: -Xmx1536m -Dfile.encoding=windows-1252 -Duser.country=US -Duser.language=en -Duser.variant 
java_command: org.gradle.launcher.daemon.bootstrap.GradleDaemon 4.4
java_class_path (initial): C:\Users\Kent\.gradle\wrapper\dists\gradle-4.4-all\9br9xq1tocpiv8o6njlyu5op1\gradle-4.4\lib\gradle-launcher-4.4.jar
Launcher Type: SUN_STANDARD

Environment Variables:
PATH=C:\WINDOWS\system32;C:\WINDOWS;C:\WINDOWS\System32\Wbem;C:\WINDOWS\System32\WindowsPowerShell\v1.0\;C:\Program Files\Git\cmd;C:\Users\Kent\AppData\Local\Microsoft\WindowsApps;
USERNAME=Kent
OS=Windows_NT
PROCESSOR_IDENTIFIER=Intel64 Family 6 Model 37 Stepping 5, GenuineIntel



---------------  S Y S T E M  ---------------

OS: Windows 10.0 , 64 bit Build 16299 (10.0.16299.431)

CPU:total 4 (initial active 4) (2 cores per cpu, 2 threads per core) family 6 model 37 stepping 5, cmov, cx8, fxsr, mmx, sse, sse2, sse3, ssse3, sse4.1, sse4.2, popcnt, ht, tsc, tscinvbit

Memory: 4k page, physical 3848288k(1069460k free), swap 5246048k(36k free)

vm_info: OpenJDK 64-Bit Server VM (25.152-b02) for windows-amd64 JRE (1.8.0_152-release-1024-b02), built by "builder" with MS VC++ 10.0 (VS2010)

time: Thu May 10 23:30:30 2018
elapsed time: 2246 seconds (0d 0h 37m 26s)

