#
# There is insufficient memory for the Java Runtime Environment to continue.
# Native memory allocation (malloc) failed to allocate 1253296 bytes for Chunk::new
# Possible reasons:
#   The system is out of physical RAM or swap space
#   In 32 bit mode, the process size limit was hit
# Possible solutions:
#   Reduce memory load on the system
#   Increase physical memory or swap space
#   Check if swap backing store is full
#   Use 64 bit Java on a 64 bit OS
#   Decrease Java heap size (-Xmx/-Xms)
#   Decrease number of Java threads
#   Decrease Java thread stack sizes (-Xss)
#   Set larger code cache with -XX:ReservedCodeCacheSize=
# This output file may be truncated or incomplete.
#
#  Out of Memory Error (allocation.cpp:390), pid=7280, tid=0x0000000000000ba0
#
# JRE version: OpenJDK Runtime Environment (8.0_152-b02) (build 1.8.0_152-release-1024-b02)
# Java VM: OpenJDK 64-Bit Server VM (25.152-b02 mixed mode windows-amd64 compressed oops)
# Failed to write core dump. Minidumps are not enabled by default on client versions of Windows
#

---------------  T H R E A D  ---------------

Current thread (0x000000001807e000):  JavaThread "C2 CompilerThread1" daemon [_thread_in_native, id=2976, stack(0x00000000197c0000,0x00000000198c0000)]

Stack: [0x00000000197c0000,0x00000000198c0000]
[error occurred during error reporting (printing stack bounds), id 0xc0000005]

Native frames: (J=compiled Java code, j=interpreted, Vv=VM code, C=native code)


Current CompileTask:
C2:  34803 6985 %     4       org.jetbrains.kotlin.cli.jvm.index.JvmDependenciesIndexImpl::search @ 177 (384 bytes)


---------------  P R O C E S S  ---------------

Java Threads: ( => current thread )
  0x000000001a07e000 JavaThread "RMI RenewClean-[localhost:53798,org.jetbrains.kotlin.daemon.common.LoopbackNetworkInterface$ClientLoopbackSocketFactory@7ee2fc13]" daemon [_thread_blocked, id=7260, stack(0x000000001b640000,0x000000001b740000)]
  0x0000000019b3d000 JavaThread "RMI TCP Connection(2)-127.0.0.1" daemon [_thread_in_Java, id=5056, stack(0x000000001b540000,0x000000001b640000)]
  0x0000000019b3c000 JavaThread "RMI Scheduler(0)" daemon [_thread_blocked, id=1028, stack(0x000000001b440000,0x000000001b540000)]
  0x0000000019fc7800 JavaThread "RMI TCP Connection(1)-127.0.0.1" daemon [_thread_in_native, id=8144, stack(0x000000001b340000,0x000000001b440000)]
  0x0000000002c8e000 JavaThread "DestroyJavaVM" [_thread_blocked, id=1132, stack(0x0000000004510000,0x0000000004610000)]
  0x0000000019bac800 JavaThread "GC Daemon" daemon [_thread_blocked, id=5456, stack(0x000000001af00000,0x000000001b000000)]
  0x000000001a12e000 JavaThread "RMI Reaper" [_thread_blocked, id=5888, stack(0x000000001ae00000,0x000000001af00000)]
  0x000000001a121000 JavaThread "Timer-0" daemon [_thread_blocked, id=1016, stack(0x000000001ac00000,0x000000001ad00000)]
  0x000000001a00c800 JavaThread "RMI TCP Accept-17494" daemon [_thread_in_native, id=7544, stack(0x000000001ab00000,0x000000001ac00000)]
  0x00000000199e8800 JavaThread "Service Thread" daemon [_thread_blocked, id=1876, stack(0x0000000019dc0000,0x0000000019ec0000)]
  0x0000000018088000 JavaThread "C1 CompilerThread2" daemon [_thread_blocked, id=5848, stack(0x00000000198c0000,0x00000000199c0000)]
=>0x000000001807e000 JavaThread "C2 CompilerThread1" daemon [_thread_in_native, id=2976, stack(0x00000000197c0000,0x00000000198c0000)]
  0x000000001807a800 JavaThread "C2 CompilerThread0" daemon [_thread_in_native, id=5588, stack(0x00000000196c0000,0x00000000197c0000)]
  0x0000000018079000 JavaThread "Attach Listener" daemon [_thread_blocked, id=6856, stack(0x00000000195c0000,0x00000000196c0000)]
  0x0000000018077800 JavaThread "Signal Dispatcher" daemon [_thread_blocked, id=6596, stack(0x00000000194c0000,0x00000000195c0000)]
  0x000000000470b800 JavaThread "Finalizer" daemon [_thread_blocked, id=2068, stack(0x00000000192d0000,0x00000000193d0000)]
  0x0000000004702000 JavaThread "Reference Handler" daemon [_thread_blocked, id=2860, stack(0x00000000191d0000,0x00000000192d0000)]

Other Threads:
  0x0000000018044000 VMThread [stack: 0x00000000190d0000,0x00000000191d0000] [id=3940]
  0x00000000199fb000 WatcherThread [stack: 0x0000000019ec0000,0x0000000019fc0000] [id=1608]

VM state:not at safepoint (normal execution)

VM Mutex/Monitor currently owned by a thread: None

Heap:
 PSYoungGen      total 95744K, used 94237K [0x00000000e0000000, 0x00000000e7380000, 0x0000000100000000)
  eden space 79360K, 99% used [0x00000000e0000000,0x00000000e4d75810,0x00000000e4d80000)
  from space 16384K, 91% used [0x00000000e5f80000,0x00000000e6e11ee8,0x00000000e6f80000)
  to   space 18432K, 0% used [0x00000000e4d80000,0x00000000e4d80000,0x00000000e5f80000)
 ParOldGen       total 52224K, used 33866K [0x00000000a0000000, 0x00000000a3300000, 0x00000000e0000000)
  object space 52224K, 64% used [0x00000000a0000000,0x00000000a21128b8,0x00000000a3300000)
 Metaspace       used 48565K, capacity 49285K, committed 49712K, reserved 1093632K
  class space    used 5892K, capacity 6094K, committed 6192K, reserved 1048576K

Card table byte_map: [0x0000000013ad0000,0x0000000013de0000] byte_map_base: 0x00000000135d0000

Marking Bits: (ParMarkBitMap*) 0x00000000632f4970
 Begin Bits: [0x00000000143e0000, 0x0000000015be0000)
 End Bits:   [0x0000000015be0000, 0x00000000173e0000)

Polling page: 0x0000000002c00000

CodeCache: size=245760Kb used=21002Kb max_used=21002Kb free=224757Kb
 bounds [0x0000000004710000, 0x0000000005bb0000, 0x0000000013710000]
 total_blobs=7079 nmethods=6587 adapters=405
 compilation: enabled

Compilation events (10 events):
Event: 34.675 Thread 0x0000000018088000 7120       3       org.jetbrains.kotlin.com.intellij.psi.impl.JavaConstantExpressionEvaluator::elementFinished (71 bytes)
Event: 34.676 Thread 0x0000000018088000 nmethod 7120 0x0000000005b8d310 code [0x0000000005b8d5c0, 0x0000000005b8e7d8]
Event: 34.676 Thread 0x0000000018088000 7115       3       org.jetbrains.kotlin.com.intellij.psi.PsiWalkingState$PsiTreeGuide::getFirstChild (9 bytes)
Event: 34.677 Thread 0x0000000018088000 nmethod 7115 0x0000000005b8ef10 code [0x0000000005b8f0a0, 0x0000000005b8f498]
Event: 34.677 Thread 0x0000000018088000 7116       3       org.jetbrains.kotlin.com.intellij.psi.PsiWalkingState$PsiTreeGuide::getFirstChild (15 bytes)
Event: 34.677 Thread 0x0000000018088000 nmethod 7116 0x0000000005b8f610 code [0x0000000005b8f780, 0x0000000005b8fa18]
Event: 34.677 Thread 0x0000000018088000 7121       3       org.jetbrains.kotlin.com.intellij.psi.PsiWalkingState::visit (9 bytes)
Event: 34.678 Thread 0x0000000018088000 nmethod 7121 0x0000000005b8fb10 code [0x0000000005b8fca0, 0x0000000005b90118]
Event: 34.678 Thread 0x0000000018088000 7122       3       org.jetbrains.kotlin.com.intellij.psi.impl.PsiCachedValue::isFromMyProject (17 bytes)
Event: 34.678 Thread 0x0000000018088000 nmethod 7122 0x0000000005b90250 code [0x0000000005b903c0, 0x0000000005b90648]

GC Heap History (10 events):
Event: 27.537 GC heap before
{Heap before GC invocations=15 (full 2):
 PSYoungGen      total 46592K, used 11706K [0x00000000e0000000, 0x00000000e4480000, 0x0000000100000000)
  eden space 37888K, 7% used [0x00000000e0000000,0x00000000e02f2a98,0x00000000e2500000)
  from space 8704K, 99% used [0x00000000e3080000,0x00000000e38fbe78,0x00000000e3900000)
  to   space 11776K, 0% used [0x00000000e2500000,0x00000000e2500000,0x00000000e3080000)
 ParOldGen       total 35328K, used 21573K [0x00000000a0000000, 0x00000000a2280000, 0x00000000e0000000)
  object space 35328K, 61% used [0x00000000a0000000,0x00000000a15117a8,0x00000000a2280000)
 Metaspace       used 34697K, capacity 35143K, committed 35496K, reserved 1081344K
  class space    used 4388K, capacity 4555K, committed 4656K, reserved 1048576K
Event: 27.543 GC heap after
Heap after GC invocations=15 (full 2):
 PSYoungGen      total 49664K, used 706K [0x00000000e0000000, 0x00000000e5080000, 0x0000000100000000)
  eden space 37888K, 0% used [0x00000000e0000000,0x00000000e0000000,0x00000000e2500000)
  from space 11776K, 6% used [0x00000000e2500000,0x00000000e25b0b88,0x00000000e3080000)
  to   space 12288K, 0% used [0x00000000e4480000,0x00000000e4480000,0x00000000e5080000)
 ParOldGen       total 35328K, used 24343K [0x00000000a0000000, 0x00000000a2280000, 0x00000000e0000000)
  object space 35328K, 68% used [0x00000000a0000000,0x00000000a17c5e68,0x00000000a2280000)
 Metaspace       used 34697K, capacity 35143K, committed 35496K, reserved 1081344K
  class space    used 4388K, capacity 4555K, committed 4656K, reserved 1048576K
}
Event: 27.543 GC heap before
{Heap before GC invocations=16 (full 3):
 PSYoungGen      total 49664K, used 706K [0x00000000e0000000, 0x00000000e5080000, 0x0000000100000000)
  eden space 37888K, 0% used [0x00000000e0000000,0x00000000e0000000,0x00000000e2500000)
  from space 11776K, 6% used [0x00000000e2500000,0x00000000e25b0b88,0x00000000e3080000)
  to   space 12288K, 0% used [0x00000000e4480000,0x00000000e4480000,0x00000000e5080000)
 ParOldGen       total 35328K, used 24343K [0x00000000a0000000, 0x00000000a2280000, 0x00000000e0000000)
  object space 35328K, 68% used [0x00000000a0000000,0x00000000a17c5e68,0x00000000a2280000)
 Metaspace       used 34697K, capacity 35143K, committed 35496K, reserved 1081344K
  class space    used 4388K, capacity 4555K, committed 4656K, reserved 1048576K
Event: 27.703 GC heap after
Heap after GC invocations=16 (full 3):
 PSYoungGen      total 49664K, used 0K [0x00000000e0000000, 0x00000000e5080000, 0x0000000100000000)
  eden space 37888K, 0% used [0x00000000e0000000,0x00000000e0000000,0x00000000e2500000)
  from space 11776K, 0% used [0x00000000e2500000,0x00000000e2500000,0x00000000e3080000)
  to   space 12288K, 0% used [0x00000000e4480000,0x00000000e4480000,0x00000000e5080000)
 ParOldGen       total 52224K, used 19070K [0x00000000a0000000, 0x00000000a3300000, 0x00000000e0000000)
  object space 52224K, 36% used [0x00000000a0000000,0x00000000a129fa60,0x00000000a3300000)
 Metaspace       used 34697K, capacity 35143K, committed 35496K, reserved 1081344K
  class space    used 4388K, capacity 4555K, committed 4656K, reserved 1048576K
}
Event: 28.970 GC heap before
{Heap before GC invocations=17 (full 3):
 PSYoungGen      total 49664K, used 37888K [0x00000000e0000000, 0x00000000e5080000, 0x0000000100000000)
  eden space 37888K, 100% used [0x00000000e0000000,0x00000000e2500000,0x00000000e2500000)
  from space 11776K, 0% used [0x00000000e2500000,0x00000000e2500000,0x00000000e3080000)
  to   space 12288K, 0% used [0x00000000e4480000,0x00000000e4480000,0x00000000e5080000)
 ParOldGen       total 52224K, used 19070K [0x00000000a0000000, 0x00000000a3300000, 0x00000000e0000000)
  object space 52224K, 36% used [0x00000000a0000000,0x00000000a129fa60,0x00000000a3300000)
 Metaspace       used 39139K, capacity 39751K, committed 40240K, reserved 1085440K
  class space    used 4945K, capacity 5095K, committed 5168K, reserved 1048576K
Event: 28.983 GC heap after
Heap after GC invocations=17 (full 3):
 PSYoungGen      total 67072K, used 9150K [0x00000000e0000000, 0x00000000e4f80000, 0x0000000100000000)
  eden space 55808K, 0% used [0x00000000e0000000,0x00000000e0000000,0x00000000e3680000)
  from space 11264K, 81% used [0x00000000e4480000,0x00000000e4d6fb98,0x00000000e4f80000)
  to   space 12800K, 0% used [0x00000000e3680000,0x00000000e3680000,0x00000000e4300000)
 ParOldGen       total 52224K, used 19078K [0x00000000a0000000, 0x00000000a3300000, 0x00000000e0000000)
  object space 52224K, 36% used [0x00000000a0000000,0x00000000a12a1a60,0x00000000a3300000)
 Metaspace       used 39139K, capacity 39751K, committed 40240K, reserved 1085440K
  class space    used 4945K, capacity 5095K, committed 5168K, reserved 1048576K
}
Event: 30.489 GC heap before
{Heap before GC invocations=18 (full 3):
 PSYoungGen      total 67072K, used 64958K [0x00000000e0000000, 0x00000000e4f80000, 0x0000000100000000)
  eden space 55808K, 100% used [0x00000000e0000000,0x00000000e3680000,0x00000000e3680000)
  from space 11264K, 81% used [0x00000000e4480000,0x00000000e4d6fb98,0x00000000e4f80000)
  to   space 12800K, 0% used [0x00000000e3680000,0x00000000e3680000,0x00000000e4300000)
 ParOldGen       total 52224K, used 19078K [0x00000000a0000000, 0x00000000a3300000, 0x00000000e0000000)
  object space 52224K, 36% used [0x00000000a0000000,0x00000000a12a1a60,0x00000000a3300000)
 Metaspace       used 41521K, capacity 42145K, committed 42544K, reserved 1087488K
  class space    used 5155K, capacity 5334K, committed 5424K, reserved 1048576K
Event: 30.518 GC heap after
Heap after GC invocations=18 (full 3):
 PSYoungGen      total 68608K, used 12779K [0x00000000e0000000, 0x00000000e6f80000, 0x0000000100000000)
  eden space 55808K, 0% used [0x00000000e0000000,0x00000000e0000000,0x00000000e3680000)
  from space 12800K, 99% used [0x00000000e3680000,0x00000000e42fac70,0x00000000e4300000)
  to   space 16384K, 0% used [0x00000000e5f80000,0x00000000e5f80000,0x00000000e6f80000)
 ParOldGen       total 52224K, used 23731K [0x00000000a0000000, 0x00000000a3300000, 0x00000000e0000000)
  object space 52224K, 45% used [0x00000000a0000000,0x00000000a172cee0,0x00000000a3300000)
 Metaspace       used 41521K, capacity 42145K, committed 42544K, reserved 1087488K
  class space    used 5155K, capacity 5334K, committed 5424K, reserved 1048576K
}
Event: 32.234 GC heap before
{Heap before GC invocations=19 (full 3):
 PSYoungGen      total 68608K, used 68587K [0x00000000e0000000, 0x00000000e6f80000, 0x0000000100000000)
  eden space 55808K, 100% used [0x00000000e0000000,0x00000000e3680000,0x00000000e3680000)
  from space 12800K, 99% used [0x00000000e3680000,0x00000000e42fac70,0x00000000e4300000)
  to   space 16384K, 0% used [0x00000000e5f80000,0x00000000e5f80000,0x00000000e6f80000)
 ParOldGen       total 52224K, used 23731K [0x00000000a0000000, 0x00000000a3300000, 0x00000000e0000000)
  object space 52224K, 45% used [0x00000000a0000000,0x00000000a172cee0,0x00000000a3300000)
 Metaspace       used 45510K, capacity 46199K, committed 46640K, reserved 1089536K
  class space    used 5651K, capacity 5825K, committed 5936K, reserved 1048576K
Event: 32.282 GC heap after
Heap after GC invocations=19 (full 3):
 PSYoungGen      total 95744K, used 14919K [0x00000000e0000000, 0x00000000e7380000, 0x0000000100000000)
  eden space 79360K, 0% used [0x00000000e0000000,0x00000000e0000000,0x00000000e4d80000)
  from space 16384K, 91% used [0x00000000e5f80000,0x00000000e6e11ee8,0x00000000e6f80000)
  to   space 18432K, 0% used [0x00000000e4d80000,0x00000000e4d80000,0x00000000e5f80000)
 ParOldGen       total 52224K, used 33866K [0x00000000a0000000, 0x00000000a3300000, 0x00000000e0000000)
  object space 52224K, 64% used [0x00000000a0000000,0x00000000a21128b8,0x00000000a3300000)
 Metaspace       used 45510K, capacity 46199K, committed 46640K, reserved 1089536K
  class space    used 5651K, capacity 5825K, committed 5936K, reserved 1048576K
}

Deoptimization events (10 events):
Event: 34.431 Thread 0x0000000019b3d000 Uncommon trap: reason=bimorphic action=maybe_recompile pc=0x0000000004de3aa8 method=org.jetbrains.kotlin.gnu.trove.TIntObjectHashMap.insertionIndex(I)I @ 36
Event: 34.431 Thread 0x0000000019b3d000 Uncommon trap: reason=bimorphic action=maybe_recompile pc=0x0000000004de3aa8 method=org.jetbrains.kotlin.gnu.trove.TIntObjectHashMap.insertionIndex(I)I @ 36
Event: 34.431 Thread 0x0000000019b3d000 Uncommon trap: reason=bimorphic action=maybe_recompile pc=0x0000000004de3aa8 method=org.jetbrains.kotlin.gnu.trove.TIntObjectHashMap.insertionIndex(I)I @ 36
Event: 34.431 Thread 0x0000000019b3d000 Uncommon trap: reason=bimorphic action=maybe_recompile pc=0x0000000004de3aa8 method=org.jetbrains.kotlin.gnu.trove.TIntObjectHashMap.insertionIndex(I)I @ 36
Event: 34.431 Thread 0x0000000019b3d000 Uncommon trap: reason=bimorphic action=maybe_recompile pc=0x0000000004d3e2e4 method=org.jetbrains.kotlin.gnu.trove.TIntObjectHashMap.insertionIndex(I)I @ 36
Event: 34.433 Thread 0x0000000019b3d000 Uncommon trap: reason=class_check action=maybe_recompile pc=0x0000000005ad334c method=org.jetbrains.kotlin.com.intellij.util.WalkingState.next(Ljava/lang/Object;Ljava/lang/Object;Z)Ljava/lang/Object; @ 17
Event: 34.433 Thread 0x0000000019b3d000 Uncommon trap: reason=class_check action=maybe_recompile pc=0x0000000005661248 method=org.jetbrains.kotlin.com.intellij.util.WalkingState.next(Ljava/lang/Object;Ljava/lang/Object;Z)Ljava/lang/Object; @ 17
Event: 34.433 Thread 0x0000000019b3d000 Uncommon trap: reason=class_check action=maybe_recompile pc=0x0000000005661248 method=org.jetbrains.kotlin.com.intellij.util.WalkingState.next(Ljava/lang/Object;Ljava/lang/Object;Z)Ljava/lang/Object; @ 17
Event: 34.433 Thread 0x0000000019b3d000 Uncommon trap: reason=class_check action=maybe_recompile pc=0x0000000005661248 method=org.jetbrains.kotlin.com.intellij.util.WalkingState.next(Ljava/lang/Object;Ljava/lang/Object;Z)Ljava/lang/Object; @ 17
Event: 34.435 Thread 0x0000000019b3d000 Uncommon trap: reason=class_check action=maybe_recompile pc=0x0000000005ad334c method=org.jetbrains.kotlin.com.intellij.util.WalkingState.next(Ljava/lang/Object;Ljava/lang/Object;Z)Ljava/lang/Object; @ 17

Classes redefined (0 events):
No events

Internal exceptions (10 events):
Event: 31.545 Thread 0x0000000019b3d000 Exception <a 'java/lang/NoSuchMethodError': java.lang.Object.lambda$static$0(I)[Lorg/jetbrains/kotlin/com/intellij/psi/PsiMethod;> (0x00000000e2469c40) thrown at [D:\src\AOSP-openjdk-cygwin\jdk8u\hotspot\src\share\vm\interpreter\linkResolver.cpp, line 584
Event: 31.547 Thread 0x0000000019b3d000 Exception <a 'java/lang/NoSuchMethodError': java.lang.Object.lambda$static$0(I)[Lorg/jetbrains/kotlin/com/intellij/psi/PsiField;> (0x00000000e2475338) thrown at [D:\src\AOSP-openjdk-cygwin\jdk8u\hotspot\src\share\vm\interpreter\linkResolver.cpp, line 584]
Event: 31.578 Thread 0x0000000019b3d000 Exception <a 'java/lang/NoSuchMethodError': java.lang.Object.lambda$static$0(I)[Lorg/jetbrains/kotlin/com/intellij/psi/PsiJavaCodeReferenceElement;> (0x00000000e25652b8) thrown at [D:\src\AOSP-openjdk-cygwin\jdk8u\hotspot\src\share\vm\interpreter\linkReso
Event: 31.739 Thread 0x0000000019b3d000 Implicit null exception at 0x00000000048b69cc to 0x00000000048b6a81
Event: 32.750 Thread 0x0000000019b3d000 Implicit null exception at 0x0000000005681854 to 0x00000000056819bf
Event: 33.346 Thread 0x0000000019b3d000 Implicit null exception at 0x0000000004996255 to 0x0000000004996425
Event: 33.352 Thread 0x0000000019b3d000 Implicit null exception at 0x0000000004c25161 to 0x0000000004c2551d
Event: 33.352 Thread 0x0000000019b3d000 Implicit null exception at 0x0000000004c23766 to 0x0000000004c23ac5
Event: 33.352 Thread 0x0000000019b3d000 Implicit null exception at 0x0000000004c2408c to 0x0000000004c240f6
Event: 33.537 Thread 0x0000000019b3d000 Implicit null exception at 0x00000000056f525f to 0x00000000056f5bd9

Events (10 events):
Event: 34.433 Thread 0x0000000019b3d000 Uncommon trap: trap_request=0xffffffde fr.pc=0x0000000005661248
Event: 34.433 Thread 0x0000000019b3d000 DEOPT PACKING pc=0x0000000005661248 sp=0x000000001b63ac80
Event: 34.433 Thread 0x0000000019b3d000 DEOPT UNPACKING pc=0x000000000475557b sp=0x000000001b63ac30 mode 2
Event: 34.433 loading class org/jetbrains/kotlin/com/intellij/util/containers/ConcurrentSoftHashMap$SoftKey
Event: 34.433 loading class org/jetbrains/kotlin/com/intellij/util/containers/ConcurrentSoftHashMap$SoftKey done
Event: 34.435 Thread 0x0000000019b3d000 Uncommon trap: trap_request=0xffffffde fr.pc=0x0000000005ad334c
Event: 34.435 Thread 0x0000000019b3d000 DEOPT PACKING pc=0x0000000005ad334c sp=0x000000001b63ad20
Event: 34.435 Thread 0x0000000019b3d000 DEOPT UNPACKING pc=0x000000000475557b sp=0x000000001b63ac38 mode 2
Event: 34.592 Thread 0x0000000019b3d000 DEOPT PACKING pc=0x0000000004bd830c sp=0x000000001b63b1c0
Event: 34.592 Thread 0x0000000019b3d000 DEOPT UNPACKING pc=0x00000000047571d0 sp=0x000000001b63b038 mode 0


Dynamic libraries:
0x00007ff616780000 - 0x00007ff6167b1000 	C:\Program Files\Android\Android Studio\jre\jre\bin\java.exe
0x00007fff33470000 - 0x00007fff33650000 	C:\WINDOWS\SYSTEM32\ntdll.dll
0x00007fff30b30000 - 0x00007fff30bde000 	C:\WINDOWS\System32\KERNEL32.DLL
0x00007fff305a0000 - 0x00007fff30806000 	C:\WINDOWS\System32\KERNELBASE.dll
0x00007fff30940000 - 0x00007fff309e1000 	C:\WINDOWS\System32\ADVAPI32.dll
0x00007fff314c0000 - 0x00007fff3155d000 	C:\WINDOWS\System32\msvcrt.dll
0x00007fff31040000 - 0x00007fff3109b000 	C:\WINDOWS\System32\sechost.dll
0x00007fff33200000 - 0x00007fff3331f000 	C:\WINDOWS\System32\RPCRT4.dll
0x00007fff31290000 - 0x00007fff3141f000 	C:\WINDOWS\System32\USER32.dll
0x00007fff30580000 - 0x00007fff305a0000 	C:\WINDOWS\System32\win32u.dll
0x00007fff30a50000 - 0x00007fff30a78000 	C:\WINDOWS\System32\GDI32.dll
0x00007fff2f870000 - 0x00007fff2fa03000 	C:\WINDOWS\System32\gdi32full.dll
0x00007fff304e0000 - 0x00007fff3057b000 	C:\WINDOWS\System32\msvcp_win.dll
0x00007fff2fa10000 - 0x00007fff2fb06000 	C:\WINDOWS\System32\ucrtbase.dll
0x00007fff20100000 - 0x00007fff20369000 	C:\WINDOWS\WinSxS\amd64_microsoft.windows.common-controls_6595b64144ccf1df_6.0.16299.371_none_15c7d1789365a290\COMCTL32.dll
0x00007fff31560000 - 0x00007fff31868000 	C:\WINDOWS\System32\combase.dll
0x00007fff308c0000 - 0x00007fff30932000 	C:\WINDOWS\System32\bcryptPrimitives.dll
0x00007fff33400000 - 0x00007fff3342d000 	C:\WINDOWS\System32\IMM32.DLL
0x0000000062a50000 - 0x0000000062b22000 	C:\Program Files\Android\Android Studio\jre\jre\bin\msvcr100.dll
0x0000000062b30000 - 0x000000006336f000 	C:\Program Files\Android\Android Studio\jre\jre\bin\server\jvm.dll
0x00007fff311b0000 - 0x00007fff311b8000 	C:\WINDOWS\System32\PSAPI.DLL
0x00007fff2e370000 - 0x00007fff2e37a000 	C:\WINDOWS\SYSTEM32\VERSION.dll
0x00007fff2d320000 - 0x00007fff2d343000 	C:\WINDOWS\SYSTEM32\WINMM.dll
0x00007fff2e460000 - 0x00007fff2e469000 	C:\WINDOWS\SYSTEM32\WSOCK32.dll
0x00007fff31cf0000 - 0x00007fff31d5c000 	C:\WINDOWS\System32\WS2_32.dll
0x00007fff2d2f0000 - 0x00007fff2d31a000 	C:\WINDOWS\SYSTEM32\winmmbase.dll
0x00007fff30870000 - 0x00007fff308ba000 	C:\WINDOWS\System32\cfgmgr32.dll
0x00007fff2e450000 - 0x00007fff2e45f000 	C:\Program Files\Android\Android Studio\jre\jre\bin\verify.dll
0x00007fff2e420000 - 0x00007fff2e449000 	C:\Program Files\Android\Android Studio\jre\jre\bin\java.dll
0x00007fff2d3e0000 - 0x00007fff2d3f6000 	C:\Program Files\Android\Android Studio\jre\jre\bin\zip.dll
0x00007fff31dc0000 - 0x00007fff331f6000 	C:\WINDOWS\System32\SHELL32.dll
0x00007fff30a80000 - 0x00007fff30b26000 	C:\WINDOWS\System32\shcore.dll
0x00007fff2fb10000 - 0x00007fff30257000 	C:\WINDOWS\System32\windows.storage.dll
0x00007fff31d60000 - 0x00007fff31db1000 	C:\WINDOWS\System32\shlwapi.dll
0x00007fff2f7c0000 - 0x00007fff2f7d1000 	C:\WINDOWS\System32\kernel.appcore.dll
0x00007fff2f820000 - 0x00007fff2f86c000 	C:\WINDOWS\System32\powrprof.dll
0x00007fff2f800000 - 0x00007fff2f81b000 	C:\WINDOWS\System32\profapi.dll
0x00007fff2e410000 - 0x00007fff2e41d000 	C:\Program Files\Android\Android Studio\jre\jre\bin\management.dll
0x00007fff2c380000 - 0x00007fff2c39a000 	C:\Program Files\Android\Android Studio\jre\jre\bin\net.dll
0x00007fff2eff0000 - 0x00007fff2f056000 	C:\WINDOWS\system32\mswsock.dll
0x00007fff2c330000 - 0x00007fff2c341000 	C:\Program Files\Android\Android Studio\jre\jre\bin\nio.dll
0x00007fff2f1c0000 - 0x00007fff2f1d7000 	C:\WINDOWS\SYSTEM32\CRYPTSP.dll
0x00007fff2ebf0000 - 0x00007fff2ec23000 	C:\WINDOWS\system32\rsaenh.dll
0x00007fff2f2c0000 - 0x00007fff2f2e5000 	C:\WINDOWS\SYSTEM32\bcrypt.dll
0x00007fff2f6f0000 - 0x00007fff2f719000 	C:\WINDOWS\SYSTEM32\USERENV.dll
0x00007fff2f1b0000 - 0x00007fff2f1bb000 	C:\WINDOWS\SYSTEM32\CRYPTBASE.dll
0x00007fff2ed80000 - 0x00007fff2edb9000 	C:\WINDOWS\SYSTEM32\IPHLPAPI.DLL
0x00007fff33430000 - 0x00007fff33438000 	C:\WINDOWS\System32\NSI.dll
0x00007fff2a2e0000 - 0x00007fff2a2f6000 	C:\WINDOWS\SYSTEM32\dhcpcsvc6.DLL
0x00007fff2a6c0000 - 0x00007fff2a6da000 	C:\WINDOWS\SYSTEM32\dhcpcsvc.DLL

VM Arguments:
jvm_args: -Djava.awt.headless=true -Djava.rmi.server.hostname=localhost -Xmx1536m -Dkotlin.environment.keepalive 
java_command: org.jetbrains.kotlin.daemon.KotlinCompileDaemon --daemon-runFilesPath C:\Users\Kent\AppData\Local\kotlin\daemon --daemon-autoshutdownIdleSeconds=7200 --daemon-compilerClasspath C:\Users\Kent\.gradle\caches\modules-2\files-2.1\org.jetbrains.kotlin\kotlin-compiler-embeddable\1.2.30\9b3f10d4717b9ac238b287e9b6eb2b4eadd8e870\kotlin-compiler-embeddable-1.2.30.jar;C:\Users\Kent\.gradle\caches\modules-2\files-2.1\org.jetbrains.kotlin\kotlin-stdlib\1.2.30\2dfac33f8b4e92c9dd1422cd286834701a6f6d6\kotlin-stdlib-1.2.30.jar;C:\Users\Kent\.gradle\caches\modules-2\files-2.1\org.jetbrains.kotlin\kotlin-script-runtime\1.2.30\37ee7531a636e99b639f8b1544cdda27d0ee30b0\kotlin-script-runtime-1.2.30.jar;C:\Users\Kent\.gradle\caches\modules-2\files-2.1\org.jetbrains.kotlin\kotlin-reflect\1.2.30\9758025a415ee400e1f90ff222bcfec247779133\kotlin-reflect-1.2.30.jar;C:\Program Files\Android\Android Studio\jre\lib\tools.jar
java_class_path (initial): C:\Users\Kent\.gradle\caches\modules-2\files-2.1\org.jetbrains.kotlin\kotlin-compiler-embeddable\1.2.30\9b3f10d4717b9ac238b287e9b6eb2b4eadd8e870\kotlin-compiler-embeddable-1.2.30.jar;C:\Users\Kent\.gradle\caches\modules-2\files-2.1\org.jetbrains.kotlin\kotlin-stdlib\1.2.30\2dfac33f8b4e92c9dd1422cd286834701a6f6d6\kotlin-stdlib-1.2.30.jar;C:\Users\Kent\.gradle\caches\modules-2\files-2.1\org.jetbrains.kotlin\kotlin-script-runtime\1.2.30\37ee7531a636e99b639f8b1544cdda27d0ee30b0\kotlin-script-runtime-1.2.30.jar;C:\Users\Kent\.gradle\caches\modules-2\files-2.1\org.jetbrains.kotlin\kotlin-reflect\1.2.30\9758025a415ee400e1f90ff222bcfec247779133\kotlin-reflect-1.2.30.jar;C:\Program Files\Android\Android Studio\jre\lib\tools.jar
Launcher Type: SUN_STANDARD

Environment Variables:
PATH=C:\WINDOWS\system32;C:\WINDOWS;C:\WINDOWS\System32\Wbem;C:\WINDOWS\System32\WindowsPowerShell\v1.0\;C:\Program Files\Git\cmd;C:\Users\Kent\AppData\Local\Microsoft\WindowsApps;
USERNAME=Kent
OS=Windows_NT
PROCESSOR_IDENTIFIER=Intel64 Family 6 Model 37 Stepping 5, GenuineIntel



---------------  S Y S T E M  ---------------

OS: Windows 10.0 , 64 bit Build 16299 (10.0.16299.15)

CPU:total 4 (initial active 4) (2 cores per cpu, 2 threads per core) family 6 model 37 stepping 5, cmov, cx8, fxsr, mmx, sse, sse2, sse3, ssse3, sse4.1, sse4.2, popcnt, ht, tsc, tscinvbit

Memory: 4k page, physical 3848288k(473156k free), swap 5246048k(6464k free)

vm_info: OpenJDK 64-Bit Server VM (25.152-b02) for windows-amd64 JRE (1.8.0_152-release-1024-b02), built by "builder" with MS VC++ 10.0 (VS2010)

time: Fri May 04 22:40:25 2018
elapsed time: 34 seconds (0d 0h 0m 34s)

